08/17/2023 10:53:16 AM SimcppGenerator: b"Can't load data model 'pointcloudlidarmodel' for module 'Physics Based Point Cloud Lidar', its version (5) is higher than the internal version (3)."
08/17/2023 10:54:11 AM ObjectsSensorsParser: b"Object 'Audi_A3_1' has no Amesim Dynamics configured"
08/17/2023 10:54:11 AM ObjectsSensorsParser: b"WorldObject 'Audi_A3_1' has no active trajectory"
08/17/2023 10:54:11 AM ObjectsSensorsParser: b"Object 'Audi_A3_2' has no Amesim Dynamics configured"
08/17/2023 10:54:11 AM ObjectsSensorsParser: b"WorldObject 'Audi_A3_2' has no active trajectory"
08/17/2023 10:54:11 AM ObjectsSensorsParser: b"Object 'Building_07A_1' has no Amesim Dynamics configured"
08/17/2023 10:54:11 AM ObjectsSensorsParser: b"WorldObject 'Building_07A_1' has no active trajectory"
08/17/2023 10:54:11 AM ObjectsSensorsParser: b"Object 'Building_07A_2' has no Amesim Dynamics configured"
08/17/2023 10:54:11 AM ObjectsSensorsParser: b"WorldObject 'Building_07A_2' has no active trajectory"
08/17/2023 10:54:11 AM ObjectsSensorsParser: b"Object 'Building_07A_3' has no Amesim Dynamics configured"
08/17/2023 10:54:11 AM ObjectsSensorsParser: b"WorldObject 'Building_07A_3' has no active trajectory"
08/17/2023 10:54:11 AM ObjectsSensorsParser: b"Object 'Building_07A_4' has no Amesim Dynamics configured"
08/17/2023 10:54:11 AM ObjectsSensorsParser: b"WorldObject 'Building_07A_4' has no active trajectory"
08/17/2023 10:54:11 AM ObjectsSensorsParser: b"Object 'Audi_A3_3' has no Amesim Dynamics configured"
08/17/2023 10:54:11 AM ObjectsSensorsParser: b"WorldObject 'Audi_A3_3' has no active trajectory"
08/17/2023 10:54:11 AM ObjectsSensorsParser: b"Object 'Skywell_1' has no Amesim Dynamics configured"
08/17/2023 10:54:11 AM ObjectsSensorsParser: b"WorldObject 'Skywell_1' has no active trajectory"
08/17/2023 10:54:11 AM ObjectsSensorsParser: b"Object 'OfficeBrownTall1_1' has no Amesim Dynamics configured"
08/17/2023 10:54:11 AM ObjectsSensorsParser: b"WorldObject 'OfficeBrownTall1_1' has no active trajectory"
08/17/2023 10:54:11 AM ObjectsSensorsParser: b"Object 'Grass_1' has no Amesim Dynamics configured"
08/17/2023 10:54:11 AM ObjectsSensorsParser: b"WorldObject 'Grass_1' has no active trajectory"
08/17/2023 11:41:17 AM ObjectsSensorsParser: b"Object 'Audi_A3_1' has no Amesim Dynamics configured"
08/17/2023 11:41:17 AM ObjectsSensorsParser: b"WorldObject 'Audi_A3_1' has no active trajectory"
08/17/2023 11:41:17 AM ObjectsSensorsParser: b"Object 'Audi_A3_2' has no Amesim Dynamics configured"
08/17/2023 11:41:17 AM ObjectsSensorsParser: b"WorldObject 'Audi_A3_2' has no active trajectory"
08/17/2023 11:41:17 AM ObjectsSensorsParser: b"Object 'Building_07A_1' has no Amesim Dynamics configured"
08/17/2023 11:41:17 AM ObjectsSensorsParser: b"WorldObject 'Building_07A_1' has no active trajectory"
08/17/2023 11:41:17 AM ObjectsSensorsParser: b"Object 'Building_07A_2' has no Amesim Dynamics configured"
08/17/2023 11:41:17 AM ObjectsSensorsParser: b"WorldObject 'Building_07A_2' has no active trajectory"
08/17/2023 11:41:17 AM ObjectsSensorsParser: b"Object 'Building_07A_3' has no Amesim Dynamics configured"
08/17/2023 11:41:17 AM ObjectsSensorsParser: b"WorldObject 'Building_07A_3' has no active trajectory"
08/17/2023 11:41:17 AM ObjectsSensorsParser: b"Object 'Building_07A_4' has no Amesim Dynamics configured"
08/17/2023 11:41:17 AM ObjectsSensorsParser: b"WorldObject 'Building_07A_4' has no active trajectory"
08/17/2023 11:41:17 AM ObjectsSensorsParser: b"Object 'Audi_A3_3' has no Amesim Dynamics configured"
08/17/2023 11:41:17 AM ObjectsSensorsParser: b"WorldObject 'Audi_A3_3' has no active trajectory"
08/17/2023 11:41:17 AM ObjectsSensorsParser: b"Object 'Skywell_1' has no Amesim Dynamics configured"
08/17/2023 11:41:17 AM ObjectsSensorsParser: b"WorldObject 'Skywell_1' has no active trajectory"
08/17/2023 11:41:17 AM ObjectsSensorsParser: b"Object 'OfficeBrownTall1_1' has no Amesim Dynamics configured"
08/17/2023 11:41:17 AM ObjectsSensorsParser: b"WorldObject 'OfficeBrownTall1_1' has no active trajectory"
08/17/2023 11:41:17 AM ObjectsSensorsParser: b"Object 'Grass_1' has no Amesim Dynamics configured"
08/17/2023 11:41:17 AM ObjectsSensorsParser: b"WorldObject 'Grass_1' has no active trajectory"
08/17/2023 02:31:56 PM ObjectsSensorsParser: b"WorldObject 'DAF_95_XF' has no active trajectory"
08/17/2023 02:31:56 PM ObjectsSensorsParser: b"Object 'MercedesBenz' has no Amesim Dynamics configured"
08/17/2023 02:31:56 PM ObjectsSensorsParser: b"Object 'Audi_A3_1' has no Amesim Dynamics configured"
08/17/2023 02:31:56 PM ObjectsSensorsParser: b"WorldObject 'Audi_A3_1' has no active trajectory"
08/17/2023 02:31:56 PM ObjectsSensorsParser: b"Object 'Skywell_1' has no Amesim Dynamics configured"
08/17/2023 02:31:56 PM ObjectsSensorsParser: b"WorldObject 'Skywell_1' has no active trajectory"
08/17/2023 02:31:56 PM ObjectsSensorsParser: b"Object 'Audi_A3_2' has no Amesim Dynamics configured"
08/17/2023 02:31:56 PM ObjectsSensorsParser: b"WorldObject 'Audi_A3_2' has no active trajectory"
08/17/2023 02:37:09 PM ObjectsSensorsParser: b"WorldObject 'DAF_95_XF' has no active trajectory"
08/17/2023 02:37:09 PM ObjectsSensorsParser: b"Object 'MercedesBenz' has no Amesim Dynamics configured"
08/17/2023 02:37:09 PM ObjectsSensorsParser: b"Object 'Audi_A3_1' has no Amesim Dynamics configured"
08/17/2023 02:37:09 PM ObjectsSensorsParser: b"WorldObject 'Audi_A3_1' has no active trajectory"
08/17/2023 02:37:09 PM ObjectsSensorsParser: b"Object 'Skywell_1' has no Amesim Dynamics configured"
08/17/2023 02:37:09 PM ObjectsSensorsParser: b"WorldObject 'Skywell_1' has no active trajectory"
08/17/2023 02:37:09 PM ObjectsSensorsParser: b"Object 'Audi_A3_2' has no Amesim Dynamics configured"
08/17/2023 02:37:09 PM ObjectsSensorsParser: b"WorldObject 'Audi_A3_2' has no active trajectory"
08/17/2023 02:37:47 PM ObjectsSensorsParser: b"WorldObject 'DAF_95_XF' has no active trajectory"
08/17/2023 02:37:47 PM ObjectsSensorsParser: b"Object 'MercedesBenz' has no Amesim Dynamics configured"
08/17/2023 02:37:47 PM ObjectsSensorsParser: b"Object 'Audi_A3_1' has no Amesim Dynamics configured"
08/17/2023 02:37:47 PM ObjectsSensorsParser: b"WorldObject 'Audi_A3_1' has no active trajectory"
08/17/2023 02:37:47 PM ObjectsSensorsParser: b"Object 'Skywell_1' has no Amesim Dynamics configured"
08/17/2023 02:37:47 PM ObjectsSensorsParser: b"WorldObject 'Skywell_1' has no active trajectory"
08/17/2023 02:37:47 PM ObjectsSensorsParser: b"Object 'Audi_A3_2' has no Amesim Dynamics configured"
08/17/2023 02:37:47 PM ObjectsSensorsParser: b"WorldObject 'Audi_A3_2' has no active trajectory"
08/17/2023 02:39:25 PM ObjectsSensorsParser: b"WorldObject 'DAF_95_XF' has no active trajectory"
08/17/2023 02:39:25 PM ObjectsSensorsParser: b"Object 'MercedesBenz' has no Amesim Dynamics configured"
08/17/2023 02:39:25 PM ObjectsSensorsParser: b"Object 'Audi_A3_1' has no Amesim Dynamics configured"
08/17/2023 02:39:25 PM ObjectsSensorsParser: b"WorldObject 'Audi_A3_1' has no active trajectory"
08/17/2023 02:39:25 PM ObjectsSensorsParser: b"Object 'Skywell_1' has no Amesim Dynamics configured"
08/17/2023 02:39:25 PM ObjectsSensorsParser: b"WorldObject 'Skywell_1' has no active trajectory"
08/17/2023 02:39:25 PM ObjectsSensorsParser: b"Object 'Audi_A3_2' has no Amesim Dynamics configured"
08/17/2023 02:39:25 PM ObjectsSensorsParser: b"WorldObject 'Audi_A3_2' has no active trajectory"
08/17/2023 02:40:06 PM ObjectsSensorsParser: b"WorldObject 'DAF_95_XF' has no active trajectory"
08/17/2023 02:40:06 PM ObjectsSensorsParser: b"Object 'MercedesBenz' has no Amesim Dynamics configured"
08/17/2023 02:40:06 PM ObjectsSensorsParser: b"Object 'Audi_A3_1' has no Amesim Dynamics configured"
08/17/2023 02:40:06 PM ObjectsSensorsParser: b"WorldObject 'Audi_A3_1' has no active trajectory"
08/17/2023 02:40:06 PM ObjectsSensorsParser: b"Object 'Skywell_1' has no Amesim Dynamics configured"
08/17/2023 02:40:06 PM ObjectsSensorsParser: b"WorldObject 'Skywell_1' has no active trajectory"
08/17/2023 02:40:06 PM ObjectsSensorsParser: b"Object 'Audi_A3_2' has no Amesim Dynamics configured"
08/17/2023 02:40:06 PM ObjectsSensorsParser: b"WorldObject 'Audi_A3_2' has no active trajectory"
08/17/2023 02:40:37 PM ObjectsSensorsParser: b"WorldObject 'DAF_95_XF' has no active trajectory"
08/17/2023 02:40:37 PM ObjectsSensorsParser: b"Object 'MercedesBenz' has no Amesim Dynamics configured"
08/17/2023 02:40:37 PM ObjectsSensorsParser: b"Object 'Audi_A3_1' has no Amesim Dynamics configured"
08/17/2023 02:40:37 PM ObjectsSensorsParser: b"WorldObject 'Audi_A3_1' has no active trajectory"
08/17/2023 02:40:37 PM ObjectsSensorsParser: b"Object 'Skywell_1' has no Amesim Dynamics configured"
08/17/2023 02:40:37 PM ObjectsSensorsParser: b"WorldObject 'Skywell_1' has no active trajectory"
08/17/2023 02:40:37 PM ObjectsSensorsParser: b"Object 'Audi_A3_2' has no Amesim Dynamics configured"
08/17/2023 02:40:37 PM ObjectsSensorsParser: b"WorldObject 'Audi_A3_2' has no active trajectory"
08/17/2023 02:40:53 PM ObjectsSensorsParser: b"WorldObject 'DAF_95_XF' has no active trajectory"
08/17/2023 02:40:53 PM ObjectsSensorsParser: b"Object 'MercedesBenz' has no Amesim Dynamics configured"
08/17/2023 02:40:53 PM ObjectsSensorsParser: b"Object 'Audi_A3_1' has no Amesim Dynamics configured"
08/17/2023 02:40:53 PM ObjectsSensorsParser: b"WorldObject 'Audi_A3_1' has no active trajectory"
08/17/2023 02:40:53 PM ObjectsSensorsParser: b"Object 'Skywell_1' has no Amesim Dynamics configured"
08/17/2023 02:40:53 PM ObjectsSensorsParser: b"WorldObject 'Skywell_1' has no active trajectory"
08/17/2023 02:40:53 PM ObjectsSensorsParser: b"Object 'Audi_A3_2' has no Amesim Dynamics configured"
08/17/2023 02:40:53 PM ObjectsSensorsParser: b"WorldObject 'Audi_A3_2' has no active trajectory"
08/17/2023 02:44:17 PM ObjectsSensorsParser: b"WorldObject 'DAF_95_XF' has no active trajectory"
08/17/2023 02:44:17 PM ObjectsSensorsParser: b"Object 'MercedesBenz' has no Amesim Dynamics configured"
08/17/2023 02:44:17 PM ObjectsSensorsParser: b"Object 'Audi_A3_1' has no Amesim Dynamics configured"
08/17/2023 02:44:17 PM ObjectsSensorsParser: b"WorldObject 'Audi_A3_1' has no active trajectory"
08/17/2023 02:44:17 PM ObjectsSensorsParser: b"Object 'Skywell_1' has no Amesim Dynamics configured"
08/17/2023 02:44:17 PM ObjectsSensorsParser: b"WorldObject 'Skywell_1' has no active trajectory"
08/17/2023 02:44:17 PM ObjectsSensorsParser: b"Object 'Audi_A3_2' has no Amesim Dynamics configured"
08/17/2023 02:44:17 PM ObjectsSensorsParser: b"WorldObject 'Audi_A3_2' has no active trajectory"
