07/23/2023 02:03:05 PM ObjectsSensorsParser: b"WorldObject 'DAF_95_XF' has no active trajectory"
07/23/2023 02:03:05 PM ObjectsSensorsParser: b"Object 'MercedesBenz' has no Amesim Dynamics configured"
07/23/2023 02:03:05 PM ObjectsSensorsParser: b"Object 'Audi_A3_1' has no Amesim Dynamics configured"
07/23/2023 02:03:05 PM ObjectsSensorsParser: b"WorldObject 'Audi_A3_1' has no active trajectory"
07/23/2023 02:03:05 PM ObjectsSensorsParser: b"Object 'Skywell_1' has no Amesim Dynamics configured"
07/23/2023 02:03:05 PM ObjectsSensorsParser: b"WorldObject 'Skywell_1' has no active trajectory"
07/23/2023 02:07:53 PM ObjectsSensorsParser: b"WorldObject 'DAF_95_XF' has no active trajectory"
07/23/2023 02:07:53 PM ObjectsSensorsParser: b"Object 'MercedesBenz' has no Amesim Dynamics configured"
07/23/2023 02:07:53 PM ObjectsSensorsParser: b"Object 'Audi_A3_1' has no Amesim Dynamics configured"
07/23/2023 02:07:53 PM ObjectsSensorsParser: b"WorldObject 'Audi_A3_1' has no active trajectory"
07/23/2023 02:07:53 PM ObjectsSensorsParser: b"Object 'Skywell_1' has no Amesim Dynamics configured"
07/23/2023 02:07:53 PM ObjectsSensorsParser: b"WorldObject 'Skywell_1' has no active trajectory"
07/23/2023 02:22:21 PM ObjectsSensorsParser: b"WorldObject 'DAF_95_XF' has no active trajectory"
07/23/2023 02:22:21 PM ObjectsSensorsParser: b"Object 'MercedesBenz' has no Amesim Dynamics configured"
07/23/2023 02:22:21 PM ObjectsSensorsParser: b"Object 'Audi_A3_1' has no Amesim Dynamics configured"
07/23/2023 02:22:21 PM ObjectsSensorsParser: b"WorldObject 'Audi_A3_1' has no active trajectory"
07/23/2023 02:22:21 PM ObjectsSensorsParser: b"Object 'Skywell_1' has no Amesim Dynamics configured"
07/23/2023 02:22:21 PM ObjectsSensorsParser: b"WorldObject 'Skywell_1' has no active trajectory"
07/23/2023 02:28:59 PM ObjectsSensorsParser: b"WorldObject 'DAF_95_XF' has no active trajectory"
07/23/2023 02:28:59 PM ObjectsSensorsParser: b"Object 'MercedesBenz' has no Amesim Dynamics configured"
07/23/2023 02:28:59 PM ObjectsSensorsParser: b"Object 'Audi_A3_1' has no Amesim Dynamics configured"
07/23/2023 02:28:59 PM ObjectsSensorsParser: b"WorldObject 'Audi_A3_1' has no active trajectory"
07/23/2023 02:28:59 PM ObjectsSensorsParser: b"Object 'Skywell_1' has no Amesim Dynamics configured"
07/23/2023 02:28:59 PM ObjectsSensorsParser: b"WorldObject 'Skywell_1' has no active trajectory"
