09/01/2023 12:07:35 PM ObjectsSensorsParser: b"Object 'Audi_A3_1' has no Amesim Dynamics configured"
09/01/2023 12:07:35 PM ObjectsSensorsParser: b"Object 'Audi_A3_2' has no Amesim Dynamics configured"
09/01/2023 12:07:35 PM ObjectsSensorsParser: b"WorldObject 'Audi_A3_2' has no active trajectory"
09/01/2023 12:07:35 PM ObjectsSensorsParser: b"Object 'Citroen_C3_Hatchback_1' has no Amesim Dynamics configured"
09/01/2023 12:07:35 PM ObjectsSensorsParser: b"WorldObject 'Citroen_C3_Hatchback_1' has no active trajectory"
09/01/2023 12:07:35 PM ObjectsSensorsParser: b"Object 'Box_1' has no Amesim Dynamics configured"
09/01/2023 12:07:35 PM ObjectsSensorsParser: b"WorldObject 'Box_1' has no active trajectory"
09/01/2023 12:07:35 PM ObjectsSensorsParser: b"Object 'Citroen_C3_Hatchback_2' has no Amesim Dynamics configured"
09/01/2023 12:07:35 PM ObjectsSensorsParser: b"WorldObject 'Citroen_C3_Hatchback_2' has no active trajectory"
09/01/2023 12:07:35 PM ObjectsSensorsParser: b"Object 'Citroen_C3_Hatchback_3' has no Amesim Dynamics configured"
09/01/2023 12:07:35 PM ObjectsSensorsParser: b"WorldObject 'Citroen_C3_Hatchback_3' has no active trajectory"
09/01/2023 12:07:35 PM ObjectsSensorsParser: b"Object 'Citroen_C3_Hatchback_4' has no Amesim Dynamics configured"
09/01/2023 12:07:35 PM ObjectsSensorsParser: b"WorldObject 'Citroen_C3_Hatchback_4' has no active trajectory"
09/01/2023 05:16:33 PM ObjectsSensorsParser: b"Object 'Audi_A3_1' has no Amesim Dynamics configured"
09/01/2023 05:16:33 PM ObjectsSensorsParser: b"Object 'Audi_A3_2' has no Amesim Dynamics configured"
09/01/2023 05:16:33 PM ObjectsSensorsParser: b"WorldObject 'Audi_A3_2' has no active trajectory"
09/01/2023 05:16:33 PM ObjectsSensorsParser: b"Object 'Citroen_C3_Hatchback_1' has no Amesim Dynamics configured"
09/01/2023 05:16:33 PM ObjectsSensorsParser: b"WorldObject 'Citroen_C3_Hatchback_1' has no active trajectory"
09/01/2023 05:16:33 PM ObjectsSensorsParser: b"Object 'Box_1' has no Amesim Dynamics configured"
09/01/2023 05:16:33 PM ObjectsSensorsParser: b"WorldObject 'Box_1' has no active trajectory"
09/01/2023 05:16:33 PM ObjectsSensorsParser: b"Object 'Citroen_C3_Hatchback_2' has no Amesim Dynamics configured"
09/01/2023 05:16:33 PM ObjectsSensorsParser: b"WorldObject 'Citroen_C3_Hatchback_2' has no active trajectory"
09/01/2023 05:16:33 PM ObjectsSensorsParser: b"Object 'Citroen_C3_Hatchback_3' has no Amesim Dynamics configured"
09/01/2023 05:16:33 PM ObjectsSensorsParser: b"WorldObject 'Citroen_C3_Hatchback_3' has no active trajectory"
09/01/2023 05:16:33 PM ObjectsSensorsParser: b"Object 'Citroen_C3_Hatchback_4' has no Amesim Dynamics configured"
09/01/2023 05:16:33 PM ObjectsSensorsParser: b"WorldObject 'Citroen_C3_Hatchback_4' has no active trajectory"
09/01/2023 05:16:36 PM ObjectsSensorsParser: b"Object 'Audi_A3_1' has no Amesim Dynamics configured"
09/01/2023 05:16:36 PM ObjectsSensorsParser: b"Object 'Audi_A3_2' has no Amesim Dynamics configured"
09/01/2023 05:16:36 PM ObjectsSensorsParser: b"WorldObject 'Audi_A3_2' has no active trajectory"
09/01/2023 05:16:36 PM ObjectsSensorsParser: b"Object 'Citroen_C3_Hatchback_1' has no Amesim Dynamics configured"
09/01/2023 05:16:36 PM ObjectsSensorsParser: b"WorldObject 'Citroen_C3_Hatchback_1' has no active trajectory"
09/01/2023 05:16:36 PM ObjectsSensorsParser: b"Object 'Box_1' has no Amesim Dynamics configured"
09/01/2023 05:16:36 PM ObjectsSensorsParser: b"WorldObject 'Box_1' has no active trajectory"
09/01/2023 05:16:36 PM ObjectsSensorsParser: b"Object 'Citroen_C3_Hatchback_2' has no Amesim Dynamics configured"
09/01/2023 05:16:36 PM ObjectsSensorsParser: b"WorldObject 'Citroen_C3_Hatchback_2' has no active trajectory"
09/01/2023 05:16:36 PM ObjectsSensorsParser: b"Object 'Citroen_C3_Hatchback_3' has no Amesim Dynamics configured"
09/01/2023 05:16:36 PM ObjectsSensorsParser: b"WorldObject 'Citroen_C3_Hatchback_3' has no active trajectory"
09/01/2023 05:16:36 PM ObjectsSensorsParser: b"Object 'Citroen_C3_Hatchback_4' has no Amesim Dynamics configured"
09/01/2023 05:16:36 PM ObjectsSensorsParser: b"WorldObject 'Citroen_C3_Hatchback_4' has no active trajectory"
09/01/2023 07:02:03 PM ObjectsSensorsParser: b"Object 'Audi_A3_1' has no Amesim Dynamics configured"
09/01/2023 07:02:03 PM ObjectsSensorsParser: b"Object 'Audi_A3_2' has no Amesim Dynamics configured"
09/01/2023 07:02:03 PM ObjectsSensorsParser: b"WorldObject 'Audi_A3_2' has no active trajectory"
09/01/2023 07:02:03 PM ObjectsSensorsParser: b"Object 'Citroen_C3_Hatchback_1' has no Amesim Dynamics configured"
09/01/2023 07:02:03 PM ObjectsSensorsParser: b"WorldObject 'Citroen_C3_Hatchback_1' has no active trajectory"
09/01/2023 07:02:03 PM ObjectsSensorsParser: b"Object 'Box_1' has no Amesim Dynamics configured"
09/01/2023 07:02:03 PM ObjectsSensorsParser: b"WorldObject 'Box_1' has no active trajectory"
09/01/2023 07:02:03 PM ObjectsSensorsParser: b"Object 'Citroen_C3_Hatchback_2' has no Amesim Dynamics configured"
09/01/2023 07:02:03 PM ObjectsSensorsParser: b"WorldObject 'Citroen_C3_Hatchback_2' has no active trajectory"
09/01/2023 07:02:03 PM ObjectsSensorsParser: b"Object 'Citroen_C3_Hatchback_3' has no Amesim Dynamics configured"
09/01/2023 07:02:03 PM ObjectsSensorsParser: b"WorldObject 'Citroen_C3_Hatchback_3' has no active trajectory"
09/01/2023 07:02:03 PM ObjectsSensorsParser: b"Object 'Citroen_C3_Hatchback_4' has no Amesim Dynamics configured"
09/01/2023 07:02:03 PM ObjectsSensorsParser: b"WorldObject 'Citroen_C3_Hatchback_4' has no active trajectory"
09/01/2023 07:06:25 PM ObjectsSensorsParser: b"Object 'Audi_A3_1' has no Amesim Dynamics configured"
09/01/2023 07:06:25 PM ObjectsSensorsParser: b"Object 'Audi_A3_2' has no Amesim Dynamics configured"
09/01/2023 07:06:25 PM ObjectsSensorsParser: b"WorldObject 'Audi_A3_2' has no active trajectory"
09/01/2023 07:06:25 PM ObjectsSensorsParser: b"Object 'Citroen_C3_Hatchback_1' has no Amesim Dynamics configured"
09/01/2023 07:06:25 PM ObjectsSensorsParser: b"WorldObject 'Citroen_C3_Hatchback_1' has no active trajectory"
09/01/2023 07:06:25 PM ObjectsSensorsParser: b"Object 'Box_1' has no Amesim Dynamics configured"
09/01/2023 07:06:25 PM ObjectsSensorsParser: b"WorldObject 'Box_1' has no active trajectory"
09/01/2023 07:06:25 PM ObjectsSensorsParser: b"Object 'Citroen_C3_Hatchback_2' has no Amesim Dynamics configured"
09/01/2023 07:06:25 PM ObjectsSensorsParser: b"WorldObject 'Citroen_C3_Hatchback_2' has no active trajectory"
09/01/2023 07:06:25 PM ObjectsSensorsParser: b"Object 'Citroen_C3_Hatchback_3' has no Amesim Dynamics configured"
09/01/2023 07:06:25 PM ObjectsSensorsParser: b"WorldObject 'Citroen_C3_Hatchback_3' has no active trajectory"
09/01/2023 07:06:25 PM ObjectsSensorsParser: b"Object 'Citroen_C3_Hatchback_4' has no Amesim Dynamics configured"
09/01/2023 07:06:25 PM ObjectsSensorsParser: b"WorldObject 'Citroen_C3_Hatchback_4' has no active trajectory"
09/01/2023 07:08:01 PM ObjectsSensorsParser: b"Object 'Audi_A3_1' has no Amesim Dynamics configured"
09/01/2023 07:08:01 PM ObjectsSensorsParser: b"Object 'Audi_A3_2' has no Amesim Dynamics configured"
09/01/2023 07:08:01 PM ObjectsSensorsParser: b"WorldObject 'Audi_A3_2' has no active trajectory"
09/01/2023 07:08:01 PM ObjectsSensorsParser: b"Object 'Citroen_C3_Hatchback_1' has no Amesim Dynamics configured"
09/01/2023 07:08:01 PM ObjectsSensorsParser: b"WorldObject 'Citroen_C3_Hatchback_1' has no active trajectory"
09/01/2023 07:08:01 PM ObjectsSensorsParser: b"Object 'Box_1' has no Amesim Dynamics configured"
09/01/2023 07:08:01 PM ObjectsSensorsParser: b"WorldObject 'Box_1' has no active trajectory"
09/01/2023 07:08:01 PM ObjectsSensorsParser: b"Object 'Citroen_C3_Hatchback_2' has no Amesim Dynamics configured"
09/01/2023 07:08:01 PM ObjectsSensorsParser: b"WorldObject 'Citroen_C3_Hatchback_2' has no active trajectory"
09/01/2023 07:08:01 PM ObjectsSensorsParser: b"Object 'Citroen_C3_Hatchback_3' has no Amesim Dynamics configured"
09/01/2023 07:08:01 PM ObjectsSensorsParser: b"WorldObject 'Citroen_C3_Hatchback_3' has no active trajectory"
09/01/2023 07:08:01 PM ObjectsSensorsParser: b"Object 'Citroen_C3_Hatchback_4' has no Amesim Dynamics configured"
09/01/2023 07:08:01 PM ObjectsSensorsParser: b"WorldObject 'Citroen_C3_Hatchback_4' has no active trajectory"
09/01/2023 07:08:37 PM ObjectsSensorsParser: b"Object 'Audi_A3_1' has no Amesim Dynamics configured"
09/01/2023 07:08:37 PM ObjectsSensorsParser: b"Object 'Audi_A3_2' has no Amesim Dynamics configured"
09/01/2023 07:08:37 PM ObjectsSensorsParser: b"WorldObject 'Audi_A3_2' has no active trajectory"
09/01/2023 07:08:37 PM ObjectsSensorsParser: b"Object 'Citroen_C3_Hatchback_1' has no Amesim Dynamics configured"
09/01/2023 07:08:37 PM ObjectsSensorsParser: b"WorldObject 'Citroen_C3_Hatchback_1' has no active trajectory"
09/01/2023 07:08:37 PM ObjectsSensorsParser: b"Object 'Box_1' has no Amesim Dynamics configured"
09/01/2023 07:08:37 PM ObjectsSensorsParser: b"WorldObject 'Box_1' has no active trajectory"
09/01/2023 07:08:37 PM ObjectsSensorsParser: b"Object 'Citroen_C3_Hatchback_2' has no Amesim Dynamics configured"
09/01/2023 07:08:37 PM ObjectsSensorsParser: b"WorldObject 'Citroen_C3_Hatchback_2' has no active trajectory"
09/01/2023 07:08:37 PM ObjectsSensorsParser: b"Object 'Citroen_C3_Hatchback_3' has no Amesim Dynamics configured"
09/01/2023 07:08:37 PM ObjectsSensorsParser: b"WorldObject 'Citroen_C3_Hatchback_3' has no active trajectory"
09/01/2023 07:08:37 PM ObjectsSensorsParser: b"Object 'Citroen_C3_Hatchback_4' has no Amesim Dynamics configured"
09/01/2023 07:08:37 PM ObjectsSensorsParser: b"WorldObject 'Citroen_C3_Hatchback_4' has no active trajectory"
09/01/2023 07:09:24 PM ObjectsSensorsParser: b"Object 'Audi_A3_1' has no Amesim Dynamics configured"
09/01/2023 07:09:24 PM ObjectsSensorsParser: b"Object 'Audi_A3_2' has no Amesim Dynamics configured"
09/01/2023 07:09:24 PM ObjectsSensorsParser: b"WorldObject 'Audi_A3_2' has no active trajectory"
09/01/2023 07:09:24 PM ObjectsSensorsParser: b"Object 'Citroen_C3_Hatchback_1' has no Amesim Dynamics configured"
09/01/2023 07:09:24 PM ObjectsSensorsParser: b"WorldObject 'Citroen_C3_Hatchback_1' has no active trajectory"
09/01/2023 07:09:24 PM ObjectsSensorsParser: b"Object 'Box_1' has no Amesim Dynamics configured"
09/01/2023 07:09:24 PM ObjectsSensorsParser: b"WorldObject 'Box_1' has no active trajectory"
09/01/2023 07:09:24 PM ObjectsSensorsParser: b"Object 'Citroen_C3_Hatchback_2' has no Amesim Dynamics configured"
09/01/2023 07:09:24 PM ObjectsSensorsParser: b"WorldObject 'Citroen_C3_Hatchback_2' has no active trajectory"
09/01/2023 07:09:24 PM ObjectsSensorsParser: b"Object 'Citroen_C3_Hatchback_3' has no Amesim Dynamics configured"
09/01/2023 07:09:24 PM ObjectsSensorsParser: b"WorldObject 'Citroen_C3_Hatchback_3' has no active trajectory"
09/01/2023 07:09:24 PM ObjectsSensorsParser: b"Object 'Citroen_C3_Hatchback_4' has no Amesim Dynamics configured"
09/01/2023 07:09:24 PM ObjectsSensorsParser: b"WorldObject 'Citroen_C3_Hatchback_4' has no active trajectory"
09/01/2023 07:23:56 PM ObjectsSensorsParser: b"Object 'Audi_A3_1' has no Amesim Dynamics configured"
09/01/2023 07:23:56 PM ObjectsSensorsParser: b"Object 'Audi_A3_2' has no Amesim Dynamics configured"
09/01/2023 07:23:56 PM ObjectsSensorsParser: b"WorldObject 'Audi_A3_2' has no active trajectory"
09/01/2023 07:23:56 PM ObjectsSensorsParser: b"Object 'Citroen_C3_Hatchback_1' has no Amesim Dynamics configured"
09/01/2023 07:23:56 PM ObjectsSensorsParser: b"WorldObject 'Citroen_C3_Hatchback_1' has no active trajectory"
09/01/2023 07:23:56 PM ObjectsSensorsParser: b"Object 'Box_1' has no Amesim Dynamics configured"
09/01/2023 07:23:56 PM ObjectsSensorsParser: b"WorldObject 'Box_1' has no active trajectory"
09/01/2023 07:23:56 PM ObjectsSensorsParser: b"Object 'Citroen_C3_Hatchback_2' has no Amesim Dynamics configured"
09/01/2023 07:23:56 PM ObjectsSensorsParser: b"WorldObject 'Citroen_C3_Hatchback_2' has no active trajectory"
09/01/2023 07:23:56 PM ObjectsSensorsParser: b"Object 'Citroen_C3_Hatchback_3' has no Amesim Dynamics configured"
09/01/2023 07:23:56 PM ObjectsSensorsParser: b"WorldObject 'Citroen_C3_Hatchback_3' has no active trajectory"
09/01/2023 07:23:56 PM ObjectsSensorsParser: b"Object 'Citroen_C3_Hatchback_4' has no Amesim Dynamics configured"
09/01/2023 07:23:56 PM ObjectsSensorsParser: b"WorldObject 'Citroen_C3_Hatchback_4' has no active trajectory"
09/01/2023 07:31:43 PM ObjectsSensorsParser: b"Object 'Audi_A3_1' has no Amesim Dynamics configured"
09/01/2023 07:31:43 PM ObjectsSensorsParser: b"Object 'Audi_A3_2' has no Amesim Dynamics configured"
09/01/2023 07:31:43 PM ObjectsSensorsParser: b"WorldObject 'Audi_A3_2' has no active trajectory"
09/01/2023 07:31:43 PM ObjectsSensorsParser: b"Object 'Citroen_C3_Hatchback_1' has no Amesim Dynamics configured"
09/01/2023 07:31:43 PM ObjectsSensorsParser: b"WorldObject 'Citroen_C3_Hatchback_1' has no active trajectory"
09/01/2023 07:31:43 PM ObjectsSensorsParser: b"Object 'Box_1' has no Amesim Dynamics configured"
09/01/2023 07:31:43 PM ObjectsSensorsParser: b"WorldObject 'Box_1' has no active trajectory"
09/01/2023 07:31:43 PM ObjectsSensorsParser: b"Object 'Citroen_C3_Hatchback_2' has no Amesim Dynamics configured"
09/01/2023 07:31:43 PM ObjectsSensorsParser: b"WorldObject 'Citroen_C3_Hatchback_2' has no active trajectory"
09/01/2023 07:31:43 PM ObjectsSensorsParser: b"Object 'Citroen_C3_Hatchback_3' has no Amesim Dynamics configured"
09/01/2023 07:31:43 PM ObjectsSensorsParser: b"WorldObject 'Citroen_C3_Hatchback_3' has no active trajectory"
09/01/2023 07:31:43 PM ObjectsSensorsParser: b"Object 'Citroen_C3_Hatchback_4' has no Amesim Dynamics configured"
09/01/2023 07:31:43 PM ObjectsSensorsParser: b"WorldObject 'Citroen_C3_Hatchback_4' has no active trajectory"
09/01/2023 07:33:06 PM ObjectsSensorsParser: b"Object 'Audi_A3_1' has no Amesim Dynamics configured"
09/01/2023 07:33:06 PM ObjectsSensorsParser: b"Object 'Audi_A3_2' has no Amesim Dynamics configured"
09/01/2023 07:33:06 PM ObjectsSensorsParser: b"WorldObject 'Audi_A3_2' has no active trajectory"
09/01/2023 07:33:06 PM ObjectsSensorsParser: b"Object 'Citroen_C3_Hatchback_1' has no Amesim Dynamics configured"
09/01/2023 07:33:06 PM ObjectsSensorsParser: b"WorldObject 'Citroen_C3_Hatchback_1' has no active trajectory"
09/01/2023 07:33:06 PM ObjectsSensorsParser: b"Object 'Box_1' has no Amesim Dynamics configured"
09/01/2023 07:33:06 PM ObjectsSensorsParser: b"WorldObject 'Box_1' has no active trajectory"
09/01/2023 07:33:06 PM ObjectsSensorsParser: b"Object 'Citroen_C3_Hatchback_2' has no Amesim Dynamics configured"
09/01/2023 07:33:06 PM ObjectsSensorsParser: b"WorldObject 'Citroen_C3_Hatchback_2' has no active trajectory"
09/01/2023 07:33:06 PM ObjectsSensorsParser: b"Object 'Citroen_C3_Hatchback_3' has no Amesim Dynamics configured"
09/01/2023 07:33:06 PM ObjectsSensorsParser: b"WorldObject 'Citroen_C3_Hatchback_3' has no active trajectory"
09/01/2023 07:33:06 PM ObjectsSensorsParser: b"Object 'Citroen_C3_Hatchback_4' has no Amesim Dynamics configured"
09/01/2023 07:33:06 PM ObjectsSensorsParser: b"WorldObject 'Citroen_C3_Hatchback_4' has no active trajectory"
09/01/2023 07:34:23 PM ObjectsSensorsParser: b"Object 'Audi_A3_1' has no Amesim Dynamics configured"
09/01/2023 07:34:23 PM ObjectsSensorsParser: b"Object 'Audi_A3_2' has no Amesim Dynamics configured"
09/01/2023 07:34:23 PM ObjectsSensorsParser: b"WorldObject 'Audi_A3_2' has no active trajectory"
09/01/2023 07:34:23 PM ObjectsSensorsParser: b"Object 'Citroen_C3_Hatchback_1' has no Amesim Dynamics configured"
09/01/2023 07:34:23 PM ObjectsSensorsParser: b"WorldObject 'Citroen_C3_Hatchback_1' has no active trajectory"
09/01/2023 07:34:23 PM ObjectsSensorsParser: b"Object 'Box_1' has no Amesim Dynamics configured"
09/01/2023 07:34:23 PM ObjectsSensorsParser: b"WorldObject 'Box_1' has no active trajectory"
09/01/2023 07:34:23 PM ObjectsSensorsParser: b"Object 'Citroen_C3_Hatchback_2' has no Amesim Dynamics configured"
09/01/2023 07:34:23 PM ObjectsSensorsParser: b"WorldObject 'Citroen_C3_Hatchback_2' has no active trajectory"
09/01/2023 07:34:23 PM ObjectsSensorsParser: b"Object 'Citroen_C3_Hatchback_3' has no Amesim Dynamics configured"
09/01/2023 07:34:23 PM ObjectsSensorsParser: b"WorldObject 'Citroen_C3_Hatchback_3' has no active trajectory"
09/01/2023 07:34:23 PM ObjectsSensorsParser: b"Object 'Citroen_C3_Hatchback_4' has no Amesim Dynamics configured"
09/01/2023 07:34:23 PM ObjectsSensorsParser: b"WorldObject 'Citroen_C3_Hatchback_4' has no active trajectory"
09/01/2023 08:27:33 PM ObjectsSensorsParser: b"Object 'Audi_A3_1' has no Amesim Dynamics configured"
09/01/2023 08:27:33 PM ObjectsSensorsParser: b"Object 'Audi_A3_2' has no Amesim Dynamics configured"
09/01/2023 08:27:33 PM ObjectsSensorsParser: b"WorldObject 'Audi_A3_2' has no active trajectory"
09/01/2023 08:27:33 PM ObjectsSensorsParser: b"Object 'Citroen_C3_Hatchback_1' has no Amesim Dynamics configured"
09/01/2023 08:27:33 PM ObjectsSensorsParser: b"WorldObject 'Citroen_C3_Hatchback_1' has no active trajectory"
09/01/2023 08:27:33 PM ObjectsSensorsParser: b"Object 'Box_1' has no Amesim Dynamics configured"
09/01/2023 08:27:33 PM ObjectsSensorsParser: b"WorldObject 'Box_1' has no active trajectory"
09/01/2023 08:27:33 PM ObjectsSensorsParser: b"Object 'Citroen_C3_Hatchback_2' has no Amesim Dynamics configured"
09/01/2023 08:27:33 PM ObjectsSensorsParser: b"WorldObject 'Citroen_C3_Hatchback_2' has no active trajectory"
09/01/2023 08:27:33 PM ObjectsSensorsParser: b"Object 'Citroen_C3_Hatchback_3' has no Amesim Dynamics configured"
09/01/2023 08:27:33 PM ObjectsSensorsParser: b"WorldObject 'Citroen_C3_Hatchback_3' has no active trajectory"
09/01/2023 08:27:33 PM ObjectsSensorsParser: b"Object 'Citroen_C3_Hatchback_4' has no Amesim Dynamics configured"
09/01/2023 08:27:33 PM ObjectsSensorsParser: b"WorldObject 'Citroen_C3_Hatchback_4' has no active trajectory"
09/01/2023 11:07:20 PM ObjectsSensorsParser: b"Object 'Audi_A3_1' has no Amesim Dynamics configured"
09/01/2023 11:07:20 PM ObjectsSensorsParser: b"Object 'Audi_A3_2' has no Amesim Dynamics configured"
09/01/2023 11:07:20 PM ObjectsSensorsParser: b"WorldObject 'Audi_A3_2' has no active trajectory"
09/01/2023 11:07:20 PM ObjectsSensorsParser: b"Object 'Citroen_C3_Hatchback_1' has no Amesim Dynamics configured"
09/01/2023 11:07:20 PM ObjectsSensorsParser: b"WorldObject 'Citroen_C3_Hatchback_1' has no active trajectory"
09/01/2023 11:07:20 PM ObjectsSensorsParser: b"Object 'Box_1' has no Amesim Dynamics configured"
09/01/2023 11:07:20 PM ObjectsSensorsParser: b"WorldObject 'Box_1' has no active trajectory"
09/01/2023 11:07:20 PM ObjectsSensorsParser: b"Object 'Citroen_C3_Hatchback_2' has no Amesim Dynamics configured"
09/01/2023 11:07:20 PM ObjectsSensorsParser: b"WorldObject 'Citroen_C3_Hatchback_2' has no active trajectory"
09/01/2023 11:07:20 PM ObjectsSensorsParser: b"Object 'Citroen_C3_Hatchback_3' has no Amesim Dynamics configured"
09/01/2023 11:07:20 PM ObjectsSensorsParser: b"WorldObject 'Citroen_C3_Hatchback_3' has no active trajectory"
09/01/2023 11:07:20 PM ObjectsSensorsParser: b"Object 'Citroen_C3_Hatchback_4' has no Amesim Dynamics configured"
09/01/2023 11:07:20 PM ObjectsSensorsParser: b"WorldObject 'Citroen_C3_Hatchback_4' has no active trajectory"
