08/01/2023 11:33:07 AM ObjectsSensorsParser: b"WorldObject 'DAF_95_XF' has no active trajectory"
08/01/2023 11:33:07 AM ObjectsSensorsParser: b"Object 'MercedesBenz' has no Amesim Dynamics configured"
08/01/2023 11:33:07 AM ObjectsSensorsParser: b"Object 'Audi_A3_1' has no Amesim Dynamics configured"
08/01/2023 11:33:07 AM ObjectsSensorsParser: b"WorldObject 'Audi_A3_1' has no active trajectory"
08/01/2023 11:33:07 AM ObjectsSensorsParser: b"Object 'Skywell_1' has no Amesim Dynamics configured"
08/01/2023 11:33:07 AM ObjectsSensorsParser: b"WorldObject 'Skywell_1' has no active trajectory"
08/01/2023 11:33:07 AM ObjectsSensorsParser: b"Object 'Audi_A3_2' has no Amesim Dynamics configured"
08/01/2023 11:33:07 AM ObjectsSensorsParser: b"WorldObject 'Audi_A3_2' has no active trajectory"
08/01/2023 11:43:00 AM ObjectsSensorsParser: b"WorldObject 'DAF_95_XF' has no active trajectory"
08/01/2023 11:43:00 AM ObjectsSensorsParser: b"Object 'MercedesBenz' has no Amesim Dynamics configured"
08/01/2023 11:43:00 AM ObjectsSensorsParser: b"Object 'Audi_A3_1' has no Amesim Dynamics configured"
08/01/2023 11:43:00 AM ObjectsSensorsParser: b"WorldObject 'Audi_A3_1' has no active trajectory"
08/01/2023 11:43:00 AM ObjectsSensorsParser: b"Object 'Skywell_1' has no Amesim Dynamics configured"
08/01/2023 11:43:00 AM ObjectsSensorsParser: b"WorldObject 'Skywell_1' has no active trajectory"
08/01/2023 11:43:00 AM ObjectsSensorsParser: b"Object 'Audi_A3_2' has no Amesim Dynamics configured"
08/01/2023 11:43:00 AM ObjectsSensorsParser: b"WorldObject 'Audi_A3_2' has no active trajectory"
08/01/2023 11:44:30 AM ObjectsSensorsParser: b"WorldObject 'DAF_95_XF' has no active trajectory"
08/01/2023 11:44:30 AM ObjectsSensorsParser: b"Object 'MercedesBenz' has no Amesim Dynamics configured"
08/01/2023 11:44:30 AM ObjectsSensorsParser: b"Object 'Audi_A3_1' has no Amesim Dynamics configured"
08/01/2023 11:44:30 AM ObjectsSensorsParser: b"WorldObject 'Audi_A3_1' has no active trajectory"
08/01/2023 11:44:30 AM ObjectsSensorsParser: b"Object 'Skywell_1' has no Amesim Dynamics configured"
08/01/2023 11:44:30 AM ObjectsSensorsParser: b"WorldObject 'Skywell_1' has no active trajectory"
08/01/2023 11:44:30 AM ObjectsSensorsParser: b"Object 'Audi_A3_2' has no Amesim Dynamics configured"
08/01/2023 11:44:30 AM ObjectsSensorsParser: b"WorldObject 'Audi_A3_2' has no active trajectory"
08/01/2023 11:51:18 AM SimcppGenerator: b'The experiment file does not exist or has not been found. Please make sure the filename "C:\\\\Users\\\\yiyan5ez\\\\Desktop\\\\SimcppGenerator\\\\SimcppGenerator.pb" and path are correct.'
08/01/2023 11:52:55 AM SimcppGenerator: b'The experiment file does not exist or has not been found. Please make sure the filename "C:\\Users\\yiyan5ez\\Desktop\\SimcppGenerator\\SimcppGenerator.pb" and path are correct.'
08/01/2023 11:53:55 AM SimcppGenerator: b'The experiment file does not exist or has not been found. Please make sure the filename "C:\\\\Users\\\\yiyan5ez\\\\Desktop\\\\SimcppGenerator\\\\SimcppGenerator.pb" and path are correct.'
08/01/2023 11:56:01 AM SimcppGenerator: b'The experiment file does not exist or has not been found. Please make sure the filename "C:\\Users\\yiyan5ez\\Desktop\\SimcppGenerator\\SimcppGenerator.pb" and path are correct.'
08/01/2023 11:56:16 AM SimcppGenerator: b'The experiment file does not exist or has not been found. Please make sure the filename "C:\\Users\\yiyan5ez\\Desktop\\SimcppGenerator\\SimcppGenerator.pb" and path are correct.'
08/01/2023 11:58:14 AM SimcppGenerator: b'Error reading C:\\\\Users\\\\yiyan5ez\\\\Desktop\\\\SimcppGenerator file'
08/01/2023 12:00:39 PM ObjectsSensorsParser: b"WorldObject 'DAF_95_XF' has no active trajectory"
08/01/2023 12:00:39 PM ObjectsSensorsParser: b"Object 'MercedesBenz' has no Amesim Dynamics configured"
08/01/2023 12:00:39 PM ObjectsSensorsParser: b"Object 'Audi_A3_1' has no Amesim Dynamics configured"
08/01/2023 12:00:39 PM ObjectsSensorsParser: b"WorldObject 'Audi_A3_1' has no active trajectory"
08/01/2023 12:00:39 PM ObjectsSensorsParser: b"Object 'Skywell_1' has no Amesim Dynamics configured"
08/01/2023 12:00:39 PM ObjectsSensorsParser: b"WorldObject 'Skywell_1' has no active trajectory"
08/01/2023 12:00:39 PM ObjectsSensorsParser: b"Object 'Audi_A3_2' has no Amesim Dynamics configured"
08/01/2023 12:00:39 PM ObjectsSensorsParser: b"WorldObject 'Audi_A3_2' has no active trajectory"
08/01/2023 12:01:37 PM ObjectsSensorsParser: b"WorldObject 'DAF_95_XF' has no active trajectory"
08/01/2023 12:01:37 PM ObjectsSensorsParser: b"Object 'MercedesBenz' has no Amesim Dynamics configured"
08/01/2023 12:01:37 PM ObjectsSensorsParser: b"Object 'Audi_A3_1' has no Amesim Dynamics configured"
08/01/2023 12:01:37 PM ObjectsSensorsParser: b"WorldObject 'Audi_A3_1' has no active trajectory"
08/01/2023 12:01:37 PM ObjectsSensorsParser: b"Object 'Skywell_1' has no Amesim Dynamics configured"
08/01/2023 12:01:37 PM ObjectsSensorsParser: b"WorldObject 'Skywell_1' has no active trajectory"
08/01/2023 12:01:37 PM ObjectsSensorsParser: b"Object 'Audi_A3_2' has no Amesim Dynamics configured"
08/01/2023 12:01:37 PM ObjectsSensorsParser: b"WorldObject 'Audi_A3_2' has no active trajectory"
08/01/2023 12:02:09 PM ObjectsSensorsParser: b"WorldObject 'DAF_95_XF' has no active trajectory"
08/01/2023 12:02:09 PM ObjectsSensorsParser: b"Object 'MercedesBenz' has no Amesim Dynamics configured"
08/01/2023 12:02:09 PM ObjectsSensorsParser: b"Object 'Audi_A3_1' has no Amesim Dynamics configured"
08/01/2023 12:02:09 PM ObjectsSensorsParser: b"WorldObject 'Audi_A3_1' has no active trajectory"
08/01/2023 12:02:09 PM ObjectsSensorsParser: b"Object 'Skywell_1' has no Amesim Dynamics configured"
08/01/2023 12:02:09 PM ObjectsSensorsParser: b"WorldObject 'Skywell_1' has no active trajectory"
08/01/2023 12:02:09 PM ObjectsSensorsParser: b"Object 'Audi_A3_2' has no Amesim Dynamics configured"
08/01/2023 12:02:09 PM ObjectsSensorsParser: b"WorldObject 'Audi_A3_2' has no active trajectory"
08/01/2023 12:08:31 PM ObjectsSensorsParser: b"WorldObject 'DAF_95_XF' has no active trajectory"
08/01/2023 12:08:31 PM ObjectsSensorsParser: b"Object 'MercedesBenz' has no Amesim Dynamics configured"
08/01/2023 12:08:31 PM ObjectsSensorsParser: b"Object 'Audi_A3_1' has no Amesim Dynamics configured"
08/01/2023 12:08:31 PM ObjectsSensorsParser: b"WorldObject 'Audi_A3_1' has no active trajectory"
08/01/2023 12:08:31 PM ObjectsSensorsParser: b"Object 'Skywell_1' has no Amesim Dynamics configured"
08/01/2023 12:08:31 PM ObjectsSensorsParser: b"WorldObject 'Skywell_1' has no active trajectory"
08/01/2023 12:08:31 PM ObjectsSensorsParser: b"Object 'Audi_A3_2' has no Amesim Dynamics configured"
08/01/2023 12:08:31 PM ObjectsSensorsParser: b"WorldObject 'Audi_A3_2' has no active trajectory"
08/01/2023 12:10:23 PM ObjectsSensorsParser: b"WorldObject 'DAF_95_XF' has no active trajectory"
08/01/2023 12:10:23 PM ObjectsSensorsParser: b"Object 'MercedesBenz' has no Amesim Dynamics configured"
08/01/2023 12:10:23 PM ObjectsSensorsParser: b"Object 'Audi_A3_1' has no Amesim Dynamics configured"
08/01/2023 12:10:23 PM ObjectsSensorsParser: b"WorldObject 'Audi_A3_1' has no active trajectory"
08/01/2023 12:10:23 PM ObjectsSensorsParser: b"Object 'Skywell_1' has no Amesim Dynamics configured"
08/01/2023 12:10:23 PM ObjectsSensorsParser: b"WorldObject 'Skywell_1' has no active trajectory"
08/01/2023 12:10:23 PM ObjectsSensorsParser: b"Object 'Audi_A3_2' has no Amesim Dynamics configured"
08/01/2023 12:10:23 PM ObjectsSensorsParser: b"WorldObject 'Audi_A3_2' has no active trajectory"
08/01/2023 12:10:26 PM ObjectsSensorsParser: b"WorldObject 'DAF_95_XF' has no active trajectory"
08/01/2023 12:10:26 PM ObjectsSensorsParser: b"Object 'MercedesBenz' has no Amesim Dynamics configured"
08/01/2023 12:10:26 PM ObjectsSensorsParser: b"Object 'Audi_A3_1' has no Amesim Dynamics configured"
08/01/2023 12:10:26 PM ObjectsSensorsParser: b"WorldObject 'Audi_A3_1' has no active trajectory"
08/01/2023 12:10:26 PM ObjectsSensorsParser: b"Object 'Skywell_1' has no Amesim Dynamics configured"
08/01/2023 12:10:26 PM ObjectsSensorsParser: b"WorldObject 'Skywell_1' has no active trajectory"
08/01/2023 12:10:26 PM ObjectsSensorsParser: b"Object 'Audi_A3_2' has no Amesim Dynamics configured"
08/01/2023 12:10:26 PM ObjectsSensorsParser: b"WorldObject 'Audi_A3_2' has no active trajectory"
08/01/2023 03:20:15 PM ObjectsSensorsParser: b"WorldObject 'DAF_95_XF' has no active trajectory"
08/01/2023 03:20:15 PM ObjectsSensorsParser: b"Object 'MercedesBenz' has no Amesim Dynamics configured"
08/01/2023 03:20:15 PM ObjectsSensorsParser: b"Object 'Audi_A3_1' has no Amesim Dynamics configured"
08/01/2023 03:20:15 PM ObjectsSensorsParser: b"WorldObject 'Audi_A3_1' has no active trajectory"
08/01/2023 03:20:15 PM ObjectsSensorsParser: b"Object 'Skywell_1' has no Amesim Dynamics configured"
08/01/2023 03:20:15 PM ObjectsSensorsParser: b"WorldObject 'Skywell_1' has no active trajectory"
08/01/2023 03:20:15 PM ObjectsSensorsParser: b"Object 'Audi_A3_2' has no Amesim Dynamics configured"
08/01/2023 03:20:15 PM ObjectsSensorsParser: b"WorldObject 'Audi_A3_2' has no active trajectory"
08/01/2023 03:40:21 PM ObjectsSensorsParser: b"WorldObject 'DAF_95_XF' has no active trajectory"
08/01/2023 03:40:21 PM ObjectsSensorsParser: b"Object 'MercedesBenz' has no Amesim Dynamics configured"
08/01/2023 03:40:21 PM ObjectsSensorsParser: b"Object 'Audi_A3_1' has no Amesim Dynamics configured"
08/01/2023 03:40:21 PM ObjectsSensorsParser: b"WorldObject 'Audi_A3_1' has no active trajectory"
08/01/2023 03:40:21 PM ObjectsSensorsParser: b"Object 'Skywell_1' has no Amesim Dynamics configured"
08/01/2023 03:40:21 PM ObjectsSensorsParser: b"WorldObject 'Skywell_1' has no active trajectory"
08/01/2023 03:40:21 PM ObjectsSensorsParser: b"Object 'Audi_A3_2' has no Amesim Dynamics configured"
08/01/2023 03:40:21 PM ObjectsSensorsParser: b"WorldObject 'Audi_A3_2' has no active trajectory"
08/01/2023 03:43:40 PM ObjectsSensorsParser: b"WorldObject 'DAF_95_XF' has no active trajectory"
08/01/2023 03:43:40 PM ObjectsSensorsParser: b"Object 'MercedesBenz' has no Amesim Dynamics configured"
08/01/2023 03:43:40 PM ObjectsSensorsParser: b"Object 'Audi_A3_1' has no Amesim Dynamics configured"
08/01/2023 03:43:40 PM ObjectsSensorsParser: b"WorldObject 'Audi_A3_1' has no active trajectory"
08/01/2023 03:43:40 PM ObjectsSensorsParser: b"Object 'Skywell_1' has no Amesim Dynamics configured"
08/01/2023 03:43:40 PM ObjectsSensorsParser: b"WorldObject 'Skywell_1' has no active trajectory"
08/01/2023 03:43:40 PM ObjectsSensorsParser: b"Object 'Audi_A3_2' has no Amesim Dynamics configured"
08/01/2023 03:43:40 PM ObjectsSensorsParser: b"WorldObject 'Audi_A3_2' has no active trajectory"
08/01/2023 04:05:15 PM ObjectsSensorsParser: b"WorldObject 'DAF_95_XF' has no active trajectory"
08/01/2023 04:05:15 PM ObjectsSensorsParser: b"Object 'MercedesBenz' has no Amesim Dynamics configured"
08/01/2023 04:05:15 PM ObjectsSensorsParser: b"Object 'Audi_A3_1' has no Amesim Dynamics configured"
08/01/2023 04:05:15 PM ObjectsSensorsParser: b"WorldObject 'Audi_A3_1' has no active trajectory"
08/01/2023 04:05:15 PM ObjectsSensorsParser: b"Object 'Skywell_1' has no Amesim Dynamics configured"
08/01/2023 04:05:15 PM ObjectsSensorsParser: b"WorldObject 'Skywell_1' has no active trajectory"
08/01/2023 04:05:15 PM ObjectsSensorsParser: b"Object 'Audi_A3_2' has no Amesim Dynamics configured"
08/01/2023 04:05:15 PM ObjectsSensorsParser: b"WorldObject 'Audi_A3_2' has no active trajectory"
08/01/2023 08:17:25 PM ObjectsSensorsParser: b"WorldObject 'DAF_95_XF' has no active trajectory"
08/01/2023 08:17:25 PM ObjectsSensorsParser: b"Object 'MercedesBenz' has no Amesim Dynamics configured"
08/01/2023 08:17:25 PM ObjectsSensorsParser: b"Object 'Audi_A3_1' has no Amesim Dynamics configured"
08/01/2023 08:17:25 PM ObjectsSensorsParser: b"WorldObject 'Audi_A3_1' has no active trajectory"
08/01/2023 08:17:25 PM ObjectsSensorsParser: b"Object 'Skywell_1' has no Amesim Dynamics configured"
08/01/2023 08:17:25 PM ObjectsSensorsParser: b"WorldObject 'Skywell_1' has no active trajectory"
08/01/2023 08:17:25 PM ObjectsSensorsParser: b"Object 'Audi_A3_2' has no Amesim Dynamics configured"
08/01/2023 08:17:25 PM ObjectsSensorsParser: b"WorldObject 'Audi_A3_2' has no active trajectory"
