07/20/2023 02:41:13 PM ObjectsSensorsParser: b"WorldObject 'DAF_95_XF' has no active trajectory"
07/20/2023 02:41:13 PM ObjectsSensorsParser: b"Object 'MercedesBenz' has no Amesim Dynamics configured"
07/20/2023 02:41:13 PM ObjectsSensorsParser: b"Object 'Audi_A3_1' has no Amesim Dynamics configured"
07/20/2023 02:41:13 PM ObjectsSensorsParser: b"WorldObject 'Audi_A3_1' has no active trajectory"
07/20/2023 02:41:13 PM ObjectsSensorsParser: b"Object 'Skywell_1' has no Amesim Dynamics configured"
07/20/2023 02:41:13 PM ObjectsSensorsParser: b"WorldObject 'Skywell_1' has no active trajectory"
07/20/2023 03:04:03 PM ObjectsSensorsParser: b"WorldObject 'DAF_95_XF' has no active trajectory"
07/20/2023 03:04:03 PM ObjectsSensorsParser: b"Object 'MercedesBenz' has no Amesim Dynamics configured"
07/20/2023 03:04:03 PM ObjectsSensorsParser: b"Object 'Audi_A3_1' has no Amesim Dynamics configured"
07/20/2023 03:04:03 PM ObjectsSensorsParser: b"WorldObject 'Audi_A3_1' has no active trajectory"
07/20/2023 03:04:03 PM ObjectsSensorsParser: b"Object 'Skywell_1' has no Amesim Dynamics configured"
07/20/2023 03:04:03 PM ObjectsSensorsParser: b"WorldObject 'Skywell_1' has no active trajectory"
07/20/2023 03:08:50 PM ObjectsSensorsParser: b"WorldObject 'DAF_95_XF' has no active trajectory"
07/20/2023 03:08:50 PM ObjectsSensorsParser: b"Object 'MercedesBenz' has no Amesim Dynamics configured"
07/20/2023 03:08:50 PM ObjectsSensorsParser: b"Object 'Audi_A3_1' has no Amesim Dynamics configured"
07/20/2023 03:08:50 PM ObjectsSensorsParser: b"WorldObject 'Audi_A3_1' has no active trajectory"
07/20/2023 03:08:50 PM ObjectsSensorsParser: b"Object 'Skywell_1' has no Amesim Dynamics configured"
07/20/2023 03:08:50 PM ObjectsSensorsParser: b"WorldObject 'Skywell_1' has no active trajectory"
07/20/2023 03:08:50 PM ObjectsSensorsParser: b"Object 'Audi_A3_2' has no Amesim Dynamics configured"
07/20/2023 03:08:50 PM ObjectsSensorsParser: b"WorldObject 'Audi_A3_2' has no active trajectory"
07/20/2023 03:14:30 PM ObjectsSensorsParser: b"WorldObject 'DAF_95_XF' has no active trajectory"
07/20/2023 03:14:30 PM ObjectsSensorsParser: b"Object 'MercedesBenz' has no Amesim Dynamics configured"
07/20/2023 03:14:30 PM ObjectsSensorsParser: b"Object 'Audi_A3_1' has no Amesim Dynamics configured"
07/20/2023 03:14:30 PM ObjectsSensorsParser: b"WorldObject 'Audi_A3_1' has no active trajectory"
07/20/2023 03:14:30 PM ObjectsSensorsParser: b"Object 'Skywell_1' has no Amesim Dynamics configured"
07/20/2023 03:14:30 PM ObjectsSensorsParser: b"WorldObject 'Skywell_1' has no active trajectory"
07/20/2023 03:14:30 PM ObjectsSensorsParser: b"Object 'Audi_A3_2' has no Amesim Dynamics configured"
07/20/2023 03:14:30 PM ObjectsSensorsParser: b"WorldObject 'Audi_A3_2' has no active trajectory"
07/20/2023 03:15:18 PM ObjectsSensorsParser: b"WorldObject 'DAF_95_XF' has no active trajectory"
07/20/2023 03:15:18 PM ObjectsSensorsParser: b"Object 'MercedesBenz' has no Amesim Dynamics configured"
07/20/2023 03:15:18 PM ObjectsSensorsParser: b"Object 'Audi_A3_1' has no Amesim Dynamics configured"
07/20/2023 03:15:18 PM ObjectsSensorsParser: b"WorldObject 'Audi_A3_1' has no active trajectory"
07/20/2023 03:15:18 PM ObjectsSensorsParser: b"Object 'Skywell_1' has no Amesim Dynamics configured"
07/20/2023 03:15:18 PM ObjectsSensorsParser: b"WorldObject 'Skywell_1' has no active trajectory"
07/20/2023 03:15:18 PM ObjectsSensorsParser: b"Object 'Audi_A3_2' has no Amesim Dynamics configured"
07/20/2023 03:15:18 PM ObjectsSensorsParser: b"WorldObject 'Audi_A3_2' has no active trajectory"
07/20/2023 03:18:41 PM ObjectsSensorsParser: b"Object 'MercedesBenz' has no Amesim Dynamics configured"
07/20/2023 03:18:41 PM ObjectsSensorsParser: b"Object 'Audi_A3_1' has no Amesim Dynamics configured"
07/20/2023 03:18:41 PM ObjectsSensorsParser: b"WorldObject 'Audi_A3_1' has no active trajectory"
07/20/2023 03:18:41 PM ObjectsSensorsParser: b"Object 'Skywell_1' has no Amesim Dynamics configured"
07/20/2023 03:18:41 PM ObjectsSensorsParser: b"WorldObject 'Skywell_1' has no active trajectory"
07/20/2023 03:18:41 PM ObjectsSensorsParser: b"Object 'BMW_X5_SUV_1' has no Amesim Dynamics configured"
07/20/2023 03:18:41 PM ObjectsSensorsParser: b"WorldObject 'BMW_X5_SUV_1' has no active trajectory"
07/20/2023 11:31:22 PM ObjectsSensorsParser: b"Object 'MercedesBenz' has no Amesim Dynamics configured"
07/20/2023 11:31:22 PM ObjectsSensorsParser: b"Object 'Audi_A3_1' has no Amesim Dynamics configured"
07/20/2023 11:31:22 PM ObjectsSensorsParser: b"WorldObject 'Audi_A3_1' has no active trajectory"
07/20/2023 11:31:22 PM ObjectsSensorsParser: b"Object 'Skywell_1' has no Amesim Dynamics configured"
07/20/2023 11:31:22 PM ObjectsSensorsParser: b"WorldObject 'Skywell_1' has no active trajectory"
07/20/2023 11:31:22 PM ObjectsSensorsParser: b"Object 'BMW_X5_SUV_1' has no Amesim Dynamics configured"
07/20/2023 11:31:22 PM ObjectsSensorsParser: b"WorldObject 'BMW_X5_SUV_1' has no active trajectory"
