07/18/2023 02:08:12 AM ObjectsSensorsParser: b"Object 'Honda_Pan_European_Motorcycle_With_Driver_1' has no Amesim Dynamics configured"
07/18/2023 02:08:12 AM ObjectsSensorsParser: b"Object 'Skywell_1' has no Amesim Dynamics configured"
07/18/2023 02:08:12 AM ObjectsSensorsParser: b"Object 'Ash20y_1' has no Amesim Dynamics configured"
07/18/2023 02:08:12 AM ObjectsSensorsParser: b"WorldObject 'Ash20y_1' has no active trajectory"
07/18/2023 02:08:12 AM ObjectsSensorsParser: b"Object 'Cadillac_Escalade_1' has no Amesim Dynamics configured"
07/18/2023 02:08:12 AM ObjectsSensorsParser: b"WorldObject 'Cadillac_Escalade_1' has no active trajectory"
07/18/2023 02:09:06 AM ObjectsSensorsParser: b"Object 'Honda_Pan_European_Motorcycle_With_Driver_1' has no Amesim Dynamics configured"
07/18/2023 02:09:06 AM ObjectsSensorsParser: b"Object 'Skywell_1' has no Amesim Dynamics configured"
07/18/2023 02:09:06 AM ObjectsSensorsParser: b"Object 'Ash20y_1' has no Amesim Dynamics configured"
07/18/2023 02:09:06 AM ObjectsSensorsParser: b"WorldObject 'Ash20y_1' has no active trajectory"
07/18/2023 02:09:06 AM ObjectsSensorsParser: b"Object 'Cadillac_Escalade_1' has no Amesim Dynamics configured"
07/18/2023 02:09:06 AM ObjectsSensorsParser: b"WorldObject 'Cadillac_Escalade_1' has no active trajectory"
07/18/2023 02:11:36 AM ObjectsSensorsParser: b"Object 'Honda_Pan_European_Motorcycle_With_Driver_1' has no Amesim Dynamics configured"
07/18/2023 02:11:36 AM ObjectsSensorsParser: b"Object 'Skywell_1' has no Amesim Dynamics configured"
07/18/2023 02:11:36 AM ObjectsSensorsParser: b"Object 'Ash20y_1' has no Amesim Dynamics configured"
07/18/2023 02:11:36 AM ObjectsSensorsParser: b"WorldObject 'Ash20y_1' has no active trajectory"
07/18/2023 02:11:36 AM ObjectsSensorsParser: b"Object 'Cadillac_Escalade_1' has no Amesim Dynamics configured"
07/18/2023 02:11:36 AM ObjectsSensorsParser: b"WorldObject 'Cadillac_Escalade_1' has no active trajectory"
07/18/2023 02:11:36 AM ObjectsSensorsParser: b"WorldObject 'BMW_X5_SUV_1' has no active trajectory"
07/18/2023 02:26:25 AM ObjectsSensorsParser: b"Object 'Honda_Pan_European_Motorcycle_With_Driver_1' has no Amesim Dynamics configured"
07/18/2023 02:26:25 AM ObjectsSensorsParser: b"Object 'Skywell_1' has no Amesim Dynamics configured"
07/18/2023 02:26:25 AM ObjectsSensorsParser: b"Object 'Ash20y_1' has no Amesim Dynamics configured"
07/18/2023 02:26:25 AM ObjectsSensorsParser: b"WorldObject 'Ash20y_1' has no active trajectory"
07/18/2023 02:26:25 AM ObjectsSensorsParser: b"Object 'Cadillac_Escalade_1' has no Amesim Dynamics configured"
07/18/2023 02:26:25 AM ObjectsSensorsParser: b"WorldObject 'Cadillac_Escalade_1' has no active trajectory"
07/18/2023 02:26:25 AM ObjectsSensorsParser: b"WorldObject 'BMW_X5_SUV_1' has no active trajectory"
07/18/2023 02:27:25 AM ObjectsSensorsParser: b"Object 'Honda_Pan_European_Motorcycle_With_Driver_1' has no Amesim Dynamics configured"
07/18/2023 02:27:25 AM ObjectsSensorsParser: b"Object 'Skywell_1' has no Amesim Dynamics configured"
07/18/2023 02:27:25 AM ObjectsSensorsParser: b"Object 'Ash20y_1' has no Amesim Dynamics configured"
07/18/2023 02:27:25 AM ObjectsSensorsParser: b"WorldObject 'Ash20y_1' has no active trajectory"
07/18/2023 02:27:25 AM ObjectsSensorsParser: b"Object 'Cadillac_Escalade_1' has no Amesim Dynamics configured"
07/18/2023 02:27:25 AM ObjectsSensorsParser: b"WorldObject 'Cadillac_Escalade_1' has no active trajectory"
07/18/2023 02:27:25 AM ObjectsSensorsParser: b"WorldObject 'BMW_X5_SUV_1' has no active trajectory"
07/18/2023 02:28:34 AM ObjectsSensorsParser: b"Object 'Honda_Pan_European_Motorcycle_With_Driver_1' has no Amesim Dynamics configured"
07/18/2023 02:28:34 AM ObjectsSensorsParser: b"Object 'Skywell_1' has no Amesim Dynamics configured"
07/18/2023 02:28:34 AM ObjectsSensorsParser: b"Object 'Ash20y_1' has no Amesim Dynamics configured"
07/18/2023 02:28:34 AM ObjectsSensorsParser: b"WorldObject 'Ash20y_1' has no active trajectory"
07/18/2023 02:28:34 AM ObjectsSensorsParser: b"Object 'Cadillac_Escalade_1' has no Amesim Dynamics configured"
07/18/2023 02:28:34 AM ObjectsSensorsParser: b"WorldObject 'Cadillac_Escalade_1' has no active trajectory"
07/18/2023 02:28:34 AM ObjectsSensorsParser: b"WorldObject 'BMW_X5_SUV_1' has no active trajectory"
07/18/2023 02:30:16 AM ObjectsSensorsParser: b"Object 'Honda_Pan_European_Motorcycle_With_Driver_1' has no Amesim Dynamics configured"
07/18/2023 02:30:16 AM ObjectsSensorsParser: b"Object 'Skywell_1' has no Amesim Dynamics configured"
07/18/2023 02:30:16 AM ObjectsSensorsParser: b"Object 'Ash20y_1' has no Amesim Dynamics configured"
07/18/2023 02:30:16 AM ObjectsSensorsParser: b"WorldObject 'Ash20y_1' has no active trajectory"
07/18/2023 02:30:16 AM ObjectsSensorsParser: b"Object 'Cadillac_Escalade_1' has no Amesim Dynamics configured"
07/18/2023 02:30:16 AM ObjectsSensorsParser: b"WorldObject 'Cadillac_Escalade_1' has no active trajectory"
07/18/2023 02:30:16 AM ObjectsSensorsParser: b"WorldObject 'BMW_X5_SUV_1' has no active trajectory"
07/18/2023 02:30:50 AM ObjectsSensorsParser: b"Object 'Honda_Pan_European_Motorcycle_With_Driver_1' has no Amesim Dynamics configured"
07/18/2023 02:30:50 AM ObjectsSensorsParser: b"Object 'Skywell_1' has no Amesim Dynamics configured"
07/18/2023 02:30:50 AM ObjectsSensorsParser: b"Object 'Ash20y_1' has no Amesim Dynamics configured"
07/18/2023 02:30:50 AM ObjectsSensorsParser: b"WorldObject 'Ash20y_1' has no active trajectory"
07/18/2023 02:30:50 AM ObjectsSensorsParser: b"Object 'Cadillac_Escalade_1' has no Amesim Dynamics configured"
07/18/2023 02:30:50 AM ObjectsSensorsParser: b"WorldObject 'Cadillac_Escalade_1' has no active trajectory"
07/18/2023 02:30:50 AM ObjectsSensorsParser: b"WorldObject 'BMW_X5_SUV_1' has no active trajectory"
07/18/2023 02:31:28 AM ObjectsSensorsParser: b"Object 'Honda_Pan_European_Motorcycle_With_Driver_1' has no Amesim Dynamics configured"
07/18/2023 02:31:28 AM ObjectsSensorsParser: b"Object 'Skywell_1' has no Amesim Dynamics configured"
07/18/2023 02:31:28 AM ObjectsSensorsParser: b"Object 'Ash20y_1' has no Amesim Dynamics configured"
07/18/2023 02:31:28 AM ObjectsSensorsParser: b"WorldObject 'Ash20y_1' has no active trajectory"
07/18/2023 02:31:28 AM ObjectsSensorsParser: b"Object 'Cadillac_Escalade_1' has no Amesim Dynamics configured"
07/18/2023 02:31:28 AM ObjectsSensorsParser: b"WorldObject 'Cadillac_Escalade_1' has no active trajectory"
07/18/2023 02:31:28 AM ObjectsSensorsParser: b"WorldObject 'BMW_X5_SUV_1' has no active trajectory"
07/18/2023 02:34:30 AM ObjectsSensorsParser: b"Object 'Audi_A3_1' has no Amesim Dynamics configured"
07/18/2023 02:34:30 AM ObjectsSensorsParser: b"Object 'Honda_Pan_European_Motorcycle_With_Driver_1' has no Amesim Dynamics configured"
07/18/2023 02:34:30 AM ObjectsSensorsParser: b"Object 'Skywell_1' has no Amesim Dynamics configured"
07/18/2023 02:34:30 AM ObjectsSensorsParser: b"Object 'Ash20y_1' has no Amesim Dynamics configured"
07/18/2023 02:34:30 AM ObjectsSensorsParser: b"WorldObject 'Ash20y_1' has no active trajectory"
07/18/2023 02:34:30 AM ObjectsSensorsParser: b"Object 'Cadillac_Escalade_1' has no Amesim Dynamics configured"
07/18/2023 02:34:30 AM ObjectsSensorsParser: b"WorldObject 'Cadillac_Escalade_1' has no active trajectory"
07/18/2023 02:34:30 AM ObjectsSensorsParser: b"WorldObject 'BMW_X5_SUV_1' has no active trajectory"
