08/31/2023 10:07:12 PM ObjectsSensorsParser: b"Object 'Audi_A3_1' has no Amesim Dynamics configured"
08/31/2023 10:07:12 PM ObjectsSensorsParser: b"WorldObject 'Audi_A3_1' has no active trajectory"
08/31/2023 10:07:12 PM ObjectsSensorsParser: b"Object 'Audi_A3_2' has no Amesim Dynamics configured"
08/31/2023 10:07:12 PM ObjectsSensorsParser: b"WorldObject 'Audi_A3_2' has no active trajectory"
08/31/2023 10:07:12 PM ObjectsSensorsParser: b"Object 'Citroen_C3_Hatchback_1' has no Amesim Dynamics configured"
08/31/2023 10:07:12 PM ObjectsSensorsParser: b"WorldObject 'Citroen_C3_Hatchback_1' has no active trajectory"
08/31/2023 10:07:12 PM ObjectsSensorsParser: b"Object 'Box_1' has no Amesim Dynamics configured"
08/31/2023 10:07:12 PM ObjectsSensorsParser: b"WorldObject 'Box_1' has no active trajectory"
08/31/2023 10:07:12 PM ObjectsSensorsParser: b"Object 'Citroen_C3_Hatchback_2' has no Amesim Dynamics configured"
08/31/2023 10:07:12 PM ObjectsSensorsParser: b"WorldObject 'Citroen_C3_Hatchback_2' has no active trajectory"
08/31/2023 10:07:12 PM ObjectsSensorsParser: b"Object 'Citroen_C3_Hatchback_3' has no Amesim Dynamics configured"
08/31/2023 10:07:12 PM ObjectsSensorsParser: b"WorldObject 'Citroen_C3_Hatchback_3' has no active trajectory"
08/31/2023 10:07:12 PM ObjectsSensorsParser: b"Object 'Citroen_C3_Hatchback_4' has no Amesim Dynamics configured"
08/31/2023 10:07:12 PM ObjectsSensorsParser: b"WorldObject 'Citroen_C3_Hatchback_4' has no active trajectory"
08/31/2023 10:25:40 PM ObjectsSensorsParser: b"Object 'Audi_A3_1' has no Amesim Dynamics configured"
08/31/2023 10:25:40 PM ObjectsSensorsParser: b"Object 'Audi_A3_2' has no Amesim Dynamics configured"
08/31/2023 10:25:40 PM ObjectsSensorsParser: b"WorldObject 'Audi_A3_2' has no active trajectory"
08/31/2023 10:25:40 PM ObjectsSensorsParser: b"Object 'Citroen_C3_Hatchback_1' has no Amesim Dynamics configured"
08/31/2023 10:25:40 PM ObjectsSensorsParser: b"WorldObject 'Citroen_C3_Hatchback_1' has no active trajectory"
08/31/2023 10:25:40 PM ObjectsSensorsParser: b"Object 'Box_1' has no Amesim Dynamics configured"
08/31/2023 10:25:40 PM ObjectsSensorsParser: b"WorldObject 'Box_1' has no active trajectory"
08/31/2023 10:25:40 PM ObjectsSensorsParser: b"Object 'Citroen_C3_Hatchback_2' has no Amesim Dynamics configured"
08/31/2023 10:25:40 PM ObjectsSensorsParser: b"WorldObject 'Citroen_C3_Hatchback_2' has no active trajectory"
08/31/2023 10:25:40 PM ObjectsSensorsParser: b"Object 'Citroen_C3_Hatchback_3' has no Amesim Dynamics configured"
08/31/2023 10:25:40 PM ObjectsSensorsParser: b"WorldObject 'Citroen_C3_Hatchback_3' has no active trajectory"
08/31/2023 10:25:40 PM ObjectsSensorsParser: b"Object 'Citroen_C3_Hatchback_4' has no Amesim Dynamics configured"
08/31/2023 10:25:40 PM ObjectsSensorsParser: b"WorldObject 'Citroen_C3_Hatchback_4' has no active trajectory"
08/31/2023 10:26:48 PM ObjectsSensorsParser: b"Object 'Audi_A3_1' has no Amesim Dynamics configured"
08/31/2023 10:26:48 PM ObjectsSensorsParser: b"Object 'Audi_A3_2' has no Amesim Dynamics configured"
08/31/2023 10:26:48 PM ObjectsSensorsParser: b"WorldObject 'Audi_A3_2' has no active trajectory"
08/31/2023 10:26:48 PM ObjectsSensorsParser: b"Object 'Citroen_C3_Hatchback_1' has no Amesim Dynamics configured"
08/31/2023 10:26:48 PM ObjectsSensorsParser: b"WorldObject 'Citroen_C3_Hatchback_1' has no active trajectory"
08/31/2023 10:26:48 PM ObjectsSensorsParser: b"Object 'Box_1' has no Amesim Dynamics configured"
08/31/2023 10:26:48 PM ObjectsSensorsParser: b"WorldObject 'Box_1' has no active trajectory"
08/31/2023 10:26:48 PM ObjectsSensorsParser: b"Object 'Citroen_C3_Hatchback_2' has no Amesim Dynamics configured"
08/31/2023 10:26:48 PM ObjectsSensorsParser: b"WorldObject 'Citroen_C3_Hatchback_2' has no active trajectory"
08/31/2023 10:26:48 PM ObjectsSensorsParser: b"Object 'Citroen_C3_Hatchback_3' has no Amesim Dynamics configured"
08/31/2023 10:26:48 PM ObjectsSensorsParser: b"WorldObject 'Citroen_C3_Hatchback_3' has no active trajectory"
08/31/2023 10:26:48 PM ObjectsSensorsParser: b"Object 'Citroen_C3_Hatchback_4' has no Amesim Dynamics configured"
08/31/2023 10:26:48 PM ObjectsSensorsParser: b"WorldObject 'Citroen_C3_Hatchback_4' has no active trajectory"
08/31/2023 10:29:39 PM ObjectsSensorsParser: b"Object 'Audi_A3_1' has no Amesim Dynamics configured"
08/31/2023 10:29:39 PM ObjectsSensorsParser: b"Object 'Audi_A3_2' has no Amesim Dynamics configured"
08/31/2023 10:29:39 PM ObjectsSensorsParser: b"WorldObject 'Audi_A3_2' has no active trajectory"
08/31/2023 10:29:39 PM ObjectsSensorsParser: b"Object 'Citroen_C3_Hatchback_1' has no Amesim Dynamics configured"
08/31/2023 10:29:39 PM ObjectsSensorsParser: b"WorldObject 'Citroen_C3_Hatchback_1' has no active trajectory"
08/31/2023 10:29:39 PM ObjectsSensorsParser: b"Object 'Box_1' has no Amesim Dynamics configured"
08/31/2023 10:29:39 PM ObjectsSensorsParser: b"WorldObject 'Box_1' has no active trajectory"
08/31/2023 10:29:39 PM ObjectsSensorsParser: b"Object 'Citroen_C3_Hatchback_2' has no Amesim Dynamics configured"
08/31/2023 10:29:39 PM ObjectsSensorsParser: b"WorldObject 'Citroen_C3_Hatchback_2' has no active trajectory"
08/31/2023 10:29:39 PM ObjectsSensorsParser: b"Object 'Citroen_C3_Hatchback_3' has no Amesim Dynamics configured"
08/31/2023 10:29:39 PM ObjectsSensorsParser: b"WorldObject 'Citroen_C3_Hatchback_3' has no active trajectory"
08/31/2023 10:29:39 PM ObjectsSensorsParser: b"Object 'Citroen_C3_Hatchback_4' has no Amesim Dynamics configured"
08/31/2023 10:29:39 PM ObjectsSensorsParser: b"WorldObject 'Citroen_C3_Hatchback_4' has no active trajectory"
08/31/2023 10:51:50 PM ObjectsSensorsParser: b"Object 'Audi_A3_1' has no Amesim Dynamics configured"
08/31/2023 10:51:50 PM ObjectsSensorsParser: b"Object 'Audi_A3_2' has no Amesim Dynamics configured"
08/31/2023 10:51:50 PM ObjectsSensorsParser: b"WorldObject 'Audi_A3_2' has no active trajectory"
08/31/2023 10:51:50 PM ObjectsSensorsParser: b"Object 'Citroen_C3_Hatchback_1' has no Amesim Dynamics configured"
08/31/2023 10:51:50 PM ObjectsSensorsParser: b"WorldObject 'Citroen_C3_Hatchback_1' has no active trajectory"
08/31/2023 10:51:50 PM ObjectsSensorsParser: b"Object 'Box_1' has no Amesim Dynamics configured"
08/31/2023 10:51:50 PM ObjectsSensorsParser: b"WorldObject 'Box_1' has no active trajectory"
08/31/2023 10:51:50 PM ObjectsSensorsParser: b"Object 'Citroen_C3_Hatchback_2' has no Amesim Dynamics configured"
08/31/2023 10:51:50 PM ObjectsSensorsParser: b"WorldObject 'Citroen_C3_Hatchback_2' has no active trajectory"
08/31/2023 10:51:50 PM ObjectsSensorsParser: b"Object 'Citroen_C3_Hatchback_3' has no Amesim Dynamics configured"
08/31/2023 10:51:50 PM ObjectsSensorsParser: b"WorldObject 'Citroen_C3_Hatchback_3' has no active trajectory"
08/31/2023 10:51:50 PM ObjectsSensorsParser: b"Object 'Citroen_C3_Hatchback_4' has no Amesim Dynamics configured"
08/31/2023 10:51:50 PM ObjectsSensorsParser: b"WorldObject 'Citroen_C3_Hatchback_4' has no active trajectory"
08/31/2023 10:52:00 PM ObjectsSensorsParser: b"Object 'Audi_A3_1' has no Amesim Dynamics configured"
08/31/2023 10:52:00 PM ObjectsSensorsParser: b"Object 'Audi_A3_2' has no Amesim Dynamics configured"
08/31/2023 10:52:00 PM ObjectsSensorsParser: b"WorldObject 'Audi_A3_2' has no active trajectory"
08/31/2023 10:52:00 PM ObjectsSensorsParser: b"Object 'Citroen_C3_Hatchback_1' has no Amesim Dynamics configured"
08/31/2023 10:52:00 PM ObjectsSensorsParser: b"WorldObject 'Citroen_C3_Hatchback_1' has no active trajectory"
08/31/2023 10:52:00 PM ObjectsSensorsParser: b"Object 'Box_1' has no Amesim Dynamics configured"
08/31/2023 10:52:00 PM ObjectsSensorsParser: b"WorldObject 'Box_1' has no active trajectory"
08/31/2023 10:52:00 PM ObjectsSensorsParser: b"Object 'Citroen_C3_Hatchback_2' has no Amesim Dynamics configured"
08/31/2023 10:52:00 PM ObjectsSensorsParser: b"WorldObject 'Citroen_C3_Hatchback_2' has no active trajectory"
08/31/2023 10:52:00 PM ObjectsSensorsParser: b"Object 'Citroen_C3_Hatchback_3' has no Amesim Dynamics configured"
08/31/2023 10:52:00 PM ObjectsSensorsParser: b"WorldObject 'Citroen_C3_Hatchback_3' has no active trajectory"
08/31/2023 10:52:00 PM ObjectsSensorsParser: b"Object 'Citroen_C3_Hatchback_4' has no Amesim Dynamics configured"
08/31/2023 10:52:00 PM ObjectsSensorsParser: b"WorldObject 'Citroen_C3_Hatchback_4' has no active trajectory"
08/31/2023 10:52:04 PM ObjectsSensorsParser: b"Object 'Audi_A3_1' has no Amesim Dynamics configured"
08/31/2023 10:52:04 PM ObjectsSensorsParser: b"Object 'Audi_A3_2' has no Amesim Dynamics configured"
08/31/2023 10:52:04 PM ObjectsSensorsParser: b"WorldObject 'Audi_A3_2' has no active trajectory"
08/31/2023 10:52:04 PM ObjectsSensorsParser: b"Object 'Citroen_C3_Hatchback_1' has no Amesim Dynamics configured"
08/31/2023 10:52:04 PM ObjectsSensorsParser: b"WorldObject 'Citroen_C3_Hatchback_1' has no active trajectory"
08/31/2023 10:52:04 PM ObjectsSensorsParser: b"Object 'Box_1' has no Amesim Dynamics configured"
08/31/2023 10:52:04 PM ObjectsSensorsParser: b"WorldObject 'Box_1' has no active trajectory"
08/31/2023 10:52:04 PM ObjectsSensorsParser: b"Object 'Citroen_C3_Hatchback_2' has no Amesim Dynamics configured"
08/31/2023 10:52:04 PM ObjectsSensorsParser: b"WorldObject 'Citroen_C3_Hatchback_2' has no active trajectory"
08/31/2023 10:52:04 PM ObjectsSensorsParser: b"Object 'Citroen_C3_Hatchback_3' has no Amesim Dynamics configured"
08/31/2023 10:52:04 PM ObjectsSensorsParser: b"WorldObject 'Citroen_C3_Hatchback_3' has no active trajectory"
08/31/2023 10:52:04 PM ObjectsSensorsParser: b"Object 'Citroen_C3_Hatchback_4' has no Amesim Dynamics configured"
08/31/2023 10:52:04 PM ObjectsSensorsParser: b"WorldObject 'Citroen_C3_Hatchback_4' has no active trajectory"
08/31/2023 10:55:01 PM ObjectsSensorsParser: b"Object 'Audi_A3_1' has no Amesim Dynamics configured"
08/31/2023 10:55:01 PM ObjectsSensorsParser: b"Object 'Audi_A3_2' has no Amesim Dynamics configured"
08/31/2023 10:55:01 PM ObjectsSensorsParser: b"WorldObject 'Audi_A3_2' has no active trajectory"
08/31/2023 10:55:01 PM ObjectsSensorsParser: b"Object 'Citroen_C3_Hatchback_1' has no Amesim Dynamics configured"
08/31/2023 10:55:01 PM ObjectsSensorsParser: b"WorldObject 'Citroen_C3_Hatchback_1' has no active trajectory"
08/31/2023 10:55:01 PM ObjectsSensorsParser: b"Object 'Box_1' has no Amesim Dynamics configured"
08/31/2023 10:55:01 PM ObjectsSensorsParser: b"WorldObject 'Box_1' has no active trajectory"
08/31/2023 10:55:01 PM ObjectsSensorsParser: b"Object 'Citroen_C3_Hatchback_2' has no Amesim Dynamics configured"
08/31/2023 10:55:01 PM ObjectsSensorsParser: b"WorldObject 'Citroen_C3_Hatchback_2' has no active trajectory"
08/31/2023 10:55:01 PM ObjectsSensorsParser: b"Object 'Citroen_C3_Hatchback_3' has no Amesim Dynamics configured"
08/31/2023 10:55:01 PM ObjectsSensorsParser: b"WorldObject 'Citroen_C3_Hatchback_3' has no active trajectory"
08/31/2023 10:55:01 PM ObjectsSensorsParser: b"Object 'Citroen_C3_Hatchback_4' has no Amesim Dynamics configured"
08/31/2023 10:55:01 PM ObjectsSensorsParser: b"WorldObject 'Citroen_C3_Hatchback_4' has no active trajectory"
