07/17/2023 01:47:08 PM ObjectParser: b'The experiment file does not exist or has not been found. Please make sure the filename C:\\Desktop\\SimcppGenerator\\SimcppGenerator.pb and path are correct.'
07/17/2023 01:48:06 PM ObjectParser: b'The experiment file does not exist or has not been found. Please make sure the filename C:\\Desktop\\SimcppGenerator\\SimcppGenerator.pb and path are correct.'
07/17/2023 01:48:15 PM ObjectParser: b'The experiment file does not exist or has not been found. Please make sure the filename C:\\Desktop\\SimcppGenerator\\SimcppGenerator.pb and path are correct.'
07/17/2023 01:50:22 PM ObjectParser: b'The experiment file does not exist or has not been found. Please make sure the filename C:\\Desktop\\SimcppGenerator\\SimcppGenerator.pb and path are correct.'
07/17/2023 01:51:01 PM ObjectParser: b'The experiment file does not exist or has not been found. Please make sure the filename C:\\User\\yiyan5ez\\Desktop\\SimcppGenerator\\SimcppGenerator.pb and path are correct.'
07/17/2023 01:51:41 PM ObjectParser: b"Object 'Audi_A3_1' has no Amesim Dynamics configured"
07/17/2023 01:55:52 PM ObjectParser: b"Object 'Audi_A3_1' has no Amesim Dynamics configured"
07/17/2023 02:15:50 PM ObjectParser: b"Object 'Audi_A3_1' has no Amesim Dynamics configured"
07/17/2023 02:16:57 PM ObjectParser: b"Object 'Audi_A3_1' has no Amesim Dynamics configured"
07/17/2023 02:41:18 PM ObjectParser: b"Object 'Audi_A3_1' has no Amesim Dynamics configured"
07/17/2023 02:54:07 PM ObjectParser: b"Object 'Audi_A3_1' has no Amesim Dynamics configured"
07/17/2023 02:54:07 PM ObjectParser: b"Object 'Audi_A3_2' has no Amesim Dynamics configured"
07/17/2023 02:54:07 PM ObjectParser: b"Object 'Fiat_Bravo_Hatchback_1' has no Amesim Dynamics configured"
07/17/2023 02:54:07 PM ObjectParser: b"Object 'Honda_Pan_European_Motorcycle_With_Driver_1' has no Amesim Dynamics configured"
07/17/2023 03:03:09 PM ObjectParser: b"Object 'Audi_A3_1' has no Amesim Dynamics configured"
07/17/2023 03:03:09 PM ObjectParser: b"Object 'Audi_A3_2' has no Amesim Dynamics configured"
07/17/2023 03:03:09 PM ObjectParser: b"Object 'Fiat_Bravo_Hatchback_1' has no Amesim Dynamics configured"
07/17/2023 03:03:09 PM ObjectParser: b"Object 'Honda_Pan_European_Motorcycle_With_Driver_1' has no Amesim Dynamics configured"
07/17/2023 03:04:34 PM ObjectParser: b"Object 'Audi_A3_1' has no Amesim Dynamics configured"
07/17/2023 03:04:34 PM ObjectParser: b"Object 'Audi_A3_2' has no Amesim Dynamics configured"
07/17/2023 03:04:34 PM ObjectParser: b"Object 'Fiat_Bravo_Hatchback_1' has no Amesim Dynamics configured"
07/17/2023 03:04:34 PM ObjectParser: b"Object 'Honda_Pan_European_Motorcycle_With_Driver_1' has no Amesim Dynamics configured"
07/17/2023 03:11:47 PM ObjectParser: b"Object 'Audi_A3_1' has no Amesim Dynamics configured"
07/17/2023 03:11:47 PM ObjectParser: b"Object 'Honda_Pan_European_Motorcycle_With_Driver_1' has no Amesim Dynamics configured"
07/17/2023 03:11:47 PM ObjectParser: b"Object 'Skywell_1' has no Amesim Dynamics configured"
07/17/2023 03:23:42 PM ObjectParser: b"Object 'Audi_A3_1' has no Amesim Dynamics configured"
07/17/2023 03:23:42 PM ObjectParser: b"Object 'Honda_Pan_European_Motorcycle_With_Driver_1' has no Amesim Dynamics configured"
07/17/2023 03:23:42 PM ObjectParser: b"Object 'Skywell_1' has no Amesim Dynamics configured"
07/17/2023 04:26:34 PM ObjectParser: b"Object 'Honda_Pan_European_Motorcycle_With_Driver_1' has no Amesim Dynamics configured"
07/17/2023 04:26:34 PM ObjectParser: b"Object 'Skywell_1' has no Amesim Dynamics configured"
07/17/2023 10:25:00 PM ObjectParser: b'The experiment file does not exist or has not been found. Please make sure the filename C:\\Users\\yiyan5ez\\Desktop\\SimcppGenerator\\SimcppGenerator1.pb and path are correct.'
