07/16/2023 12:37:08 AM ObjectParser: b"Object 'MercedesBenz' has no Amesim Dynamics configured"
07/16/2023 12:37:08 AM ObjectParser: b"Object 'NCAP_Adult_1' has no Amesim Dynamics configured"
07/16/2023 12:37:08 AM ObjectParser: b"Object 'Male_200_1' has no Amesim Dynamics configured"
07/16/2023 12:37:08 AM ObjectParser: b"Object 'Cylinder_1' has no Amesim Dynamics configured"
07/16/2023 12:37:08 AM ObjectParser: b"Object 'Audi_A8_Sedan_1' has no Amesim Dynamics configured"
07/16/2023 12:38:06 AM ObjectParser: b"Object 'MercedesBenz' has no Amesim Dynamics configured"
07/16/2023 12:38:06 AM ObjectParser: b"Object 'NCAP_Adult_1' has no Amesim Dynamics configured"
07/16/2023 12:38:06 AM ObjectParser: b"Object 'Male_200_1' has no Amesim Dynamics configured"
07/16/2023 12:38:06 AM ObjectParser: b"Object 'Cylinder_1' has no Amesim Dynamics configured"
07/16/2023 12:38:06 AM ObjectParser: b"Object 'Audi_A8_Sedan_1' has no Amesim Dynamics configured"
07/16/2023 12:38:46 AM ObjectParser: b"Object 'MercedesBenz' has no Amesim Dynamics configured"
07/16/2023 12:38:46 AM ObjectParser: b"Object 'NCAP_Adult_1' has no Amesim Dynamics configured"
07/16/2023 12:38:46 AM ObjectParser: b"Object 'Male_200_1' has no Amesim Dynamics configured"
07/16/2023 12:38:46 AM ObjectParser: b"Object 'Cylinder_1' has no Amesim Dynamics configured"
07/16/2023 12:38:46 AM ObjectParser: b"Object 'Audi_A8_Sedan_1' has no Amesim Dynamics configured"
07/16/2023 12:39:07 AM ObjectParser: b"Object 'MercedesBenz' has no Amesim Dynamics configured"
07/16/2023 12:39:07 AM ObjectParser: b"Object 'NCAP_Adult_1' has no Amesim Dynamics configured"
07/16/2023 12:39:07 AM ObjectParser: b"Object 'Male_200_1' has no Amesim Dynamics configured"
07/16/2023 12:39:07 AM ObjectParser: b"Object 'Cylinder_1' has no Amesim Dynamics configured"
07/16/2023 12:39:07 AM ObjectParser: b"Object 'Audi_A8_Sedan_1' has no Amesim Dynamics configured"
07/16/2023 12:40:56 AM ObjectParser: b"Object 'MercedesBenz' has no Amesim Dynamics configured"
07/16/2023 12:40:56 AM ObjectParser: b"Object 'NCAP_Adult_1' has no Amesim Dynamics configured"
07/16/2023 12:40:56 AM ObjectParser: b"Object 'Male_200_1' has no Amesim Dynamics configured"
07/16/2023 12:40:56 AM ObjectParser: b"Object 'Cylinder_1' has no Amesim Dynamics configured"
07/16/2023 12:40:56 AM ObjectParser: b"Object 'Audi_A8_Sedan_1' has no Amesim Dynamics configured"
07/16/2023 12:42:31 AM ObjectParser: b"Object 'MercedesBenz' has no Amesim Dynamics configured"
07/16/2023 12:42:31 AM ObjectParser: b"Object 'NCAP_Adult_1' has no Amesim Dynamics configured"
07/16/2023 12:42:31 AM ObjectParser: b"Object 'Male_200_1' has no Amesim Dynamics configured"
07/16/2023 12:42:31 AM ObjectParser: b"Object 'Cylinder_1' has no Amesim Dynamics configured"
07/16/2023 12:42:31 AM ObjectParser: b"Object 'Audi_A8_Sedan_1' has no Amesim Dynamics configured"
07/16/2023 12:43:03 AM ObjectParser: b"Object 'MercedesBenz' has no Amesim Dynamics configured"
07/16/2023 12:43:03 AM ObjectParser: b"Object 'NCAP_Adult_1' has no Amesim Dynamics configured"
07/16/2023 12:43:03 AM ObjectParser: b"Object 'Male_200_1' has no Amesim Dynamics configured"
07/16/2023 12:43:03 AM ObjectParser: b"Object 'Cylinder_1' has no Amesim Dynamics configured"
07/16/2023 12:43:03 AM ObjectParser: b"Object 'Audi_A8_Sedan_1' has no Amesim Dynamics configured"
07/16/2023 12:43:43 AM ObjectParser: b"Object 'MercedesBenz' has no Amesim Dynamics configured"
07/16/2023 12:43:43 AM ObjectParser: b"Object 'NCAP_Adult_1' has no Amesim Dynamics configured"
07/16/2023 12:43:43 AM ObjectParser: b"Object 'Male_200_1' has no Amesim Dynamics configured"
07/16/2023 12:43:43 AM ObjectParser: b"Object 'Cylinder_1' has no Amesim Dynamics configured"
07/16/2023 12:43:43 AM ObjectParser: b"Object 'Audi_A8_Sedan_1' has no Amesim Dynamics configured"
07/16/2023 12:45:32 AM ObjectParser: b"Object 'MercedesBenz' has no Amesim Dynamics configured"
07/16/2023 12:45:32 AM ObjectParser: b"Object 'NCAP_Adult_1' has no Amesim Dynamics configured"
07/16/2023 12:45:32 AM ObjectParser: b"Object 'Male_200_1' has no Amesim Dynamics configured"
07/16/2023 12:45:32 AM ObjectParser: b"Object 'Cylinder_1' has no Amesim Dynamics configured"
07/16/2023 12:45:32 AM ObjectParser: b"Object 'Audi_A8_Sedan_1' has no Amesim Dynamics configured"
07/16/2023 12:51:17 AM ObjectParser: b"Object 'MercedesBenz' has no Amesim Dynamics configured"
07/16/2023 12:51:17 AM ObjectParser: b"Object 'NCAP_Adult_1' has no Amesim Dynamics configured"
07/16/2023 12:51:17 AM ObjectParser: b"Object 'Male_200_1' has no Amesim Dynamics configured"
07/16/2023 12:51:17 AM ObjectParser: b"Object 'Cylinder_1' has no Amesim Dynamics configured"
07/16/2023 12:51:17 AM ObjectParser: b"Object 'Audi_A8_Sedan_1' has no Amesim Dynamics configured"
07/16/2023 12:54:36 AM ObjectParser: b"Object 'MercedesBenz' has no Amesim Dynamics configured"
07/16/2023 12:54:36 AM ObjectParser: b"Object 'NCAP_Adult_1' has no Amesim Dynamics configured"
07/16/2023 12:54:36 AM ObjectParser: b"Object 'Male_200_1' has no Amesim Dynamics configured"
07/16/2023 12:54:36 AM ObjectParser: b"Object 'Cylinder_1' has no Amesim Dynamics configured"
07/16/2023 12:54:36 AM ObjectParser: b"Object 'Audi_A8_Sedan_1' has no Amesim Dynamics configured"
07/16/2023 12:59:49 AM ObjectParser: b"Object 'MercedesBenz' has no Amesim Dynamics configured"
07/16/2023 12:59:49 AM ObjectParser: b"Object 'NCAP_Adult_1' has no Amesim Dynamics configured"
07/16/2023 12:59:49 AM ObjectParser: b"Object 'Male_200_1' has no Amesim Dynamics configured"
07/16/2023 12:59:49 AM ObjectParser: b"Object 'Cylinder_1' has no Amesim Dynamics configured"
07/16/2023 12:59:49 AM ObjectParser: b"Object 'Audi_A8_Sedan_1' has no Amesim Dynamics configured"
07/16/2023 01:03:57 AM ObjectParser: b"Object 'MercedesBenz' has no Amesim Dynamics configured"
07/16/2023 01:03:57 AM ObjectParser: b"Object 'NCAP_Adult_1' has no Amesim Dynamics configured"
07/16/2023 01:03:57 AM ObjectParser: b"Object 'Male_200_1' has no Amesim Dynamics configured"
07/16/2023 01:03:57 AM ObjectParser: b"Object 'Cylinder_1' has no Amesim Dynamics configured"
07/16/2023 01:03:57 AM ObjectParser: b"Object 'Audi_A8_Sedan_1' has no Amesim Dynamics configured"
07/16/2023 01:05:40 AM ObjectParser: b"Object 'MercedesBenz' has no Amesim Dynamics configured"
07/16/2023 01:05:40 AM ObjectParser: b"Object 'NCAP_Adult_1' has no Amesim Dynamics configured"
07/16/2023 01:05:40 AM ObjectParser: b"Object 'Male_200_1' has no Amesim Dynamics configured"
07/16/2023 01:05:40 AM ObjectParser: b"Object 'Cylinder_1' has no Amesim Dynamics configured"
07/16/2023 01:05:40 AM ObjectParser: b"Object 'Audi_A8_Sedan_1' has no Amesim Dynamics configured"
07/16/2023 01:15:27 AM ObjectParser: b"Object 'MercedesBenz' has no Amesim Dynamics configured"
07/16/2023 01:15:27 AM ObjectParser: b"Object 'NCAP_Adult_1' has no Amesim Dynamics configured"
07/16/2023 01:15:27 AM ObjectParser: b"Object 'Male_200_1' has no Amesim Dynamics configured"
07/16/2023 01:15:27 AM ObjectParser: b"Object 'Cylinder_1' has no Amesim Dynamics configured"
07/16/2023 01:15:27 AM ObjectParser: b"Object 'Audi_A8_Sedan_1' has no Amesim Dynamics configured"
07/16/2023 01:19:18 AM ObjectParser: b"Object 'MercedesBenz' has no Amesim Dynamics configured"
07/16/2023 01:19:18 AM ObjectParser: b"Object 'NCAP_Adult_1' has no Amesim Dynamics configured"
07/16/2023 01:19:18 AM ObjectParser: b"Object 'Male_200_1' has no Amesim Dynamics configured"
07/16/2023 01:19:18 AM ObjectParser: b"Object 'Cylinder_1' has no Amesim Dynamics configured"
07/16/2023 01:19:18 AM ObjectParser: b"Object 'Audi_A8_Sedan_1' has no Amesim Dynamics configured"
07/16/2023 01:19:55 AM ObjectParser: b"Object 'MercedesBenz' has no Amesim Dynamics configured"
07/16/2023 01:19:55 AM ObjectParser: b"Object 'NCAP_Adult_1' has no Amesim Dynamics configured"
07/16/2023 01:19:55 AM ObjectParser: b"Object 'Male_200_1' has no Amesim Dynamics configured"
07/16/2023 01:19:55 AM ObjectParser: b"Object 'Cylinder_1' has no Amesim Dynamics configured"
07/16/2023 01:19:55 AM ObjectParser: b"Object 'Audi_A8_Sedan_1' has no Amesim Dynamics configured"
07/16/2023 01:39:17 AM ObjectParser: b"Object 'MercedesBenz' has no Amesim Dynamics configured"
07/16/2023 01:39:17 AM ObjectParser: b"Object 'NCAP_Adult_1' has no Amesim Dynamics configured"
07/16/2023 01:39:17 AM ObjectParser: b"Object 'Male_200_1' has no Amesim Dynamics configured"
07/16/2023 01:39:17 AM ObjectParser: b"Object 'Cylinder_1' has no Amesim Dynamics configured"
07/16/2023 01:39:17 AM ObjectParser: b"Object 'Audi_A8_Sedan_1' has no Amesim Dynamics configured"
07/16/2023 01:41:29 AM ObjectParser: b"Object 'MercedesBenz' has no Amesim Dynamics configured"
07/16/2023 01:41:29 AM ObjectParser: b"Object 'NCAP_Adult_1' has no Amesim Dynamics configured"
07/16/2023 01:41:29 AM ObjectParser: b"Object 'Male_200_1' has no Amesim Dynamics configured"
07/16/2023 01:41:29 AM ObjectParser: b"Object 'Cylinder_1' has no Amesim Dynamics configured"
07/16/2023 01:41:29 AM ObjectParser: b"Object 'Audi_A8_Sedan_1' has no Amesim Dynamics configured"
07/16/2023 01:41:38 AM ObjectParser: b"Object 'MercedesBenz' has no Amesim Dynamics configured"
07/16/2023 01:41:38 AM ObjectParser: b"Object 'NCAP_Adult_1' has no Amesim Dynamics configured"
07/16/2023 01:41:38 AM ObjectParser: b"Object 'Male_200_1' has no Amesim Dynamics configured"
07/16/2023 01:41:38 AM ObjectParser: b"Object 'Cylinder_1' has no Amesim Dynamics configured"
07/16/2023 01:41:38 AM ObjectParser: b"Object 'Audi_A8_Sedan_1' has no Amesim Dynamics configured"
07/16/2023 01:42:36 AM ObjectParser: b"Object 'MercedesBenz' has no Amesim Dynamics configured"
07/16/2023 01:42:36 AM ObjectParser: b"Object 'NCAP_Adult_1' has no Amesim Dynamics configured"
07/16/2023 01:42:36 AM ObjectParser: b"Object 'Male_200_1' has no Amesim Dynamics configured"
07/16/2023 01:42:36 AM ObjectParser: b"Object 'Cylinder_1' has no Amesim Dynamics configured"
07/16/2023 01:42:36 AM ObjectParser: b"Object 'Audi_A8_Sedan_1' has no Amesim Dynamics configured"
07/16/2023 01:43:31 AM ObjectParser: b"Object 'MercedesBenz' has no Amesim Dynamics configured"
07/16/2023 01:43:31 AM ObjectParser: b"Object 'NCAP_Adult_1' has no Amesim Dynamics configured"
07/16/2023 01:43:31 AM ObjectParser: b"Object 'Male_200_1' has no Amesim Dynamics configured"
07/16/2023 01:43:31 AM ObjectParser: b"Object 'Cylinder_1' has no Amesim Dynamics configured"
07/16/2023 01:43:31 AM ObjectParser: b"Object 'Audi_A8_Sedan_1' has no Amesim Dynamics configured"
07/16/2023 01:43:43 AM ObjectParser: b"Object 'MercedesBenz' has no Amesim Dynamics configured"
07/16/2023 01:43:43 AM ObjectParser: b"Object 'NCAP_Adult_1' has no Amesim Dynamics configured"
07/16/2023 01:43:43 AM ObjectParser: b"Object 'Male_200_1' has no Amesim Dynamics configured"
07/16/2023 01:43:43 AM ObjectParser: b"Object 'Cylinder_1' has no Amesim Dynamics configured"
07/16/2023 01:43:43 AM ObjectParser: b"Object 'Audi_A8_Sedan_1' has no Amesim Dynamics configured"
07/16/2023 01:46:26 AM ObjectParser: b"Object 'MercedesBenz' has no Amesim Dynamics configured"
07/16/2023 01:46:26 AM ObjectParser: b"Object 'NCAP_Adult_1' has no Amesim Dynamics configured"
07/16/2023 01:46:26 AM ObjectParser: b"Object 'Male_200_1' has no Amesim Dynamics configured"
07/16/2023 01:46:26 AM ObjectParser: b"Object 'Cylinder_1' has no Amesim Dynamics configured"
07/16/2023 01:46:26 AM ObjectParser: b"Object 'Audi_A8_Sedan_1' has no Amesim Dynamics configured"
07/16/2023 01:48:10 AM ObjectParser: b"Object 'MercedesBenz' has no Amesim Dynamics configured"
07/16/2023 01:48:10 AM ObjectParser: b"Object 'NCAP_Adult_1' has no Amesim Dynamics configured"
07/16/2023 01:48:10 AM ObjectParser: b"Object 'Male_200_1' has no Amesim Dynamics configured"
07/16/2023 01:48:10 AM ObjectParser: b"Object 'Cylinder_1' has no Amesim Dynamics configured"
07/16/2023 01:48:10 AM ObjectParser: b"Object 'Audi_A8_Sedan_1' has no Amesim Dynamics configured"
07/16/2023 01:50:01 AM ObjectParser: b"Object 'MercedesBenz' has no Amesim Dynamics configured"
07/16/2023 01:50:01 AM ObjectParser: b"Object 'NCAP_Adult_1' has no Amesim Dynamics configured"
07/16/2023 01:50:01 AM ObjectParser: b"Object 'Male_200_1' has no Amesim Dynamics configured"
07/16/2023 01:50:01 AM ObjectParser: b"Object 'Cylinder_1' has no Amesim Dynamics configured"
07/16/2023 01:50:01 AM ObjectParser: b"Object 'Audi_A8_Sedan_1' has no Amesim Dynamics configured"
07/16/2023 11:36:34 AM ObjectParser: b"Object 'MercedesBenz' has no Amesim Dynamics configured"
07/16/2023 11:36:34 AM ObjectParser: b"Object 'NCAP_Adult_1' has no Amesim Dynamics configured"
07/16/2023 11:36:34 AM ObjectParser: b"Object 'Male_200_1' has no Amesim Dynamics configured"
07/16/2023 11:36:34 AM ObjectParser: b"Object 'Cylinder_1' has no Amesim Dynamics configured"
07/16/2023 11:36:34 AM ObjectParser: b"Object 'Audi_A8_Sedan_1' has no Amesim Dynamics configured"
07/16/2023 12:15:59 PM ObjectParser: b"Object 'MercedesBenz' has no Amesim Dynamics configured"
07/16/2023 12:15:59 PM ObjectParser: b"Object 'NCAP_Adult_1' has no Amesim Dynamics configured"
07/16/2023 12:15:59 PM ObjectParser: b"Object 'Male_200_1' has no Amesim Dynamics configured"
07/16/2023 12:15:59 PM ObjectParser: b"Object 'Cylinder_1' has no Amesim Dynamics configured"
07/16/2023 12:15:59 PM ObjectParser: b"Object 'Audi_A8_Sedan_1' has no Amesim Dynamics configured"
07/16/2023 12:29:45 PM ObjectParser: b"Object 'MercedesBenz' has no Amesim Dynamics configured"
07/16/2023 12:29:45 PM ObjectParser: b"Object 'NCAP_Adult_1' has no Amesim Dynamics configured"
07/16/2023 12:29:45 PM ObjectParser: b"Object 'Male_200_1' has no Amesim Dynamics configured"
07/16/2023 12:29:45 PM ObjectParser: b"Object 'Cylinder_1' has no Amesim Dynamics configured"
07/16/2023 12:29:45 PM ObjectParser: b"Object 'Audi_A8_Sedan_1' has no Amesim Dynamics configured"
07/16/2023 12:33:20 PM ObjectParser: b"Object 'MercedesBenz' has no Amesim Dynamics configured"
07/16/2023 12:33:20 PM ObjectParser: b"Object 'NCAP_Adult_1' has no Amesim Dynamics configured"
07/16/2023 12:33:20 PM ObjectParser: b"Object 'Male_200_1' has no Amesim Dynamics configured"
07/16/2023 12:33:20 PM ObjectParser: b"Object 'Cylinder_1' has no Amesim Dynamics configured"
07/16/2023 12:33:20 PM ObjectParser: b"Object 'Audi_A8_Sedan_1' has no Amesim Dynamics configured"
07/16/2023 01:13:50 PM ObjectParser: b"Object 'MercedesBenz' has no Amesim Dynamics configured"
07/16/2023 01:13:50 PM ObjectParser: b"Object 'NCAP_Adult_1' has no Amesim Dynamics configured"
07/16/2023 01:13:50 PM ObjectParser: b"Object 'Male_200_1' has no Amesim Dynamics configured"
07/16/2023 01:13:50 PM ObjectParser: b"Object 'Cylinder_1' has no Amesim Dynamics configured"
07/16/2023 01:13:50 PM ObjectParser: b"Object 'Audi_A8_Sedan_1' has no Amesim Dynamics configured"
07/16/2023 01:16:43 PM ObjectParser: b"Object 'MercedesBenz' has no Amesim Dynamics configured"
07/16/2023 01:16:43 PM ObjectParser: b"Object 'NCAP_Adult_1' has no Amesim Dynamics configured"
07/16/2023 01:16:43 PM ObjectParser: b"Object 'Male_200_1' has no Amesim Dynamics configured"
07/16/2023 01:16:43 PM ObjectParser: b"Object 'Cylinder_1' has no Amesim Dynamics configured"
07/16/2023 01:16:43 PM ObjectParser: b"Object 'Audi_A8_Sedan_1' has no Amesim Dynamics configured"
07/16/2023 01:18:20 PM ObjectParser: b"Object 'MercedesBenz' has no Amesim Dynamics configured"
07/16/2023 01:18:20 PM ObjectParser: b"Object 'NCAP_Adult_1' has no Amesim Dynamics configured"
07/16/2023 01:18:20 PM ObjectParser: b"Object 'Male_200_1' has no Amesim Dynamics configured"
07/16/2023 01:18:20 PM ObjectParser: b"Object 'Cylinder_1' has no Amesim Dynamics configured"
07/16/2023 01:18:20 PM ObjectParser: b"Object 'Audi_A8_Sedan_1' has no Amesim Dynamics configured"
07/16/2023 01:19:21 PM ObjectParser: b"Object 'MercedesBenz' has no Amesim Dynamics configured"
07/16/2023 01:19:21 PM ObjectParser: b"Object 'NCAP_Adult_1' has no Amesim Dynamics configured"
07/16/2023 01:19:21 PM ObjectParser: b"Object 'Male_200_1' has no Amesim Dynamics configured"
07/16/2023 01:19:21 PM ObjectParser: b"Object 'Cylinder_1' has no Amesim Dynamics configured"
07/16/2023 01:19:21 PM ObjectParser: b"Object 'Audi_A8_Sedan_1' has no Amesim Dynamics configured"
07/16/2023 01:20:23 PM ObjectParser: b"Object 'MercedesBenz' has no Amesim Dynamics configured"
07/16/2023 01:20:23 PM ObjectParser: b"Object 'NCAP_Adult_1' has no Amesim Dynamics configured"
07/16/2023 01:20:23 PM ObjectParser: b"Object 'Male_200_1' has no Amesim Dynamics configured"
07/16/2023 01:20:23 PM ObjectParser: b"Object 'Cylinder_1' has no Amesim Dynamics configured"
07/16/2023 01:20:23 PM ObjectParser: b"Object 'Audi_A8_Sedan_1' has no Amesim Dynamics configured"
07/16/2023 01:23:01 PM ObjectParser: b"Object 'MercedesBenz' has no Amesim Dynamics configured"
07/16/2023 01:23:01 PM ObjectParser: b"Object 'NCAP_Adult_1' has no Amesim Dynamics configured"
07/16/2023 01:23:01 PM ObjectParser: b"Object 'Male_200_1' has no Amesim Dynamics configured"
07/16/2023 01:23:01 PM ObjectParser: b"Object 'Cylinder_1' has no Amesim Dynamics configured"
07/16/2023 01:23:01 PM ObjectParser: b"Object 'Audi_A8_Sedan_1' has no Amesim Dynamics configured"
07/16/2023 01:27:08 PM ObjectParser: b"Object 'MercedesBenz' has no Amesim Dynamics configured"
07/16/2023 01:27:08 PM ObjectParser: b"Object 'NCAP_Adult_1' has no Amesim Dynamics configured"
07/16/2023 01:27:08 PM ObjectParser: b"Object 'Male_200_1' has no Amesim Dynamics configured"
07/16/2023 01:27:08 PM ObjectParser: b"Object 'Cylinder_1' has no Amesim Dynamics configured"
07/16/2023 01:27:08 PM ObjectParser: b"Object 'Audi_A8_Sedan_1' has no Amesim Dynamics configured"
07/16/2023 01:28:08 PM ObjectParser: b"Object 'MercedesBenz' has no Amesim Dynamics configured"
07/16/2023 01:28:08 PM ObjectParser: b"Object 'NCAP_Adult_1' has no Amesim Dynamics configured"
07/16/2023 01:28:08 PM ObjectParser: b"Object 'Male_200_1' has no Amesim Dynamics configured"
07/16/2023 01:28:08 PM ObjectParser: b"Object 'Cylinder_1' has no Amesim Dynamics configured"
07/16/2023 01:28:08 PM ObjectParser: b"Object 'Audi_A8_Sedan_1' has no Amesim Dynamics configured"
07/16/2023 01:29:07 PM ObjectParser: b"Object 'MercedesBenz' has no Amesim Dynamics configured"
07/16/2023 01:29:07 PM ObjectParser: b"Object 'NCAP_Adult_1' has no Amesim Dynamics configured"
07/16/2023 01:29:07 PM ObjectParser: b"Object 'Male_200_1' has no Amesim Dynamics configured"
07/16/2023 01:29:07 PM ObjectParser: b"Object 'Cylinder_1' has no Amesim Dynamics configured"
07/16/2023 01:29:07 PM ObjectParser: b"Object 'Audi_A8_Sedan_1' has no Amesim Dynamics configured"
07/16/2023 01:29:30 PM ObjectParser: b"Object 'MercedesBenz' has no Amesim Dynamics configured"
07/16/2023 01:29:30 PM ObjectParser: b"Object 'NCAP_Adult_1' has no Amesim Dynamics configured"
07/16/2023 01:29:30 PM ObjectParser: b"Object 'Male_200_1' has no Amesim Dynamics configured"
07/16/2023 01:29:30 PM ObjectParser: b"Object 'Cylinder_1' has no Amesim Dynamics configured"
07/16/2023 01:29:30 PM ObjectParser: b"Object 'Audi_A8_Sedan_1' has no Amesim Dynamics configured"
07/16/2023 01:34:21 PM ObjectParser: b"Object 'MercedesBenz' has no Amesim Dynamics configured"
07/16/2023 01:34:21 PM ObjectParser: b"Object 'NCAP_Adult_1' has no Amesim Dynamics configured"
07/16/2023 01:34:21 PM ObjectParser: b"Object 'Male_200_1' has no Amesim Dynamics configured"
07/16/2023 01:34:21 PM ObjectParser: b"Object 'Cylinder_1' has no Amesim Dynamics configured"
07/16/2023 01:34:21 PM ObjectParser: b"Object 'Audi_A8_Sedan_1' has no Amesim Dynamics configured"
07/16/2023 01:34:37 PM ObjectParser: b"Object 'MercedesBenz' has no Amesim Dynamics configured"
07/16/2023 01:34:37 PM ObjectParser: b"Object 'NCAP_Adult_1' has no Amesim Dynamics configured"
07/16/2023 01:34:37 PM ObjectParser: b"Object 'Male_200_1' has no Amesim Dynamics configured"
07/16/2023 01:34:37 PM ObjectParser: b"Object 'Cylinder_1' has no Amesim Dynamics configured"
07/16/2023 01:34:37 PM ObjectParser: b"Object 'Audi_A8_Sedan_1' has no Amesim Dynamics configured"
07/16/2023 01:34:58 PM ObjectParser: b"Object 'MercedesBenz' has no Amesim Dynamics configured"
07/16/2023 01:34:58 PM ObjectParser: b"Object 'NCAP_Adult_1' has no Amesim Dynamics configured"
07/16/2023 01:34:58 PM ObjectParser: b"Object 'Male_200_1' has no Amesim Dynamics configured"
07/16/2023 01:34:58 PM ObjectParser: b"Object 'Cylinder_1' has no Amesim Dynamics configured"
07/16/2023 01:34:58 PM ObjectParser: b"Object 'Audi_A8_Sedan_1' has no Amesim Dynamics configured"
07/16/2023 01:38:59 PM ObjectParser: b"Object 'MercedesBenz' has no Amesim Dynamics configured"
07/16/2023 01:38:59 PM ObjectParser: b"Object 'NCAP_Adult_1' has no Amesim Dynamics configured"
07/16/2023 01:38:59 PM ObjectParser: b"Object 'Male_200_1' has no Amesim Dynamics configured"
07/16/2023 01:38:59 PM ObjectParser: b"Object 'Cylinder_1' has no Amesim Dynamics configured"
07/16/2023 01:38:59 PM ObjectParser: b"Object 'Audi_A8_Sedan_1' has no Amesim Dynamics configured"
07/16/2023 01:39:25 PM ObjectParser: b"Object 'MercedesBenz' has no Amesim Dynamics configured"
07/16/2023 01:39:25 PM ObjectParser: b"Object 'NCAP_Adult_1' has no Amesim Dynamics configured"
07/16/2023 01:39:25 PM ObjectParser: b"Object 'Male_200_1' has no Amesim Dynamics configured"
07/16/2023 01:39:25 PM ObjectParser: b"Object 'Cylinder_1' has no Amesim Dynamics configured"
07/16/2023 01:39:25 PM ObjectParser: b"Object 'Audi_A8_Sedan_1' has no Amesim Dynamics configured"
07/16/2023 01:40:00 PM ObjectParser: b"Object 'MercedesBenz' has no Amesim Dynamics configured"
07/16/2023 01:40:00 PM ObjectParser: b"Object 'NCAP_Adult_1' has no Amesim Dynamics configured"
07/16/2023 01:40:00 PM ObjectParser: b"Object 'Male_200_1' has no Amesim Dynamics configured"
07/16/2023 01:40:00 PM ObjectParser: b"Object 'Cylinder_1' has no Amesim Dynamics configured"
07/16/2023 01:40:00 PM ObjectParser: b"Object 'Audi_A8_Sedan_1' has no Amesim Dynamics configured"
07/16/2023 01:45:46 PM ObjectParser: b"Object 'MercedesBenz' has no Amesim Dynamics configured"
07/16/2023 01:45:46 PM ObjectParser: b"Object 'NCAP_Adult_1' has no Amesim Dynamics configured"
07/16/2023 01:45:46 PM ObjectParser: b"Object 'Male_200_1' has no Amesim Dynamics configured"
07/16/2023 01:45:46 PM ObjectParser: b"Object 'Cylinder_1' has no Amesim Dynamics configured"
07/16/2023 01:45:46 PM ObjectParser: b"Object 'Audi_A8_Sedan_1' has no Amesim Dynamics configured"
07/16/2023 01:46:30 PM ObjectParser: b"Object 'MercedesBenz' has no Amesim Dynamics configured"
07/16/2023 01:46:30 PM ObjectParser: b"Object 'NCAP_Adult_1' has no Amesim Dynamics configured"
07/16/2023 01:46:30 PM ObjectParser: b"Object 'Male_200_1' has no Amesim Dynamics configured"
07/16/2023 01:46:30 PM ObjectParser: b"Object 'Cylinder_1' has no Amesim Dynamics configured"
07/16/2023 01:46:30 PM ObjectParser: b"Object 'Audi_A8_Sedan_1' has no Amesim Dynamics configured"
07/16/2023 01:46:53 PM ObjectParser: b"Object 'MercedesBenz' has no Amesim Dynamics configured"
07/16/2023 01:46:53 PM ObjectParser: b"Object 'NCAP_Adult_1' has no Amesim Dynamics configured"
07/16/2023 01:46:53 PM ObjectParser: b"Object 'Male_200_1' has no Amesim Dynamics configured"
07/16/2023 01:46:53 PM ObjectParser: b"Object 'Cylinder_1' has no Amesim Dynamics configured"
07/16/2023 01:46:53 PM ObjectParser: b"Object 'Audi_A8_Sedan_1' has no Amesim Dynamics configured"
07/16/2023 02:02:00 PM ObjectParser: b"Object 'MercedesBenz' has no Amesim Dynamics configured"
07/16/2023 02:02:00 PM ObjectParser: b"Object 'NCAP_Adult_1' has no Amesim Dynamics configured"
07/16/2023 02:02:00 PM ObjectParser: b"Object 'Male_200_1' has no Amesim Dynamics configured"
07/16/2023 02:02:00 PM ObjectParser: b"Object 'Cylinder_1' has no Amesim Dynamics configured"
07/16/2023 02:02:00 PM ObjectParser: b"Object 'Audi_A8_Sedan_1' has no Amesim Dynamics configured"
07/16/2023 02:04:27 PM ObjectParser: b"Object 'MercedesBenz' has no Amesim Dynamics configured"
07/16/2023 02:04:27 PM ObjectParser: b"Object 'NCAP_Adult_1' has no Amesim Dynamics configured"
07/16/2023 02:04:27 PM ObjectParser: b"Object 'Male_200_1' has no Amesim Dynamics configured"
07/16/2023 02:04:27 PM ObjectParser: b"Object 'Cylinder_1' has no Amesim Dynamics configured"
07/16/2023 02:04:27 PM ObjectParser: b"Object 'Audi_A8_Sedan_1' has no Amesim Dynamics configured"
07/16/2023 02:06:01 PM ObjectParser: b"Object 'MercedesBenz' has no Amesim Dynamics configured"
07/16/2023 02:06:01 PM ObjectParser: b"Object 'NCAP_Adult_1' has no Amesim Dynamics configured"
07/16/2023 02:06:01 PM ObjectParser: b"Object 'Male_200_1' has no Amesim Dynamics configured"
07/16/2023 02:06:01 PM ObjectParser: b"Object 'Cylinder_1' has no Amesim Dynamics configured"
07/16/2023 02:06:01 PM ObjectParser: b"Object 'Audi_A8_Sedan_1' has no Amesim Dynamics configured"
07/16/2023 02:29:50 PM ObjectParser: b"Object 'MercedesBenz' has no Amesim Dynamics configured"
07/16/2023 02:29:50 PM ObjectParser: b"Object 'NCAP_Adult_1' has no Amesim Dynamics configured"
07/16/2023 02:29:50 PM ObjectParser: b"Object 'Male_200_1' has no Amesim Dynamics configured"
07/16/2023 02:29:50 PM ObjectParser: b"Object 'Cylinder_1' has no Amesim Dynamics configured"
07/16/2023 02:29:50 PM ObjectParser: b"Object 'Audi_A8_Sedan_1' has no Amesim Dynamics configured"
07/16/2023 02:30:58 PM ObjectParser: b"Object 'MercedesBenz' has no Amesim Dynamics configured"
07/16/2023 02:30:58 PM ObjectParser: b"Object 'NCAP_Adult_1' has no Amesim Dynamics configured"
07/16/2023 02:30:58 PM ObjectParser: b"Object 'Male_200_1' has no Amesim Dynamics configured"
07/16/2023 02:30:58 PM ObjectParser: b"Object 'Cylinder_1' has no Amesim Dynamics configured"
07/16/2023 02:30:58 PM ObjectParser: b"Object 'Audi_A8_Sedan_1' has no Amesim Dynamics configured"
07/16/2023 02:36:55 PM ObjectParser: b"Object 'MercedesBenz' has no Amesim Dynamics configured"
07/16/2023 02:36:55 PM ObjectParser: b"Object 'NCAP_Adult_1' has no Amesim Dynamics configured"
07/16/2023 02:36:55 PM ObjectParser: b"Object 'Male_200_1' has no Amesim Dynamics configured"
07/16/2023 02:36:55 PM ObjectParser: b"Object 'Cylinder_1' has no Amesim Dynamics configured"
07/16/2023 02:36:55 PM ObjectParser: b"Object 'Audi_A8_Sedan_1' has no Amesim Dynamics configured"
07/16/2023 02:37:46 PM ObjectParser: b"Object 'MercedesBenz' has no Amesim Dynamics configured"
07/16/2023 02:37:46 PM ObjectParser: b"Object 'NCAP_Adult_1' has no Amesim Dynamics configured"
07/16/2023 02:37:46 PM ObjectParser: b"Object 'Male_200_1' has no Amesim Dynamics configured"
07/16/2023 02:37:46 PM ObjectParser: b"Object 'Cylinder_1' has no Amesim Dynamics configured"
07/16/2023 02:37:46 PM ObjectParser: b"Object 'Audi_A8_Sedan_1' has no Amesim Dynamics configured"
07/16/2023 02:44:57 PM ObjectParser: b"Object 'MercedesBenz' has no Amesim Dynamics configured"
07/16/2023 02:44:57 PM ObjectParser: b"Object 'NCAP_Adult_1' has no Amesim Dynamics configured"
07/16/2023 02:44:57 PM ObjectParser: b"Object 'Male_200_1' has no Amesim Dynamics configured"
07/16/2023 02:44:57 PM ObjectParser: b"Object 'Cylinder_1' has no Amesim Dynamics configured"
07/16/2023 02:44:57 PM ObjectParser: b"Object 'Audi_A8_Sedan_1' has no Amesim Dynamics configured"
07/16/2023 02:48:32 PM ObjectParser: b"Object 'MercedesBenz' has no Amesim Dynamics configured"
07/16/2023 02:48:32 PM ObjectParser: b"Object 'NCAP_Adult_1' has no Amesim Dynamics configured"
07/16/2023 02:48:32 PM ObjectParser: b"Object 'Male_200_1' has no Amesim Dynamics configured"
07/16/2023 02:48:32 PM ObjectParser: b"Object 'Cylinder_1' has no Amesim Dynamics configured"
07/16/2023 02:48:32 PM ObjectParser: b"Object 'Audi_A8_Sedan_1' has no Amesim Dynamics configured"
07/16/2023 02:48:39 PM ObjectParser: b"Object 'MercedesBenz' has no Amesim Dynamics configured"
07/16/2023 02:48:39 PM ObjectParser: b"Object 'NCAP_Adult_1' has no Amesim Dynamics configured"
07/16/2023 02:48:39 PM ObjectParser: b"Object 'Male_200_1' has no Amesim Dynamics configured"
07/16/2023 02:48:39 PM ObjectParser: b"Object 'Cylinder_1' has no Amesim Dynamics configured"
07/16/2023 02:48:39 PM ObjectParser: b"Object 'Audi_A8_Sedan_1' has no Amesim Dynamics configured"
07/16/2023 02:50:23 PM ObjectParser: b"Object 'MercedesBenz' has no Amesim Dynamics configured"
07/16/2023 02:50:23 PM ObjectParser: b"Object 'NCAP_Adult_1' has no Amesim Dynamics configured"
07/16/2023 02:50:23 PM ObjectParser: b"Object 'Male_200_1' has no Amesim Dynamics configured"
07/16/2023 02:50:23 PM ObjectParser: b"Object 'Cylinder_1' has no Amesim Dynamics configured"
07/16/2023 02:50:23 PM ObjectParser: b"Object 'Audi_A8_Sedan_1' has no Amesim Dynamics configured"
07/16/2023 02:52:18 PM ObjectParser: b"Object 'MercedesBenz' has no Amesim Dynamics configured"
07/16/2023 02:52:18 PM ObjectParser: b"Object 'NCAP_Adult_1' has no Amesim Dynamics configured"
07/16/2023 02:52:18 PM ObjectParser: b"Object 'Male_200_1' has no Amesim Dynamics configured"
07/16/2023 02:52:18 PM ObjectParser: b"Object 'Cylinder_1' has no Amesim Dynamics configured"
07/16/2023 02:52:18 PM ObjectParser: b"Object 'Audi_A8_Sedan_1' has no Amesim Dynamics configured"
07/16/2023 03:00:26 PM ObjectParser: b"Object 'MercedesBenz' has no Amesim Dynamics configured"
07/16/2023 03:00:26 PM ObjectParser: b"Object 'NCAP_Adult_1' has no Amesim Dynamics configured"
07/16/2023 03:00:26 PM ObjectParser: b"Object 'Male_200_1' has no Amesim Dynamics configured"
07/16/2023 03:00:26 PM ObjectParser: b"Object 'Cylinder_1' has no Amesim Dynamics configured"
07/16/2023 03:00:26 PM ObjectParser: b"Object 'Audi_A8_Sedan_1' has no Amesim Dynamics configured"
07/16/2023 03:03:04 PM ObjectParser: b"Object 'MercedesBenz' has no Amesim Dynamics configured"
07/16/2023 03:03:04 PM ObjectParser: b"Object 'NCAP_Adult_1' has no Amesim Dynamics configured"
07/16/2023 03:03:04 PM ObjectParser: b"Object 'Male_200_1' has no Amesim Dynamics configured"
07/16/2023 03:03:04 PM ObjectParser: b"Object 'Cylinder_1' has no Amesim Dynamics configured"
07/16/2023 03:03:04 PM ObjectParser: b"Object 'Audi_A8_Sedan_1' has no Amesim Dynamics configured"
07/16/2023 03:22:54 PM ObjectParser: b"Object 'MercedesBenz' has no Amesim Dynamics configured"
07/16/2023 03:22:54 PM ObjectParser: b"Object 'NCAP_Adult_1' has no Amesim Dynamics configured"
07/16/2023 03:22:54 PM ObjectParser: b"Object 'Male_200_1' has no Amesim Dynamics configured"
07/16/2023 03:22:54 PM ObjectParser: b"Object 'Cylinder_1' has no Amesim Dynamics configured"
07/16/2023 03:22:54 PM ObjectParser: b"Object 'Audi_A8_Sedan_1' has no Amesim Dynamics configured"
07/16/2023 03:23:01 PM ObjectParser: b"Object 'MercedesBenz' has no Amesim Dynamics configured"
07/16/2023 03:23:01 PM ObjectParser: b"Object 'NCAP_Adult_1' has no Amesim Dynamics configured"
07/16/2023 03:23:01 PM ObjectParser: b"Object 'Male_200_1' has no Amesim Dynamics configured"
07/16/2023 03:23:01 PM ObjectParser: b"Object 'Cylinder_1' has no Amesim Dynamics configured"
07/16/2023 03:23:01 PM ObjectParser: b"Object 'Audi_A8_Sedan_1' has no Amesim Dynamics configured"
07/16/2023 03:23:36 PM ObjectParser: b"Object 'MercedesBenz' has no Amesim Dynamics configured"
07/16/2023 03:23:36 PM ObjectParser: b"Object 'NCAP_Adult_1' has no Amesim Dynamics configured"
07/16/2023 03:23:36 PM ObjectParser: b"Object 'Male_200_1' has no Amesim Dynamics configured"
07/16/2023 03:23:36 PM ObjectParser: b"Object 'Cylinder_1' has no Amesim Dynamics configured"
07/16/2023 03:23:36 PM ObjectParser: b"Object 'Audi_A8_Sedan_1' has no Amesim Dynamics configured"
07/16/2023 03:24:51 PM ObjectParser: b"Object 'MercedesBenz' has no Amesim Dynamics configured"
07/16/2023 03:24:51 PM ObjectParser: b"Object 'NCAP_Adult_1' has no Amesim Dynamics configured"
07/16/2023 03:24:51 PM ObjectParser: b"Object 'Male_200_1' has no Amesim Dynamics configured"
07/16/2023 03:24:51 PM ObjectParser: b"Object 'Cylinder_1' has no Amesim Dynamics configured"
07/16/2023 03:24:51 PM ObjectParser: b"Object 'Audi_A8_Sedan_1' has no Amesim Dynamics configured"
07/16/2023 03:26:16 PM ObjectParser: b"Object 'MercedesBenz' has no Amesim Dynamics configured"
07/16/2023 03:26:16 PM ObjectParser: b"Object 'NCAP_Adult_1' has no Amesim Dynamics configured"
07/16/2023 03:26:16 PM ObjectParser: b"Object 'Male_200_1' has no Amesim Dynamics configured"
07/16/2023 03:26:16 PM ObjectParser: b"Object 'Cylinder_1' has no Amesim Dynamics configured"
07/16/2023 03:26:16 PM ObjectParser: b"Object 'Audi_A8_Sedan_1' has no Amesim Dynamics configured"
07/16/2023 03:34:47 PM ObjectParser: b"Object 'MercedesBenz' has no Amesim Dynamics configured"
07/16/2023 03:34:47 PM ObjectParser: b"Object 'NCAP_Adult_1' has no Amesim Dynamics configured"
07/16/2023 03:34:47 PM ObjectParser: b"Object 'Male_200_1' has no Amesim Dynamics configured"
07/16/2023 03:34:47 PM ObjectParser: b"Object 'Cylinder_1' has no Amesim Dynamics configured"
07/16/2023 03:34:47 PM ObjectParser: b"Object 'Audi_A8_Sedan_1' has no Amesim Dynamics configured"
07/16/2023 03:39:08 PM ObjectParser: b"Object 'MercedesBenz' has no Amesim Dynamics configured"
07/16/2023 03:39:08 PM ObjectParser: b"Object 'NCAP_Adult_1' has no Amesim Dynamics configured"
07/16/2023 03:39:08 PM ObjectParser: b"Object 'Male_200_1' has no Amesim Dynamics configured"
07/16/2023 03:39:08 PM ObjectParser: b"Object 'Cylinder_1' has no Amesim Dynamics configured"
07/16/2023 03:39:08 PM ObjectParser: b"Object 'Audi_A8_Sedan_1' has no Amesim Dynamics configured"
07/16/2023 03:40:33 PM ObjectParser: b"Object 'MercedesBenz' has no Amesim Dynamics configured"
07/16/2023 03:40:33 PM ObjectParser: b"Object 'NCAP_Adult_1' has no Amesim Dynamics configured"
07/16/2023 03:40:33 PM ObjectParser: b"Object 'Male_200_1' has no Amesim Dynamics configured"
07/16/2023 03:40:33 PM ObjectParser: b"Object 'Cylinder_1' has no Amesim Dynamics configured"
07/16/2023 03:40:33 PM ObjectParser: b"Object 'Audi_A8_Sedan_1' has no Amesim Dynamics configured"
07/16/2023 07:46:26 PM ObjectParser: b"Object 'MercedesBenz' has no Amesim Dynamics configured"
07/16/2023 07:46:26 PM ObjectParser: b"Object 'NCAP_Adult_1' has no Amesim Dynamics configured"
07/16/2023 07:46:26 PM ObjectParser: b"Object 'Male_200_1' has no Amesim Dynamics configured"
07/16/2023 07:46:26 PM ObjectParser: b"Object 'Cylinder_1' has no Amesim Dynamics configured"
07/16/2023 07:46:26 PM ObjectParser: b"Object 'Audi_A8_Sedan_1' has no Amesim Dynamics configured"
07/16/2023 07:46:34 PM ObjectParser: b"Object 'MercedesBenz' has no Amesim Dynamics configured"
07/16/2023 07:46:34 PM ObjectParser: b"Object 'NCAP_Adult_1' has no Amesim Dynamics configured"
07/16/2023 07:46:34 PM ObjectParser: b"Object 'Male_200_1' has no Amesim Dynamics configured"
07/16/2023 07:46:34 PM ObjectParser: b"Object 'Cylinder_1' has no Amesim Dynamics configured"
07/16/2023 07:46:34 PM ObjectParser: b"Object 'Audi_A8_Sedan_1' has no Amesim Dynamics configured"
07/16/2023 07:51:49 PM ObjectParser: b"Object 'MercedesBenz' has no Amesim Dynamics configured"
07/16/2023 07:51:49 PM ObjectParser: b"Object 'NCAP_Adult_1' has no Amesim Dynamics configured"
07/16/2023 07:51:49 PM ObjectParser: b"Object 'Male_200_1' has no Amesim Dynamics configured"
07/16/2023 07:51:49 PM ObjectParser: b"Object 'Cylinder_1' has no Amesim Dynamics configured"
07/16/2023 07:51:49 PM ObjectParser: b"Object 'Audi_A8_Sedan_1' has no Amesim Dynamics configured"
07/16/2023 07:57:13 PM ObjectParser: b"Object 'MercedesBenz' has no Amesim Dynamics configured"
07/16/2023 07:57:13 PM ObjectParser: b"Object 'NCAP_Adult_1' has no Amesim Dynamics configured"
07/16/2023 07:57:13 PM ObjectParser: b"Object 'Male_200_1' has no Amesim Dynamics configured"
07/16/2023 07:57:13 PM ObjectParser: b"Object 'Cylinder_1' has no Amesim Dynamics configured"
07/16/2023 07:57:13 PM ObjectParser: b"Object 'Audi_A8_Sedan_1' has no Amesim Dynamics configured"
07/16/2023 07:59:42 PM ObjectParser: b"Object 'MercedesBenz' has no Amesim Dynamics configured"
07/16/2023 07:59:42 PM ObjectParser: b"Object 'NCAP_Adult_1' has no Amesim Dynamics configured"
07/16/2023 07:59:42 PM ObjectParser: b"Object 'Male_200_1' has no Amesim Dynamics configured"
07/16/2023 07:59:42 PM ObjectParser: b"Object 'Cylinder_1' has no Amesim Dynamics configured"
07/16/2023 07:59:42 PM ObjectParser: b"Object 'Audi_A8_Sedan_1' has no Amesim Dynamics configured"
07/16/2023 08:02:01 PM ObjectParser: b"Object 'MercedesBenz' has no Amesim Dynamics configured"
07/16/2023 08:02:01 PM ObjectParser: b"Object 'NCAP_Adult_1' has no Amesim Dynamics configured"
07/16/2023 08:02:01 PM ObjectParser: b"Object 'Male_200_1' has no Amesim Dynamics configured"
07/16/2023 08:02:01 PM ObjectParser: b"Object 'Cylinder_1' has no Amesim Dynamics configured"
07/16/2023 08:02:01 PM ObjectParser: b"Object 'Audi_A8_Sedan_1' has no Amesim Dynamics configured"
07/16/2023 09:17:13 PM ObjectParser: b"Object 'MercedesBenz' has no Amesim Dynamics configured"
07/16/2023 09:17:13 PM ObjectParser: b"Object 'NCAP_Adult_1' has no Amesim Dynamics configured"
07/16/2023 09:17:13 PM ObjectParser: b"Object 'Male_200_1' has no Amesim Dynamics configured"
07/16/2023 09:17:13 PM ObjectParser: b"Object 'Cylinder_1' has no Amesim Dynamics configured"
07/16/2023 09:17:13 PM ObjectParser: b"Object 'Audi_A8_Sedan_1' has no Amesim Dynamics configured"
07/16/2023 09:22:00 PM ObjectParser: b"Object 'MercedesBenz' has no Amesim Dynamics configured"
07/16/2023 09:22:00 PM ObjectParser: b"Object 'NCAP_Adult_1' has no Amesim Dynamics configured"
07/16/2023 09:22:00 PM ObjectParser: b"Object 'Male_200_1' has no Amesim Dynamics configured"
07/16/2023 09:22:00 PM ObjectParser: b"Object 'Cylinder_1' has no Amesim Dynamics configured"
07/16/2023 09:22:00 PM ObjectParser: b"Object 'Audi_A8_Sedan_1' has no Amesim Dynamics configured"
07/16/2023 09:22:52 PM ObjectParser: b"Object 'MercedesBenz' has no Amesim Dynamics configured"
07/16/2023 09:22:52 PM ObjectParser: b"Object 'NCAP_Adult_1' has no Amesim Dynamics configured"
07/16/2023 09:22:52 PM ObjectParser: b"Object 'Male_200_1' has no Amesim Dynamics configured"
07/16/2023 09:22:52 PM ObjectParser: b"Object 'Cylinder_1' has no Amesim Dynamics configured"
07/16/2023 09:22:52 PM ObjectParser: b"Object 'Audi_A8_Sedan_1' has no Amesim Dynamics configured"
07/16/2023 09:37:21 PM ObjectParser: b"Object 'MercedesBenz' has no Amesim Dynamics configured"
07/16/2023 09:37:21 PM ObjectParser: b"Object 'NCAP_Adult_1' has no Amesim Dynamics configured"
07/16/2023 09:37:21 PM ObjectParser: b"Object 'Male_200_1' has no Amesim Dynamics configured"
07/16/2023 09:37:21 PM ObjectParser: b"Object 'Cylinder_1' has no Amesim Dynamics configured"
07/16/2023 09:37:21 PM ObjectParser: b"Object 'Audi_A8_Sedan_1' has no Amesim Dynamics configured"
07/16/2023 09:40:21 PM ObjectParser: b"Object 'MercedesBenz' has no Amesim Dynamics configured"
07/16/2023 09:40:21 PM ObjectParser: b"Object 'NCAP_Adult_1' has no Amesim Dynamics configured"
07/16/2023 09:40:21 PM ObjectParser: b"Object 'Male_200_1' has no Amesim Dynamics configured"
07/16/2023 09:40:21 PM ObjectParser: b"Object 'Cylinder_1' has no Amesim Dynamics configured"
07/16/2023 09:40:21 PM ObjectParser: b"Object 'Audi_A8_Sedan_1' has no Amesim Dynamics configured"
07/16/2023 09:41:36 PM ObjectParser: b"Object 'MercedesBenz' has no Amesim Dynamics configured"
07/16/2023 09:41:36 PM ObjectParser: b"Object 'NCAP_Adult_1' has no Amesim Dynamics configured"
07/16/2023 09:41:36 PM ObjectParser: b"Object 'Male_200_1' has no Amesim Dynamics configured"
07/16/2023 09:41:36 PM ObjectParser: b"Object 'Cylinder_1' has no Amesim Dynamics configured"
07/16/2023 09:41:36 PM ObjectParser: b"Object 'Audi_A8_Sedan_1' has no Amesim Dynamics configured"
07/16/2023 09:42:18 PM ObjectParser: b"Object 'MercedesBenz' has no Amesim Dynamics configured"
07/16/2023 09:42:18 PM ObjectParser: b"Object 'NCAP_Adult_1' has no Amesim Dynamics configured"
07/16/2023 09:42:18 PM ObjectParser: b"Object 'Male_200_1' has no Amesim Dynamics configured"
07/16/2023 09:42:18 PM ObjectParser: b"Object 'Cylinder_1' has no Amesim Dynamics configured"
07/16/2023 09:42:18 PM ObjectParser: b"Object 'Audi_A8_Sedan_1' has no Amesim Dynamics configured"
07/16/2023 09:58:11 PM ObjectParser: b"Object 'MercedesBenz' has no Amesim Dynamics configured"
07/16/2023 09:58:11 PM ObjectParser: b"Object 'NCAP_Adult_1' has no Amesim Dynamics configured"
07/16/2023 09:58:11 PM ObjectParser: b"Object 'Male_200_1' has no Amesim Dynamics configured"
07/16/2023 09:58:11 PM ObjectParser: b"Object 'Cylinder_1' has no Amesim Dynamics configured"
07/16/2023 09:58:11 PM ObjectParser: b"Object 'Audi_A8_Sedan_1' has no Amesim Dynamics configured"
07/16/2023 10:00:46 PM ObjectParser: b"Object 'MercedesBenz' has no Amesim Dynamics configured"
07/16/2023 10:00:46 PM ObjectParser: b"Object 'NCAP_Adult_1' has no Amesim Dynamics configured"
07/16/2023 10:00:46 PM ObjectParser: b"Object 'Male_200_1' has no Amesim Dynamics configured"
07/16/2023 10:00:46 PM ObjectParser: b"Object 'Cylinder_1' has no Amesim Dynamics configured"
07/16/2023 10:00:46 PM ObjectParser: b"Object 'Audi_A8_Sedan_1' has no Amesim Dynamics configured"
07/16/2023 10:01:29 PM ObjectParser: b"Object 'MercedesBenz' has no Amesim Dynamics configured"
07/16/2023 10:01:29 PM ObjectParser: b"Object 'NCAP_Adult_1' has no Amesim Dynamics configured"
07/16/2023 10:01:29 PM ObjectParser: b"Object 'Male_200_1' has no Amesim Dynamics configured"
07/16/2023 10:01:29 PM ObjectParser: b"Object 'Cylinder_1' has no Amesim Dynamics configured"
07/16/2023 10:01:29 PM ObjectParser: b"Object 'Audi_A8_Sedan_1' has no Amesim Dynamics configured"
07/16/2023 10:06:48 PM ObjectParser: b"Object 'MercedesBenz' has no Amesim Dynamics configured"
07/16/2023 10:06:48 PM ObjectParser: b"Object 'NCAP_Adult_1' has no Amesim Dynamics configured"
07/16/2023 10:06:48 PM ObjectParser: b"Object 'Male_200_1' has no Amesim Dynamics configured"
07/16/2023 10:06:48 PM ObjectParser: b"Object 'Cylinder_1' has no Amesim Dynamics configured"
07/16/2023 10:06:48 PM ObjectParser: b"Object 'Audi_A8_Sedan_1' has no Amesim Dynamics configured"
07/16/2023 10:11:23 PM ObjectParser: b"Object 'MercedesBenz' has no Amesim Dynamics configured"
07/16/2023 10:11:23 PM ObjectParser: b"Object 'NCAP_Adult_1' has no Amesim Dynamics configured"
07/16/2023 10:11:23 PM ObjectParser: b"Object 'Male_200_1' has no Amesim Dynamics configured"
07/16/2023 10:11:23 PM ObjectParser: b"Object 'Cylinder_1' has no Amesim Dynamics configured"
07/16/2023 10:11:23 PM ObjectParser: b"Object 'Audi_A8_Sedan_1' has no Amesim Dynamics configured"
07/16/2023 10:23:26 PM ObjectParser: b"Object 'MercedesBenz' has no Amesim Dynamics configured"
07/16/2023 10:23:26 PM ObjectParser: b"Object 'NCAP_Adult_1' has no Amesim Dynamics configured"
07/16/2023 10:23:26 PM ObjectParser: b"Object 'Male_200_1' has no Amesim Dynamics configured"
07/16/2023 10:23:26 PM ObjectParser: b"Object 'Cylinder_1' has no Amesim Dynamics configured"
07/16/2023 10:23:26 PM ObjectParser: b"Object 'Audi_A8_Sedan_1' has no Amesim Dynamics configured"
07/16/2023 10:25:26 PM ObjectParser: b"Object 'MercedesBenz' has no Amesim Dynamics configured"
07/16/2023 10:25:26 PM ObjectParser: b"Object 'NCAP_Adult_1' has no Amesim Dynamics configured"
07/16/2023 10:25:26 PM ObjectParser: b"Object 'Male_200_1' has no Amesim Dynamics configured"
07/16/2023 10:25:26 PM ObjectParser: b"Object 'Cylinder_1' has no Amesim Dynamics configured"
07/16/2023 10:25:26 PM ObjectParser: b"Object 'Audi_A8_Sedan_1' has no Amesim Dynamics configured"
07/16/2023 10:38:59 PM ObjectParser: b"Object 'MercedesBenz' has no Amesim Dynamics configured"
07/16/2023 10:38:59 PM ObjectParser: b"Object 'NCAP_Adult_1' has no Amesim Dynamics configured"
07/16/2023 10:38:59 PM ObjectParser: b"Object 'Male_200_1' has no Amesim Dynamics configured"
07/16/2023 10:38:59 PM ObjectParser: b"Object 'Cylinder_1' has no Amesim Dynamics configured"
07/16/2023 10:38:59 PM ObjectParser: b"Object 'Audi_A8_Sedan_1' has no Amesim Dynamics configured"
07/16/2023 10:43:17 PM ObjectParser: b"Object 'MercedesBenz' has no Amesim Dynamics configured"
07/16/2023 10:43:17 PM ObjectParser: b"Object 'NCAP_Adult_1' has no Amesim Dynamics configured"
07/16/2023 10:43:17 PM ObjectParser: b"Object 'Male_200_1' has no Amesim Dynamics configured"
07/16/2023 10:43:17 PM ObjectParser: b"Object 'Cylinder_1' has no Amesim Dynamics configured"
07/16/2023 10:43:17 PM ObjectParser: b"Object 'Audi_A8_Sedan_1' has no Amesim Dynamics configured"
07/16/2023 10:51:05 PM ObjectParser: b"Object 'MercedesBenz' has no Amesim Dynamics configured"
07/16/2023 10:51:05 PM ObjectParser: b"Object 'NCAP_Adult_1' has no Amesim Dynamics configured"
07/16/2023 10:51:05 PM ObjectParser: b"Object 'Male_200_1' has no Amesim Dynamics configured"
07/16/2023 10:51:05 PM ObjectParser: b"Object 'Cylinder_1' has no Amesim Dynamics configured"
07/16/2023 10:51:05 PM ObjectParser: b"Object 'Audi_A8_Sedan_1' has no Amesim Dynamics configured"
07/16/2023 11:00:41 PM ObjectParser: b"Object 'MercedesBenz' has no Amesim Dynamics configured"
07/16/2023 11:00:41 PM ObjectParser: b"Object 'NCAP_Adult_1' has no Amesim Dynamics configured"
07/16/2023 11:00:41 PM ObjectParser: b"Object 'Male_200_1' has no Amesim Dynamics configured"
07/16/2023 11:00:41 PM ObjectParser: b"Object 'Cylinder_1' has no Amesim Dynamics configured"
07/16/2023 11:00:41 PM ObjectParser: b"Object 'Audi_A8_Sedan_1' has no Amesim Dynamics configured"
