07/19/2023 10:51:45 AM ObjectsSensorsParser: b"Object 'Audi_A3_1' has no Amesim Dynamics configured"
07/19/2023 10:51:45 AM ObjectsSensorsParser: b"WorldObject 'Audi_A3_1' has no active trajectory"
07/19/2023 11:12:04 AM ObjectsSensorsParser: b"Object 'Audi_A3_1' has no Amesim Dynamics configured"
07/19/2023 11:12:04 AM ObjectsSensorsParser: b"WorldObject 'Audi_A3_1' has no active trajectory"
07/19/2023 11:14:55 AM ObjectsSensorsParser: b"Object 'Audi_A3_1' has no Amesim Dynamics configured"
07/19/2023 11:14:55 AM ObjectsSensorsParser: b"WorldObject 'Audi_A3_1' has no active trajectory"
07/19/2023 11:28:15 AM ObjectsSensorsParser: b"Object 'Audi_A3_1' has no Amesim Dynamics configured"
07/19/2023 11:28:15 AM ObjectsSensorsParser: b"WorldObject 'Audi_A3_1' has no active trajectory"
07/19/2023 11:28:22 AM ObjectsSensorsParser: b"Object 'Audi_A3_1' has no Amesim Dynamics configured"
07/19/2023 11:28:22 AM ObjectsSensorsParser: b"WorldObject 'Audi_A3_1' has no active trajectory"
07/19/2023 11:29:40 AM ObjectsSensorsParser: b"Object 'Audi_A3_1' has no Amesim Dynamics configured"
07/19/2023 11:29:40 AM ObjectsSensorsParser: b"WorldObject 'Audi_A3_1' has no active trajectory"
07/19/2023 11:43:58 AM ObjectsSensorsParser: b"Object 'Audi_A3_1' has no Amesim Dynamics configured"
07/19/2023 11:43:58 AM ObjectsSensorsParser: b"WorldObject 'Audi_A3_1' has no active trajectory"
07/19/2023 12:33:08 PM ObjectsSensorsParser: b"Object 'Audi_A3_1' has no Amesim Dynamics configured"
07/19/2023 12:33:08 PM ObjectsSensorsParser: b"WorldObject 'Audi_A3_1' has no active trajectory"
07/19/2023 12:33:40 PM ObjectsSensorsParser: b"Object 'Audi_A3_1' has no Amesim Dynamics configured"
07/19/2023 12:33:40 PM ObjectsSensorsParser: b"WorldObject 'Audi_A3_1' has no active trajectory"
07/19/2023 12:35:35 PM ObjectsSensorsParser: b"Object 'Audi_A3_1' has no Amesim Dynamics configured"
07/19/2023 12:35:35 PM ObjectsSensorsParser: b"WorldObject 'Audi_A3_1' has no active trajectory"
07/19/2023 12:39:41 PM ObjectsSensorsParser: b"Object 'Audi_A3_1' has no Amesim Dynamics configured"
07/19/2023 12:39:41 PM ObjectsSensorsParser: b"WorldObject 'Audi_A3_1' has no active trajectory"
07/19/2023 12:46:37 PM ObjectsSensorsParser: b"Object 'Audi_A3_1' has no Amesim Dynamics configured"
07/19/2023 12:46:37 PM ObjectsSensorsParser: b"WorldObject 'Audi_A3_1' has no active trajectory"
07/19/2023 02:37:55 PM ObjectsSensorsParser: b"Object 'Audi_A3_1' has no Amesim Dynamics configured"
07/19/2023 02:37:55 PM ObjectsSensorsParser: b"WorldObject 'Audi_A3_1' has no active trajectory"
07/19/2023 04:00:36 PM ObjectsSensorsParser: b"Object 'Audi_A3_1' has no Amesim Dynamics configured"
07/19/2023 04:00:36 PM ObjectsSensorsParser: b"WorldObject 'Audi_A3_1' has no active trajectory"
07/19/2023 04:06:27 PM ObjectsSensorsParser: b"Object 'Audi_A3_1' has no Amesim Dynamics configured"
07/19/2023 04:06:27 PM ObjectsSensorsParser: b"WorldObject 'Audi_A3_1' has no active trajectory"
07/19/2023 04:56:15 PM ObjectsSensorsParser: b"Object 'Audi_A3_1' has no Amesim Dynamics configured"
07/19/2023 04:56:15 PM ObjectsSensorsParser: b"WorldObject 'Audi_A3_1' has no active trajectory"
07/19/2023 05:28:09 PM ObjectsSensorsParser: b"Object 'Container_Trailer_1' has no Amesim Dynamics configured"
07/19/2023 05:28:09 PM ObjectsSensorsParser: b"WorldObject 'Container_Trailer_1' has no active trajectory"
07/19/2023 05:40:37 PM ObjectsSensorsParser: b"WorldObject 'DAF_95_XF_1' has no active trajectory"
07/19/2023 05:40:37 PM ObjectsSensorsParser: b"Object 'Container_Trailer_1' has no Amesim Dynamics configured"
07/19/2023 05:40:37 PM ObjectsSensorsParser: b"WorldObject 'Container_Trailer_1' has no active trajectory"
07/19/2023 06:09:11 PM ObjectsSensorsParser: b"WorldObject 'DAF_95_XF' has no active trajectory"
07/19/2023 06:09:11 PM ObjectsSensorsParser: b"Object 'MercedesBenz' has no Amesim Dynamics configured"
07/19/2023 06:10:17 PM ObjectsSensorsParser: b"WorldObject 'DAF_95_XF' has no active trajectory"
07/19/2023 06:10:17 PM ObjectsSensorsParser: b"Object 'MercedesBenz' has no Amesim Dynamics configured"
07/19/2023 08:03:47 PM ObjectsSensorsParser: b"WorldObject 'DAF_95_XF' has no active trajectory"
07/19/2023 08:03:47 PM ObjectsSensorsParser: b"Object 'MercedesBenz' has no Amesim Dynamics configured"
07/19/2023 08:05:02 PM ObjectsSensorsParser: b"WorldObject 'DAF_95_XF' has no active trajectory"
07/19/2023 08:05:02 PM ObjectsSensorsParser: b"Object 'MercedesBenz' has no Amesim Dynamics configured"
07/19/2023 08:08:10 PM ObjectsSensorsParser: b"WorldObject 'DAF_95_XF' has no active trajectory"
07/19/2023 08:08:10 PM ObjectsSensorsParser: b"Object 'MercedesBenz' has no Amesim Dynamics configured"
07/19/2023 08:19:16 PM ObjectsSensorsParser: b"WorldObject 'DAF_95_XF' has no active trajectory"
07/19/2023 08:19:16 PM ObjectsSensorsParser: b"Object 'MercedesBenz' has no Amesim Dynamics configured"
07/19/2023 08:20:20 PM ObjectsSensorsParser: b"WorldObject 'DAF_95_XF' has no active trajectory"
07/19/2023 08:20:20 PM ObjectsSensorsParser: b"Object 'MercedesBenz' has no Amesim Dynamics configured"
07/19/2023 08:24:12 PM ObjectsSensorsParser: b"WorldObject 'DAF_95_XF' has no active trajectory"
07/19/2023 08:24:12 PM ObjectsSensorsParser: b"Object 'MercedesBenz' has no Amesim Dynamics configured"
07/19/2023 08:25:36 PM ObjectsSensorsParser: b"WorldObject 'DAF_95_XF' has no active trajectory"
07/19/2023 08:25:36 PM ObjectsSensorsParser: b"Object 'MercedesBenz' has no Amesim Dynamics configured"
07/19/2023 08:46:46 PM ObjectsSensorsParser: b"WorldObject 'DAF_95_XF' has no active trajectory"
07/19/2023 08:46:46 PM ObjectsSensorsParser: b"Object 'MercedesBenz' has no Amesim Dynamics configured"
07/19/2023 08:49:10 PM ObjectsSensorsParser: b"WorldObject 'DAF_95_XF' has no active trajectory"
07/19/2023 08:49:10 PM ObjectsSensorsParser: b"Object 'MercedesBenz' has no Amesim Dynamics configured"
07/19/2023 09:09:41 PM ObjectsSensorsParser: b"WorldObject 'DAF_95_XF' has no active trajectory"
07/19/2023 09:09:41 PM ObjectsSensorsParser: b"Object 'MercedesBenz' has no Amesim Dynamics configured"
07/19/2023 09:10:30 PM ObjectsSensorsParser: b"WorldObject 'DAF_95_XF' has no active trajectory"
07/19/2023 09:10:30 PM ObjectsSensorsParser: b"Object 'MercedesBenz' has no Amesim Dynamics configured"
07/19/2023 09:41:32 PM ObjectsSensorsParser: b"WorldObject 'DAF_95_XF' has no active trajectory"
07/19/2023 09:41:32 PM ObjectsSensorsParser: b"Object 'MercedesBenz' has no Amesim Dynamics configured"
07/19/2023 09:42:00 PM ObjectsSensorsParser: b"WorldObject 'DAF_95_XF' has no active trajectory"
07/19/2023 09:42:00 PM ObjectsSensorsParser: b"Object 'MercedesBenz' has no Amesim Dynamics configured"
07/19/2023 09:42:28 PM ObjectsSensorsParser: b"WorldObject 'DAF_95_XF' has no active trajectory"
07/19/2023 09:42:28 PM ObjectsSensorsParser: b"Object 'MercedesBenz' has no Amesim Dynamics configured"
07/19/2023 09:43:52 PM ObjectsSensorsParser: b"WorldObject 'DAF_95_XF' has no active trajectory"
07/19/2023 09:43:52 PM ObjectsSensorsParser: b"Object 'MercedesBenz' has no Amesim Dynamics configured"
07/19/2023 09:51:17 PM ObjectsSensorsParser: b"WorldObject 'DAF_95_XF' has no active trajectory"
07/19/2023 09:51:17 PM ObjectsSensorsParser: b"Object 'MercedesBenz' has no Amesim Dynamics configured"
07/19/2023 09:56:37 PM ObjectsSensorsParser: b"WorldObject 'DAF_95_XF' has no active trajectory"
07/19/2023 09:56:37 PM ObjectsSensorsParser: b"Object 'MercedesBenz' has no Amesim Dynamics configured"
07/19/2023 09:56:37 PM ObjectsSensorsParser: b"Object 'Audi_A3_1' has no Amesim Dynamics configured"
07/19/2023 09:56:37 PM ObjectsSensorsParser: b"WorldObject 'Audi_A3_1' has no active trajectory"
