08/26/2023 01:58:30 AM SimcppGenerator: b'The experiment file does not exist or has not been found. Please make sure the filename E:\\Siemens\\1_Prescan\\3_Experiments\\33_SimcppGenerator\\PrescanSimcppGenerator\\PrescanSimcppGenerator.pb and path are correct.'
08/26/2023 02:01:27 AM SimcppGenerator: b'The experiment file does not exist or has not been found. Please make sure the filename %experimen_pb% and path are correct.'
08/26/2023 02:01:41 AM ObjectsSensorsParser: b"WorldObject 'DAF_95_XF' has no active trajectory"
08/26/2023 02:01:41 AM ObjectsSensorsParser: b"Object 'MercedesBenz' has no Amesim Dynamics configured"
08/26/2023 02:01:41 AM ObjectsSensorsParser: b"Object 'Audi_A3_1' has no Amesim Dynamics configured"
08/26/2023 02:01:41 AM ObjectsSensorsParser: b"WorldObject 'Audi_A3_1' has no active trajectory"
08/26/2023 02:01:41 AM ObjectsSensorsParser: b"Object 'Skywell_1' has no Amesim Dynamics configured"
08/26/2023 02:01:41 AM ObjectsSensorsParser: b"WorldObject 'Skywell_1' has no active trajectory"
08/26/2023 02:01:41 AM ObjectsSensorsParser: b"Object 'Audi_A3_2' has no Amesim Dynamics configured"
08/26/2023 02:01:41 AM ObjectsSensorsParser: b"WorldObject 'Audi_A3_2' has no active trajectory"
08/26/2023 02:02:22 AM ObjectsSensorsParser: b"WorldObject 'DAF_95_XF' has no active trajectory"
08/26/2023 02:02:22 AM ObjectsSensorsParser: b"Object 'MercedesBenz' has no Amesim Dynamics configured"
08/26/2023 02:02:22 AM ObjectsSensorsParser: b"Object 'Audi_A3_1' has no Amesim Dynamics configured"
08/26/2023 02:02:22 AM ObjectsSensorsParser: b"WorldObject 'Audi_A3_1' has no active trajectory"
08/26/2023 02:02:22 AM ObjectsSensorsParser: b"Object 'Skywell_1' has no Amesim Dynamics configured"
08/26/2023 02:02:22 AM ObjectsSensorsParser: b"WorldObject 'Skywell_1' has no active trajectory"
08/26/2023 02:02:22 AM ObjectsSensorsParser: b"Object 'Audi_A3_2' has no Amesim Dynamics configured"
08/26/2023 02:02:22 AM ObjectsSensorsParser: b"WorldObject 'Audi_A3_2' has no active trajectory"
08/26/2023 02:07:22 AM ObjectsSensorsParser: b"WorldObject 'DAF_95_XF' has no active trajectory"
08/26/2023 02:07:22 AM ObjectsSensorsParser: b"Object 'MercedesBenz' has no Amesim Dynamics configured"
08/26/2023 02:07:22 AM ObjectsSensorsParser: b"Object 'Audi_A3_1' has no Amesim Dynamics configured"
08/26/2023 02:07:22 AM ObjectsSensorsParser: b"WorldObject 'Audi_A3_1' has no active trajectory"
08/26/2023 02:07:22 AM ObjectsSensorsParser: b"Object 'Skywell_1' has no Amesim Dynamics configured"
08/26/2023 02:07:22 AM ObjectsSensorsParser: b"WorldObject 'Skywell_1' has no active trajectory"
08/26/2023 02:07:22 AM ObjectsSensorsParser: b"Object 'Audi_A3_2' has no Amesim Dynamics configured"
08/26/2023 02:07:22 AM ObjectsSensorsParser: b"WorldObject 'Audi_A3_2' has no active trajectory"
