10/11/2023 11:00:44 AM ObjectsSensorsParser: b"Object 'Citroen_C3_Hatchback_1' has no Amesim Dynamics configured"
10/11/2023 11:00:44 AM ObjectsSensorsParser: b"Object 'EGO' has no Amesim Dynamics configured"
10/11/2023 11:00:44 AM ObjectsSensorsParser: b"Object 'HouseModern_1' has no Amesim Dynamics configured"
10/11/2023 11:00:44 AM ObjectsSensorsParser: b"WorldObject 'HouseModern_1' has no active trajectory"
10/11/2023 11:00:44 AM ObjectsSensorsParser: b"Object 'HouseOld3_1' has no Amesim Dynamics configured"
10/11/2023 11:00:44 AM ObjectsSensorsParser: b"WorldObject 'HouseOld3_1' has no active trajectory"
10/11/2023 11:00:44 AM ObjectsSensorsParser: b"Object 'Busstop_1' has no Amesim Dynamics configured"
10/11/2023 11:00:44 AM ObjectsSensorsParser: b"Object 'School_1' has no Amesim Dynamics configured"
10/11/2023 11:00:44 AM ObjectsSensorsParser: b"WorldObject 'School_1' has no active trajectory"
10/11/2023 11:23:54 AM ObjectsSensorsParser: b"Object 'Citroen_C3_Hatchback_1' has no Amesim Dynamics configured"
10/11/2023 11:23:54 AM ObjectsSensorsParser: b"Object 'EGO' has no Amesim Dynamics configured"
10/11/2023 11:23:54 AM ObjectsSensorsParser: b"WorldObject 'EGO' has no active trajectory"
10/11/2023 11:23:54 AM ObjectsSensorsParser: b"Object 'HouseModern_1' has no Amesim Dynamics configured"
10/11/2023 11:23:54 AM ObjectsSensorsParser: b"WorldObject 'HouseModern_1' has no active trajectory"
10/11/2023 11:23:54 AM ObjectsSensorsParser: b"Object 'HouseOld3_1' has no Amesim Dynamics configured"
10/11/2023 11:23:54 AM ObjectsSensorsParser: b"WorldObject 'HouseOld3_1' has no active trajectory"
10/11/2023 11:23:54 AM ObjectsSensorsParser: b"Object 'Busstop_1' has no Amesim Dynamics configured"
10/11/2023 11:23:54 AM ObjectsSensorsParser: b"Object 'School_1' has no Amesim Dynamics configured"
10/11/2023 11:23:54 AM ObjectsSensorsParser: b"WorldObject 'School_1' has no active trajectory"
10/11/2023 11:48:56 AM ObjectsSensorsParser: b"Object 'Audi_A3_1' has no Amesim Dynamics configured"
10/11/2023 11:51:21 AM ObjectsSensorsParser: b"Object 'Audi_A3_1' has no Amesim Dynamics configured"
10/11/2023 11:51:34 AM ObjectsSensorsParser: b"Object 'Audi_A3_1' has no Amesim Dynamics configured"
10/11/2023 12:09:59 PM ObjectsSensorsParser: b"Object 'Citroen_C3_Hatchback_1' has no Amesim Dynamics configured"
10/11/2023 12:09:59 PM ObjectsSensorsParser: b"Object 'EGO' has no Amesim Dynamics configured"
10/11/2023 12:09:59 PM ObjectsSensorsParser: b"WorldObject 'EGO' has no active trajectory"
10/11/2023 12:09:59 PM ObjectsSensorsParser: b"Object 'HouseModern_1' has no Amesim Dynamics configured"
10/11/2023 12:09:59 PM ObjectsSensorsParser: b"WorldObject 'HouseModern_1' has no active trajectory"
10/11/2023 12:09:59 PM ObjectsSensorsParser: b"Object 'HouseOld3_1' has no Amesim Dynamics configured"
10/11/2023 12:09:59 PM ObjectsSensorsParser: b"WorldObject 'HouseOld3_1' has no active trajectory"
10/11/2023 12:09:59 PM ObjectsSensorsParser: b"Object 'Busstop_1' has no Amesim Dynamics configured"
10/11/2023 12:09:59 PM ObjectsSensorsParser: b"Object 'School_1' has no Amesim Dynamics configured"
10/11/2023 12:09:59 PM ObjectsSensorsParser: b"WorldObject 'School_1' has no active trajectory"
10/11/2023 05:01:46 PM ObjectsSensorsParser: b"Object 'Audi_A3_2' has no Amesim Dynamics configured"
10/11/2023 05:19:30 PM ObjectsSensorsParser: b"Object 'Audi_A3_2' has no Amesim Dynamics configured"
10/11/2023 05:20:43 PM ObjectsSensorsParser: b"Object 'Audi_A3_2' has no Amesim Dynamics configured"
10/11/2023 05:22:06 PM ObjectsSensorsParser: b"Object 'Audi_A3_2' has no Amesim Dynamics configured"
10/11/2023 05:23:56 PM ObjectsSensorsParser: b"Object 'Audi_A3_2' has no Amesim Dynamics configured"
10/11/2023 05:38:03 PM ObjectsSensorsParser: b"Object 'Audi_A3_2' has no Amesim Dynamics configured"
10/11/2023 08:03:23 PM ObjectsSensorsParser: b"Object 'Audi_A3_2' has no Amesim Dynamics configured"
10/11/2023 09:09:22 PM SimcppGenerator: b'The experiment file does not exist or has not been found. Please make sure the filename %experimment_pb% and path are correct.'
10/11/2023 09:17:45 PM ObjectsSensorsParser: b"WorldObject 'Audi_A3_2' has no active trajectory"
10/11/2023 09:19:53 PM ObjectsSensorsParser: b"WorldObject 'Audi_A3_2' has no active trajectory"
10/11/2023 09:23:38 PM ObjectsSensorsParser: b"Object 'LinePlacedMarker_1' has no Amesim Dynamics configured"
10/11/2023 09:23:38 PM ObjectsSensorsParser: b"WorldObject 'LinePlacedMarker_1' has no active trajectory"
10/11/2023 09:27:13 PM ObjectsSensorsParser: b"Object 'Audi_A3_1' has no Amesim Dynamics configured"
10/11/2023 09:27:13 PM ObjectsSensorsParser: b"WorldObject 'Audi_A3_1' has no active trajectory"
10/11/2023 09:27:13 PM ObjectsSensorsParser: b"Object 'Citroen_C3_Hatchback_1' has no Amesim Dynamics configured"
10/11/2023 09:27:13 PM ObjectsSensorsParser: b"WorldObject 'Citroen_C3_Hatchback_1' has no active trajectory"
10/11/2023 09:27:13 PM ObjectsSensorsParser: b"Object 'LinePlacedMarker_1' has no Amesim Dynamics configured"
10/11/2023 09:27:13 PM ObjectsSensorsParser: b"WorldObject 'LinePlacedMarker_1' has no active trajectory"
10/11/2023 09:49:22 PM ObjectsSensorsParser: b"Object 'Audi_A3_1' has no Amesim Dynamics configured"
10/11/2023 09:49:22 PM ObjectsSensorsParser: b"WorldObject 'Audi_A3_1' has no active trajectory"
10/11/2023 09:49:22 PM ObjectsSensorsParser: b"Object 'Citroen_C3_Hatchback_1' has no Amesim Dynamics configured"
10/11/2023 09:49:22 PM ObjectsSensorsParser: b"WorldObject 'Citroen_C3_Hatchback_1' has no active trajectory"
10/11/2023 09:49:22 PM ObjectsSensorsParser: b"Object 'LinePlacedMarker_1' has no Amesim Dynamics configured"
10/11/2023 09:49:22 PM ObjectsSensorsParser: b"WorldObject 'LinePlacedMarker_1' has no active trajectory"
10/11/2023 09:50:14 PM ObjectsSensorsParser: b"Object 'Audi_A3_1' has no Amesim Dynamics configured"
10/11/2023 09:50:14 PM ObjectsSensorsParser: b"WorldObject 'Audi_A3_1' has no active trajectory"
10/11/2023 09:50:14 PM ObjectsSensorsParser: b"Object 'Citroen_C3_Hatchback_1' has no Amesim Dynamics configured"
10/11/2023 09:50:14 PM ObjectsSensorsParser: b"WorldObject 'Citroen_C3_Hatchback_1' has no active trajectory"
10/11/2023 09:50:14 PM ObjectsSensorsParser: b"Object 'LinePlacedMarker_1' has no Amesim Dynamics configured"
10/11/2023 09:50:14 PM ObjectsSensorsParser: b"WorldObject 'LinePlacedMarker_1' has no active trajectory"
10/11/2023 09:56:22 PM ObjectsSensorsParser: b"Object 'Audi_A3_1' has no Amesim Dynamics configured"
10/11/2023 09:56:22 PM ObjectsSensorsParser: b"WorldObject 'Audi_A3_1' has no active trajectory"
10/11/2023 09:56:22 PM ObjectsSensorsParser: b"Object 'Citroen_C3_Hatchback_1' has no Amesim Dynamics configured"
10/11/2023 09:56:22 PM ObjectsSensorsParser: b"WorldObject 'Citroen_C3_Hatchback_1' has no active trajectory"
10/11/2023 09:56:22 PM ObjectsSensorsParser: b"Object 'LinePlacedMarker_1' has no Amesim Dynamics configured"
10/11/2023 09:56:22 PM ObjectsSensorsParser: b"WorldObject 'LinePlacedMarker_1' has no active trajectory"
10/11/2023 09:57:52 PM ObjectsSensorsParser: b"Object 'Audi_A3_1' has no Amesim Dynamics configured"
10/11/2023 09:57:52 PM ObjectsSensorsParser: b"WorldObject 'Audi_A3_1' has no active trajectory"
10/11/2023 09:57:52 PM ObjectsSensorsParser: b"Object 'Citroen_C3_Hatchback_1' has no Amesim Dynamics configured"
10/11/2023 09:57:52 PM ObjectsSensorsParser: b"WorldObject 'Citroen_C3_Hatchback_1' has no active trajectory"
10/11/2023 09:57:52 PM ObjectsSensorsParser: b"Object 'LinePlacedMarker_1' has no Amesim Dynamics configured"
10/11/2023 09:57:52 PM ObjectsSensorsParser: b"WorldObject 'LinePlacedMarker_1' has no active trajectory"
10/11/2023 10:11:30 PM ObjectsSensorsParser: b"Object 'Audi_A3_1' has no Amesim Dynamics configured"
10/11/2023 10:11:30 PM ObjectsSensorsParser: b"WorldObject 'Audi_A3_1' has no active trajectory"
10/11/2023 10:11:30 PM ObjectsSensorsParser: b"Object 'Citroen_C3_Hatchback_1' has no Amesim Dynamics configured"
10/11/2023 10:11:30 PM ObjectsSensorsParser: b"WorldObject 'Citroen_C3_Hatchback_1' has no active trajectory"
10/11/2023 10:11:30 PM ObjectsSensorsParser: b"Object 'LinePlacedMarker_1' has no Amesim Dynamics configured"
10/11/2023 10:11:30 PM ObjectsSensorsParser: b"WorldObject 'LinePlacedMarker_1' has no active trajectory"
10/11/2023 10:13:06 PM ObjectsSensorsParser: b"WorldObject 'Audi_A3_1' has no active trajectory"
10/11/2023 10:13:06 PM ObjectsSensorsParser: b"Object 'Citroen_C3_Hatchback_1' has no Amesim Dynamics configured"
10/11/2023 10:13:06 PM ObjectsSensorsParser: b"Object 'Audi_A8_Sedan_1' has no Amesim Dynamics configured"
10/11/2023 10:13:06 PM ObjectsSensorsParser: b"WorldObject 'Audi_A8_Sedan_1' has no active trajectory"
10/11/2023 10:13:06 PM ObjectsSensorsParser: b"Object 'Ford_Focus_Stationwagon_1' has no Amesim Dynamics configured"
10/11/2023 10:13:06 PM ObjectsSensorsParser: b"WorldObject 'Ford_Focus_Stationwagon_1' has no active trajectory"
10/11/2023 10:13:06 PM ObjectsSensorsParser: b"Object 'Honda_Pan_European_Motorcycle_1' has no Amesim Dynamics configured"
10/11/2023 10:13:06 PM ObjectsSensorsParser: b"WorldObject 'Honda_Pan_European_Motorcycle_1' has no active trajectory"
10/11/2023 10:13:06 PM ObjectsSensorsParser: b"Object 'Citroen_C3_Hatchback_2' has no Amesim Dynamics configured"
10/11/2023 10:13:06 PM ObjectsSensorsParser: b"WorldObject 'Citroen_C3_Hatchback_2' has no active trajectory"
10/11/2023 10:13:06 PM ObjectsSensorsParser: b"Object 'JapaneseMaple20y_1' has no Amesim Dynamics configured"
10/11/2023 10:13:06 PM ObjectsSensorsParser: b"WorldObject 'JapaneseMaple20y_1' has no active trajectory"
10/11/2023 10:13:06 PM ObjectsSensorsParser: b"Object 'Lilac10y_1' has no Amesim Dynamics configured"
10/11/2023 10:13:06 PM ObjectsSensorsParser: b"WorldObject 'Lilac10y_1' has no active trajectory"
10/11/2023 10:13:06 PM ObjectsSensorsParser: b"Object 'BlueSpruce10y_1' has no Amesim Dynamics configured"
10/11/2023 10:13:06 PM ObjectsSensorsParser: b"WorldObject 'BlueSpruce10y_1' has no active trajectory"
10/11/2023 10:13:06 PM ObjectsSensorsParser: b"Object 'Female_Overweight_1' has no Amesim Dynamics configured"
10/11/2023 10:13:06 PM ObjectsSensorsParser: b"WorldObject 'Female_Overweight_1' has no active trajectory"
10/11/2023 10:13:06 PM ObjectsSensorsParser: b"Object 'LinePlacedMarker_1' has no Amesim Dynamics configured"
10/11/2023 10:13:06 PM ObjectsSensorsParser: b"WorldObject 'LinePlacedMarker_1' has no active trajectory"
10/11/2023 10:14:01 PM ObjectsSensorsParser: b"WorldObject 'Audi_A3_1' has no active trajectory"
10/11/2023 10:14:01 PM ObjectsSensorsParser: b"Object 'Citroen_C3_Hatchback_1' has no Amesim Dynamics configured"
10/11/2023 10:14:01 PM ObjectsSensorsParser: b"Object 'Audi_A8_Sedan_1' has no Amesim Dynamics configured"
10/11/2023 10:14:01 PM ObjectsSensorsParser: b"WorldObject 'Audi_A8_Sedan_1' has no active trajectory"
10/11/2023 10:14:01 PM ObjectsSensorsParser: b"Object 'Ford_Focus_Stationwagon_1' has no Amesim Dynamics configured"
10/11/2023 10:14:01 PM ObjectsSensorsParser: b"WorldObject 'Ford_Focus_Stationwagon_1' has no active trajectory"
10/11/2023 10:14:01 PM ObjectsSensorsParser: b"Object 'Honda_Pan_European_Motorcycle_1' has no Amesim Dynamics configured"
10/11/2023 10:14:01 PM ObjectsSensorsParser: b"WorldObject 'Honda_Pan_European_Motorcycle_1' has no active trajectory"
10/11/2023 10:14:01 PM ObjectsSensorsParser: b"Object 'Citroen_C3_Hatchback_2' has no Amesim Dynamics configured"
10/11/2023 10:14:01 PM ObjectsSensorsParser: b"WorldObject 'Citroen_C3_Hatchback_2' has no active trajectory"
10/11/2023 10:14:01 PM ObjectsSensorsParser: b"Object 'JapaneseMaple20y_1' has no Amesim Dynamics configured"
10/11/2023 10:14:01 PM ObjectsSensorsParser: b"WorldObject 'JapaneseMaple20y_1' has no active trajectory"
10/11/2023 10:14:01 PM ObjectsSensorsParser: b"Object 'Lilac10y_1' has no Amesim Dynamics configured"
10/11/2023 10:14:01 PM ObjectsSensorsParser: b"WorldObject 'Lilac10y_1' has no active trajectory"
10/11/2023 10:14:01 PM ObjectsSensorsParser: b"Object 'BlueSpruce10y_1' has no Amesim Dynamics configured"
10/11/2023 10:14:01 PM ObjectsSensorsParser: b"WorldObject 'BlueSpruce10y_1' has no active trajectory"
10/11/2023 10:14:01 PM ObjectsSensorsParser: b"Object 'Female_Overweight_1' has no Amesim Dynamics configured"
10/11/2023 10:14:01 PM ObjectsSensorsParser: b"WorldObject 'Female_Overweight_1' has no active trajectory"
10/11/2023 10:14:01 PM ObjectsSensorsParser: b"Object 'LinePlacedMarker_1' has no Amesim Dynamics configured"
10/11/2023 10:14:01 PM ObjectsSensorsParser: b"WorldObject 'LinePlacedMarker_1' has no active trajectory"
10/11/2023 10:16:16 PM ObjectsSensorsParser: b"WorldObject 'Audi_A3_1' has no active trajectory"
10/11/2023 10:16:16 PM ObjectsSensorsParser: b"Object 'Citroen_C3_Hatchback_1' has no Amesim Dynamics configured"
10/11/2023 10:16:16 PM ObjectsSensorsParser: b"Object 'Audi_A8_Sedan_1' has no Amesim Dynamics configured"
10/11/2023 10:16:16 PM ObjectsSensorsParser: b"WorldObject 'Audi_A8_Sedan_1' has no active trajectory"
10/11/2023 10:16:16 PM ObjectsSensorsParser: b"Object 'Ford_Focus_Stationwagon_1' has no Amesim Dynamics configured"
10/11/2023 10:16:16 PM ObjectsSensorsParser: b"WorldObject 'Ford_Focus_Stationwagon_1' has no active trajectory"
10/11/2023 10:16:16 PM ObjectsSensorsParser: b"Object 'Honda_Pan_European_Motorcycle_1' has no Amesim Dynamics configured"
10/11/2023 10:16:16 PM ObjectsSensorsParser: b"WorldObject 'Honda_Pan_European_Motorcycle_1' has no active trajectory"
10/11/2023 10:16:16 PM ObjectsSensorsParser: b"Object 'Citroen_C3_Hatchback_2' has no Amesim Dynamics configured"
10/11/2023 10:16:16 PM ObjectsSensorsParser: b"WorldObject 'Citroen_C3_Hatchback_2' has no active trajectory"
10/11/2023 10:16:16 PM ObjectsSensorsParser: b"Object 'JapaneseMaple20y_1' has no Amesim Dynamics configured"
10/11/2023 10:16:16 PM ObjectsSensorsParser: b"WorldObject 'JapaneseMaple20y_1' has no active trajectory"
10/11/2023 10:16:16 PM ObjectsSensorsParser: b"Object 'Lilac10y_1' has no Amesim Dynamics configured"
10/11/2023 10:16:16 PM ObjectsSensorsParser: b"WorldObject 'Lilac10y_1' has no active trajectory"
10/11/2023 10:16:16 PM ObjectsSensorsParser: b"Object 'BlueSpruce10y_1' has no Amesim Dynamics configured"
10/11/2023 10:16:16 PM ObjectsSensorsParser: b"WorldObject 'BlueSpruce10y_1' has no active trajectory"
10/11/2023 10:16:16 PM ObjectsSensorsParser: b"Object 'Female_Overweight_1' has no Amesim Dynamics configured"
10/11/2023 10:16:16 PM ObjectsSensorsParser: b"WorldObject 'Female_Overweight_1' has no active trajectory"
10/11/2023 10:16:16 PM ObjectsSensorsParser: b"Object 'LinePlacedMarker_1' has no Amesim Dynamics configured"
10/11/2023 10:16:16 PM ObjectsSensorsParser: b"WorldObject 'LinePlacedMarker_1' has no active trajectory"
10/11/2023 10:42:33 PM ObjectsSensorsParser: b"WorldObject 'Audi_A3_1' has no active trajectory"
10/11/2023 10:42:33 PM ObjectsSensorsParser: b"Object 'Citroen_C3_Hatchback_1' has no Amesim Dynamics configured"
10/11/2023 10:42:33 PM ObjectsSensorsParser: b"Object 'Audi_A8_Sedan_1' has no Amesim Dynamics configured"
10/11/2023 10:42:33 PM ObjectsSensorsParser: b"WorldObject 'Audi_A8_Sedan_1' has no active trajectory"
10/11/2023 10:42:33 PM ObjectsSensorsParser: b"Object 'Ford_Focus_Stationwagon_1' has no Amesim Dynamics configured"
10/11/2023 10:42:33 PM ObjectsSensorsParser: b"WorldObject 'Ford_Focus_Stationwagon_1' has no active trajectory"
10/11/2023 10:42:33 PM ObjectsSensorsParser: b"Object 'Honda_Pan_European_Motorcycle_1' has no Amesim Dynamics configured"
10/11/2023 10:42:33 PM ObjectsSensorsParser: b"WorldObject 'Honda_Pan_European_Motorcycle_1' has no active trajectory"
10/11/2023 10:42:33 PM ObjectsSensorsParser: b"Object 'Citroen_C3_Hatchback_2' has no Amesim Dynamics configured"
10/11/2023 10:42:33 PM ObjectsSensorsParser: b"WorldObject 'Citroen_C3_Hatchback_2' has no active trajectory"
10/11/2023 10:42:33 PM ObjectsSensorsParser: b"Object 'JapaneseMaple20y_1' has no Amesim Dynamics configured"
10/11/2023 10:42:33 PM ObjectsSensorsParser: b"WorldObject 'JapaneseMaple20y_1' has no active trajectory"
10/11/2023 10:42:33 PM ObjectsSensorsParser: b"Object 'Lilac10y_1' has no Amesim Dynamics configured"
10/11/2023 10:42:33 PM ObjectsSensorsParser: b"WorldObject 'Lilac10y_1' has no active trajectory"
10/11/2023 10:42:33 PM ObjectsSensorsParser: b"Object 'BlueSpruce10y_1' has no Amesim Dynamics configured"
10/11/2023 10:42:33 PM ObjectsSensorsParser: b"WorldObject 'BlueSpruce10y_1' has no active trajectory"
10/11/2023 10:42:33 PM ObjectsSensorsParser: b"Object 'Female_Overweight_1' has no Amesim Dynamics configured"
10/11/2023 10:42:33 PM ObjectsSensorsParser: b"WorldObject 'Female_Overweight_1' has no active trajectory"
10/11/2023 10:42:33 PM ObjectsSensorsParser: b"Object 'LinePlacedMarker_1' has no Amesim Dynamics configured"
10/11/2023 10:42:33 PM ObjectsSensorsParser: b"WorldObject 'LinePlacedMarker_1' has no active trajectory"
