07/31/2023 09:36:00 AM ObjectsSensorsParser: b"WorldObject 'DAF_95_XF' has no active trajectory"
07/31/2023 09:36:00 AM ObjectsSensorsParser: b"Object 'MercedesBenz' has no Amesim Dynamics configured"
07/31/2023 09:36:00 AM ObjectsSensorsParser: b"Object 'Audi_A3_1' has no Amesim Dynamics configured"
07/31/2023 09:36:00 AM ObjectsSensorsParser: b"WorldObject 'Audi_A3_1' has no active trajectory"
07/31/2023 09:36:00 AM ObjectsSensorsParser: b"Object 'Skywell_1' has no Amesim Dynamics configured"
07/31/2023 09:36:00 AM ObjectsSensorsParser: b"WorldObject 'Skywell_1' has no active trajectory"
07/31/2023 09:36:00 AM ObjectsSensorsParser: b"Object 'Audi_A3_2' has no Amesim Dynamics configured"
07/31/2023 09:36:00 AM ObjectsSensorsParser: b"WorldObject 'Audi_A3_2' has no active trajectory"
07/31/2023 10:12:02 AM ObjectsSensorsParser: b"WorldObject 'DAF_95_XF' has no active trajectory"
07/31/2023 10:12:02 AM ObjectsSensorsParser: b"Object 'MercedesBenz' has no Amesim Dynamics configured"
07/31/2023 10:12:02 AM ObjectsSensorsParser: b"Object 'Audi_A3_1' has no Amesim Dynamics configured"
07/31/2023 10:12:02 AM ObjectsSensorsParser: b"WorldObject 'Audi_A3_1' has no active trajectory"
07/31/2023 10:12:02 AM ObjectsSensorsParser: b"Object 'Skywell_1' has no Amesim Dynamics configured"
07/31/2023 10:12:02 AM ObjectsSensorsParser: b"WorldObject 'Skywell_1' has no active trajectory"
07/31/2023 10:12:02 AM ObjectsSensorsParser: b"Object 'Audi_A3_2' has no Amesim Dynamics configured"
07/31/2023 10:12:02 AM ObjectsSensorsParser: b"WorldObject 'Audi_A3_2' has no active trajectory"
07/31/2023 10:37:23 AM ObjectsSensorsParser: b"WorldObject 'DAF_95_XF' has no active trajectory"
07/31/2023 10:37:23 AM ObjectsSensorsParser: b"Object 'MercedesBenz' has no Amesim Dynamics configured"
07/31/2023 10:37:23 AM ObjectsSensorsParser: b"Object 'Audi_A3_1' has no Amesim Dynamics configured"
07/31/2023 10:37:23 AM ObjectsSensorsParser: b"WorldObject 'Audi_A3_1' has no active trajectory"
07/31/2023 10:37:23 AM ObjectsSensorsParser: b"Object 'Skywell_1' has no Amesim Dynamics configured"
07/31/2023 10:37:23 AM ObjectsSensorsParser: b"WorldObject 'Skywell_1' has no active trajectory"
07/31/2023 10:37:23 AM ObjectsSensorsParser: b"Object 'Audi_A3_2' has no Amesim Dynamics configured"
07/31/2023 10:37:23 AM ObjectsSensorsParser: b"WorldObject 'Audi_A3_2' has no active trajectory"
07/31/2023 10:45:14 AM ObjectsSensorsParser: b"WorldObject 'DAF_95_XF' has no active trajectory"
07/31/2023 10:45:14 AM ObjectsSensorsParser: b"Object 'MercedesBenz' has no Amesim Dynamics configured"
07/31/2023 10:45:14 AM ObjectsSensorsParser: b"Object 'Audi_A3_1' has no Amesim Dynamics configured"
07/31/2023 10:45:14 AM ObjectsSensorsParser: b"WorldObject 'Audi_A3_1' has no active trajectory"
07/31/2023 10:45:14 AM ObjectsSensorsParser: b"Object 'Skywell_1' has no Amesim Dynamics configured"
07/31/2023 10:45:14 AM ObjectsSensorsParser: b"WorldObject 'Skywell_1' has no active trajectory"
07/31/2023 10:45:14 AM ObjectsSensorsParser: b"Object 'Audi_A3_2' has no Amesim Dynamics configured"
07/31/2023 10:45:14 AM ObjectsSensorsParser: b"WorldObject 'Audi_A3_2' has no active trajectory"
07/31/2023 10:55:52 AM ObjectsSensorsParser: b"WorldObject 'DAF_95_XF' has no active trajectory"
07/31/2023 10:55:52 AM ObjectsSensorsParser: b"Object 'MercedesBenz' has no Amesim Dynamics configured"
07/31/2023 10:55:52 AM ObjectsSensorsParser: b"Object 'Audi_A3_1' has no Amesim Dynamics configured"
07/31/2023 10:55:52 AM ObjectsSensorsParser: b"WorldObject 'Audi_A3_1' has no active trajectory"
07/31/2023 10:55:52 AM ObjectsSensorsParser: b"Object 'Skywell_1' has no Amesim Dynamics configured"
07/31/2023 10:55:52 AM ObjectsSensorsParser: b"WorldObject 'Skywell_1' has no active trajectory"
07/31/2023 10:55:52 AM ObjectsSensorsParser: b"Object 'Audi_A3_2' has no Amesim Dynamics configured"
07/31/2023 10:55:52 AM ObjectsSensorsParser: b"WorldObject 'Audi_A3_2' has no active trajectory"
