09/07/2023 12:23:05 AM ObjectsSensorsParser: b"Object 'Audi_A3_1' has no Amesim Dynamics configured"
09/07/2023 12:23:05 AM ObjectsSensorsParser: b"Object 'Audi_A3_2' has no Amesim Dynamics configured"
09/07/2023 12:23:05 AM ObjectsSensorsParser: b"WorldObject 'Audi_A3_2' has no active trajectory"
09/07/2023 12:23:05 AM ObjectsSensorsParser: b"Object 'Citroen_C3_Hatchback_1' has no Amesim Dynamics configured"
09/07/2023 12:23:05 AM ObjectsSensorsParser: b"WorldObject 'Citroen_C3_Hatchback_1' has no active trajectory"
09/07/2023 12:23:05 AM ObjectsSensorsParser: b"Object 'Box_1' has no Amesim Dynamics configured"
09/07/2023 12:23:05 AM ObjectsSensorsParser: b"WorldObject 'Box_1' has no active trajectory"
09/07/2023 12:23:05 AM ObjectsSensorsParser: b"Object 'Citroen_C3_Hatchback_2' has no Amesim Dynamics configured"
09/07/2023 12:23:05 AM ObjectsSensorsParser: b"WorldObject 'Citroen_C3_Hatchback_2' has no active trajectory"
09/07/2023 12:23:05 AM ObjectsSensorsParser: b"Object 'Citroen_C3_Hatchback_3' has no Amesim Dynamics configured"
09/07/2023 12:23:05 AM ObjectsSensorsParser: b"WorldObject 'Citroen_C3_Hatchback_3' has no active trajectory"
09/07/2023 12:23:05 AM ObjectsSensorsParser: b"Object 'Citroen_C3_Hatchback_4' has no Amesim Dynamics configured"
09/07/2023 12:23:05 AM ObjectsSensorsParser: b"WorldObject 'Citroen_C3_Hatchback_4' has no active trajectory"
09/07/2023 12:25:19 AM ObjectsSensorsParser: b"Object 'Audi_A3_1' has no Amesim Dynamics configured"
09/07/2023 12:25:19 AM ObjectsSensorsParser: b"Object 'Audi_A3_2' has no Amesim Dynamics configured"
09/07/2023 12:25:19 AM ObjectsSensorsParser: b"WorldObject 'Audi_A3_2' has no active trajectory"
09/07/2023 12:25:19 AM ObjectsSensorsParser: b"Object 'Citroen_C3_Hatchback_1' has no Amesim Dynamics configured"
09/07/2023 12:25:19 AM ObjectsSensorsParser: b"WorldObject 'Citroen_C3_Hatchback_1' has no active trajectory"
09/07/2023 12:25:19 AM ObjectsSensorsParser: b"Object 'Box_1' has no Amesim Dynamics configured"
09/07/2023 12:25:19 AM ObjectsSensorsParser: b"WorldObject 'Box_1' has no active trajectory"
09/07/2023 12:25:19 AM ObjectsSensorsParser: b"Object 'Citroen_C3_Hatchback_2' has no Amesim Dynamics configured"
09/07/2023 12:25:19 AM ObjectsSensorsParser: b"WorldObject 'Citroen_C3_Hatchback_2' has no active trajectory"
09/07/2023 12:25:19 AM ObjectsSensorsParser: b"Object 'Citroen_C3_Hatchback_3' has no Amesim Dynamics configured"
09/07/2023 12:25:19 AM ObjectsSensorsParser: b"WorldObject 'Citroen_C3_Hatchback_3' has no active trajectory"
09/07/2023 12:25:19 AM ObjectsSensorsParser: b"Object 'Citroen_C3_Hatchback_4' has no Amesim Dynamics configured"
09/07/2023 12:25:19 AM ObjectsSensorsParser: b"WorldObject 'Citroen_C3_Hatchback_4' has no active trajectory"
09/07/2023 12:26:19 AM ObjectsSensorsParser: b"Object 'Audi_A3_1' has no Amesim Dynamics configured"
09/07/2023 12:26:19 AM ObjectsSensorsParser: b"Object 'Audi_A3_2' has no Amesim Dynamics configured"
09/07/2023 12:26:19 AM ObjectsSensorsParser: b"WorldObject 'Audi_A3_2' has no active trajectory"
09/07/2023 12:26:19 AM ObjectsSensorsParser: b"Object 'Citroen_C3_Hatchback_1' has no Amesim Dynamics configured"
09/07/2023 12:26:19 AM ObjectsSensorsParser: b"WorldObject 'Citroen_C3_Hatchback_1' has no active trajectory"
09/07/2023 12:26:19 AM ObjectsSensorsParser: b"Object 'Box_1' has no Amesim Dynamics configured"
09/07/2023 12:26:19 AM ObjectsSensorsParser: b"WorldObject 'Box_1' has no active trajectory"
09/07/2023 12:26:19 AM ObjectsSensorsParser: b"Object 'Citroen_C3_Hatchback_2' has no Amesim Dynamics configured"
09/07/2023 12:26:19 AM ObjectsSensorsParser: b"WorldObject 'Citroen_C3_Hatchback_2' has no active trajectory"
09/07/2023 12:26:19 AM ObjectsSensorsParser: b"Object 'Citroen_C3_Hatchback_3' has no Amesim Dynamics configured"
09/07/2023 12:26:19 AM ObjectsSensorsParser: b"WorldObject 'Citroen_C3_Hatchback_3' has no active trajectory"
09/07/2023 12:26:19 AM ObjectsSensorsParser: b"Object 'Citroen_C3_Hatchback_4' has no Amesim Dynamics configured"
09/07/2023 12:26:19 AM ObjectsSensorsParser: b"WorldObject 'Citroen_C3_Hatchback_4' has no active trajectory"
09/07/2023 12:27:50 AM ObjectsSensorsParser: b"Object 'Audi_A3_1' has no Amesim Dynamics configured"
09/07/2023 12:27:50 AM ObjectsSensorsParser: b"Object 'Audi_A3_2' has no Amesim Dynamics configured"
09/07/2023 12:27:50 AM ObjectsSensorsParser: b"WorldObject 'Audi_A3_2' has no active trajectory"
09/07/2023 12:27:50 AM ObjectsSensorsParser: b"Object 'Citroen_C3_Hatchback_1' has no Amesim Dynamics configured"
09/07/2023 12:27:50 AM ObjectsSensorsParser: b"WorldObject 'Citroen_C3_Hatchback_1' has no active trajectory"
09/07/2023 12:27:50 AM ObjectsSensorsParser: b"Object 'Box_1' has no Amesim Dynamics configured"
09/07/2023 12:27:50 AM ObjectsSensorsParser: b"WorldObject 'Box_1' has no active trajectory"
09/07/2023 12:27:50 AM ObjectsSensorsParser: b"Object 'Citroen_C3_Hatchback_2' has no Amesim Dynamics configured"
09/07/2023 12:27:50 AM ObjectsSensorsParser: b"WorldObject 'Citroen_C3_Hatchback_2' has no active trajectory"
09/07/2023 12:27:50 AM ObjectsSensorsParser: b"Object 'Citroen_C3_Hatchback_3' has no Amesim Dynamics configured"
09/07/2023 12:27:50 AM ObjectsSensorsParser: b"WorldObject 'Citroen_C3_Hatchback_3' has no active trajectory"
09/07/2023 12:27:50 AM ObjectsSensorsParser: b"Object 'Citroen_C3_Hatchback_4' has no Amesim Dynamics configured"
09/07/2023 12:27:50 AM ObjectsSensorsParser: b"WorldObject 'Citroen_C3_Hatchback_4' has no active trajectory"
