09/06/2023 11:23:02 AM ObjectsSensorsParser: b"Object 'Audi_A3_1' has no Amesim Dynamics configured"
09/06/2023 11:23:02 AM ObjectsSensorsParser: b"Object 'Audi_A3_2' has no Amesim Dynamics configured"
09/06/2023 11:23:02 AM ObjectsSensorsParser: b"WorldObject 'Audi_A3_2' has no active trajectory"
09/06/2023 11:23:02 AM ObjectsSensorsParser: b"Object 'Citroen_C3_Hatchback_1' has no Amesim Dynamics configured"
09/06/2023 11:23:02 AM ObjectsSensorsParser: b"WorldObject 'Citroen_C3_Hatchback_1' has no active trajectory"
09/06/2023 11:23:02 AM ObjectsSensorsParser: b"Object 'Box_1' has no Amesim Dynamics configured"
09/06/2023 11:23:02 AM ObjectsSensorsParser: b"WorldObject 'Box_1' has no active trajectory"
09/06/2023 11:23:02 AM ObjectsSensorsParser: b"Object 'Citroen_C3_Hatchback_2' has no Amesim Dynamics configured"
09/06/2023 11:23:02 AM ObjectsSensorsParser: b"WorldObject 'Citroen_C3_Hatchback_2' has no active trajectory"
09/06/2023 11:23:02 AM ObjectsSensorsParser: b"Object 'Citroen_C3_Hatchback_3' has no Amesim Dynamics configured"
09/06/2023 11:23:02 AM ObjectsSensorsParser: b"WorldObject 'Citroen_C3_Hatchback_3' has no active trajectory"
09/06/2023 11:23:02 AM ObjectsSensorsParser: b"Object 'Citroen_C3_Hatchback_4' has no Amesim Dynamics configured"
09/06/2023 11:23:02 AM ObjectsSensorsParser: b"WorldObject 'Citroen_C3_Hatchback_4' has no active trajectory"
09/06/2023 01:18:32 PM ObjectsSensorsParser: b"Object 'Audi_A3_1' has no Amesim Dynamics configured"
09/06/2023 01:18:32 PM ObjectsSensorsParser: b"Object 'Audi_A3_2' has no Amesim Dynamics configured"
09/06/2023 01:18:32 PM ObjectsSensorsParser: b"WorldObject 'Audi_A3_2' has no active trajectory"
09/06/2023 01:18:32 PM ObjectsSensorsParser: b"Object 'Citroen_C3_Hatchback_1' has no Amesim Dynamics configured"
09/06/2023 01:18:32 PM ObjectsSensorsParser: b"WorldObject 'Citroen_C3_Hatchback_1' has no active trajectory"
09/06/2023 01:18:32 PM ObjectsSensorsParser: b"Object 'Box_1' has no Amesim Dynamics configured"
09/06/2023 01:18:32 PM ObjectsSensorsParser: b"WorldObject 'Box_1' has no active trajectory"
09/06/2023 01:18:32 PM ObjectsSensorsParser: b"Object 'Citroen_C3_Hatchback_2' has no Amesim Dynamics configured"
09/06/2023 01:18:32 PM ObjectsSensorsParser: b"WorldObject 'Citroen_C3_Hatchback_2' has no active trajectory"
09/06/2023 01:18:32 PM ObjectsSensorsParser: b"Object 'Citroen_C3_Hatchback_3' has no Amesim Dynamics configured"
09/06/2023 01:18:32 PM ObjectsSensorsParser: b"WorldObject 'Citroen_C3_Hatchback_3' has no active trajectory"
09/06/2023 01:18:32 PM ObjectsSensorsParser: b"Object 'Citroen_C3_Hatchback_4' has no Amesim Dynamics configured"
09/06/2023 01:18:32 PM ObjectsSensorsParser: b"WorldObject 'Citroen_C3_Hatchback_4' has no active trajectory"
09/06/2023 01:18:42 PM ObjectsSensorsParser: b"Object 'Audi_A3_1' has no Amesim Dynamics configured"
09/06/2023 01:18:42 PM ObjectsSensorsParser: b"Object 'Audi_A3_2' has no Amesim Dynamics configured"
09/06/2023 01:18:42 PM ObjectsSensorsParser: b"WorldObject 'Audi_A3_2' has no active trajectory"
09/06/2023 01:18:42 PM ObjectsSensorsParser: b"Object 'Citroen_C3_Hatchback_1' has no Amesim Dynamics configured"
09/06/2023 01:18:42 PM ObjectsSensorsParser: b"WorldObject 'Citroen_C3_Hatchback_1' has no active trajectory"
09/06/2023 01:18:42 PM ObjectsSensorsParser: b"Object 'Box_1' has no Amesim Dynamics configured"
09/06/2023 01:18:42 PM ObjectsSensorsParser: b"WorldObject 'Box_1' has no active trajectory"
09/06/2023 01:18:42 PM ObjectsSensorsParser: b"Object 'Citroen_C3_Hatchback_2' has no Amesim Dynamics configured"
09/06/2023 01:18:42 PM ObjectsSensorsParser: b"WorldObject 'Citroen_C3_Hatchback_2' has no active trajectory"
09/06/2023 01:18:42 PM ObjectsSensorsParser: b"Object 'Citroen_C3_Hatchback_3' has no Amesim Dynamics configured"
09/06/2023 01:18:42 PM ObjectsSensorsParser: b"WorldObject 'Citroen_C3_Hatchback_3' has no active trajectory"
09/06/2023 01:18:42 PM ObjectsSensorsParser: b"Object 'Citroen_C3_Hatchback_4' has no Amesim Dynamics configured"
09/06/2023 01:18:42 PM ObjectsSensorsParser: b"WorldObject 'Citroen_C3_Hatchback_4' has no active trajectory"
09/06/2023 06:58:09 PM ObjectsSensorsParser: b"Object 'Audi_A3_1' has no Amesim Dynamics configured"
09/06/2023 06:58:09 PM ObjectsSensorsParser: b"Object 'Audi_A3_2' has no Amesim Dynamics configured"
09/06/2023 06:58:09 PM ObjectsSensorsParser: b"WorldObject 'Audi_A3_2' has no active trajectory"
09/06/2023 06:58:09 PM ObjectsSensorsParser: b"Object 'Citroen_C3_Hatchback_1' has no Amesim Dynamics configured"
09/06/2023 06:58:09 PM ObjectsSensorsParser: b"WorldObject 'Citroen_C3_Hatchback_1' has no active trajectory"
09/06/2023 06:58:09 PM ObjectsSensorsParser: b"Object 'Box_1' has no Amesim Dynamics configured"
09/06/2023 06:58:09 PM ObjectsSensorsParser: b"WorldObject 'Box_1' has no active trajectory"
09/06/2023 06:58:09 PM ObjectsSensorsParser: b"Object 'Citroen_C3_Hatchback_2' has no Amesim Dynamics configured"
09/06/2023 06:58:09 PM ObjectsSensorsParser: b"WorldObject 'Citroen_C3_Hatchback_2' has no active trajectory"
09/06/2023 06:58:09 PM ObjectsSensorsParser: b"Object 'Citroen_C3_Hatchback_3' has no Amesim Dynamics configured"
09/06/2023 06:58:09 PM ObjectsSensorsParser: b"WorldObject 'Citroen_C3_Hatchback_3' has no active trajectory"
09/06/2023 06:58:09 PM ObjectsSensorsParser: b"Object 'Citroen_C3_Hatchback_4' has no Amesim Dynamics configured"
09/06/2023 06:58:09 PM ObjectsSensorsParser: b"WorldObject 'Citroen_C3_Hatchback_4' has no active trajectory"
